[0.220s] Invoking command in '/workspaces/ros2/swerve_robot/build/swerve_robot_description': CMAKE_PREFIX_PATH=${CMAKE_PREFIX_PATH}:/workspaces/ros2/swerve_robot/install/swerve_robot_gazebo:/workspaces/ros2/swerve_robot/install/swerve_controller:/workspaces/ros2/turtlebot3_ws/install/turtlebot3_teleop:/workspaces/ros2/turtlebot3_ws/install/turtlebot3_example:/workspaces/ros2/ros2_ws/install/turtlebot3_static_path:/opt/ros/humble /usr/bin/cmake /workspaces/ros2/swerve_robot/src/swerve_robot_description -DCMAKE_INSTALL_PREFIX=/workspaces/ros2/swerve_robot/install/swerve_robot_description
[0.265s] -- The C compiler identification is GNU 11.4.0
[0.318s] -- The CXX compiler identification is GNU 11.4.0
[0.327s] -- Detecting C compiler ABI info
[0.385s] -- Detecting C compiler ABI info - done
[0.396s] -- Check for working C compiler: /usr/bin/cc - skipped
[0.396s] -- Detecting C compile features
[0.396s] -- Detecting C compile features - done
[0.397s] -- Detecting CXX compiler ABI info
[0.474s] -- Detecting CXX compiler ABI info - done
[0.482s] -- Check for working CXX compiler: /usr/bin/c++ - skipped
[0.482s] -- Detecting CXX compile features
[0.483s] -- Detecting CXX compile features - done
[0.488s] -- Found ament_cmake: 1.3.11 (/opt/ros/humble/share/ament_cmake/cmake)
[0.644s] -- Found Python3: /usr/bin/python3 (found version "3.10.12") found components: Interpreter 
[0.766s] -- Found xacro: 2.0.8 (/opt/ros/humble/share/xacro/cmake)
[0.770s] -- Found urdf: 2.6.1 (/opt/ros/humble/share/urdf/cmake)
[0.906s] -- Configuring done
[0.908s] -- Generating done
[0.910s] -- Build files have been written to: /workspaces/ros2/swerve_robot/build/swerve_robot_description
[0.918s] Invoked command in '/workspaces/ros2/swerve_robot/build/swerve_robot_description' returned '0': CMAKE_PREFIX_PATH=${CMAKE_PREFIX_PATH}:/workspaces/ros2/swerve_robot/install/swerve_robot_gazebo:/workspaces/ros2/swerve_robot/install/swerve_controller:/workspaces/ros2/turtlebot3_ws/install/turtlebot3_teleop:/workspaces/ros2/turtlebot3_ws/install/turtlebot3_example:/workspaces/ros2/ros2_ws/install/turtlebot3_static_path:/opt/ros/humble /usr/bin/cmake /workspaces/ros2/swerve_robot/src/swerve_robot_description -DCMAKE_INSTALL_PREFIX=/workspaces/ros2/swerve_robot/install/swerve_robot_description
[0.918s] Invoking command in '/workspaces/ros2/swerve_robot/build/swerve_robot_description': CMAKE_PREFIX_PATH=${CMAKE_PREFIX_PATH}:/workspaces/ros2/swerve_robot/install/swerve_robot_gazebo:/workspaces/ros2/swerve_robot/install/swerve_controller:/workspaces/ros2/turtlebot3_ws/install/turtlebot3_teleop:/workspaces/ros2/turtlebot3_ws/install/turtlebot3_example:/workspaces/ros2/ros2_ws/install/turtlebot3_static_path:/opt/ros/humble /usr/bin/cmake --build /workspaces/ros2/swerve_robot/build/swerve_robot_description -- -j8 -l8
[0.951s] Invoked command in '/workspaces/ros2/swerve_robot/build/swerve_robot_description' returned '0': CMAKE_PREFIX_PATH=${CMAKE_PREFIX_PATH}:/workspaces/ros2/swerve_robot/install/swerve_robot_gazebo:/workspaces/ros2/swerve_robot/install/swerve_controller:/workspaces/ros2/turtlebot3_ws/install/turtlebot3_teleop:/workspaces/ros2/turtlebot3_ws/install/turtlebot3_example:/workspaces/ros2/ros2_ws/install/turtlebot3_static_path:/opt/ros/humble /usr/bin/cmake --build /workspaces/ros2/swerve_robot/build/swerve_robot_description -- -j8 -l8
[0.959s] Invoking command in '/workspaces/ros2/swerve_robot/build/swerve_robot_description': CMAKE_PREFIX_PATH=${CMAKE_PREFIX_PATH}:/workspaces/ros2/swerve_robot/install/swerve_robot_gazebo:/workspaces/ros2/swerve_robot/install/swerve_controller:/workspaces/ros2/turtlebot3_ws/install/turtlebot3_teleop:/workspaces/ros2/turtlebot3_ws/install/turtlebot3_example:/workspaces/ros2/ros2_ws/install/turtlebot3_static_path:/opt/ros/humble /usr/bin/cmake --install /workspaces/ros2/swerve_robot/build/swerve_robot_description
[0.965s] -- Install configuration: ""
[0.965s] -- Installing: /workspaces/ros2/swerve_robot/install/swerve_robot_description/share/swerve_robot_description/config
[0.965s] -- Installing: /workspaces/ros2/swerve_robot/install/swerve_robot_description/share/swerve_robot_description/config/sim_controllers.yaml
[0.965s] -- Installing: /workspaces/ros2/swerve_robot/install/swerve_robot_description/share/swerve_robot_description/launch
[0.966s] -- Installing: /workspaces/ros2/swerve_robot/install/swerve_robot_description/share/swerve_robot_description/launch/description.launch.py
[0.966s] -- Installing: /workspaces/ros2/swerve_robot/install/swerve_robot_description/share/swerve_robot_description/launch/rviz.launch.py
[0.966s] -- Installing: /workspaces/ros2/swerve_robot/install/swerve_robot_description/share/swerve_robot_description/meshes
[0.966s] -- Installing: /workspaces/ros2/swerve_robot/install/swerve_robot_description/share/swerve_robot_description/meshes/base_link.dae
[0.966s] -- Installing: /workspaces/ros2/swerve_robot/install/swerve_robot_description/share/swerve_robot_description/meshes/rear_left_wheel_link.dae
[0.966s] -- Installing: /workspaces/ros2/swerve_robot/install/swerve_robot_description/share/swerve_robot_description/meshes/front_right_steering_link.dae
[0.966s] -- Installing: /workspaces/ros2/swerve_robot/install/swerve_robot_description/share/swerve_robot_description/meshes/front_left_wheel_link.dae
[0.966s] -- Installing: /workspaces/ros2/swerve_robot/install/swerve_robot_description/share/swerve_robot_description/meshes/front_left_steering_link.dae
[0.967s] -- Installing: /workspaces/ros2/swerve_robot/install/swerve_robot_description/share/swerve_robot_description/meshes/front_right_wheel_link.dae
[0.967s] -- Installing: /workspaces/ros2/swerve_robot/install/swerve_robot_description/share/swerve_robot_description/meshes/rear_right_wheel_link.dae
[0.967s] -- Installing: /workspaces/ros2/swerve_robot/install/swerve_robot_description/share/swerve_robot_description/meshes/rear_right_steering_link.dae
[0.967s] -- Installing: /workspaces/ros2/swerve_robot/install/swerve_robot_description/share/swerve_robot_description/meshes/rear_left_steering_link.dae
[0.967s] -- Installing: /workspaces/ros2/swerve_robot/install/swerve_robot_description/share/swerve_robot_description/rviz
[0.967s] -- Installing: /workspaces/ros2/swerve_robot/install/swerve_robot_description/share/swerve_robot_description/rviz/description.rviz
[0.967s] -- Installing: /workspaces/ros2/swerve_robot/install/swerve_robot_description/share/swerve_robot_description/urdf
[0.968s] -- Installing: /workspaces/ros2/swerve_robot/install/swerve_robot_description/share/swerve_robot_description/urdf/include
[0.968s] -- Installing: /workspaces/ros2/swerve_robot/install/swerve_robot_description/share/swerve_robot_description/urdf/include/swerve_ros2_control.xacro
[0.968s] -- Installing: /workspaces/ros2/swerve_robot/install/swerve_robot_description/share/swerve_robot_description/urdf/include/robot_parts
[0.968s] -- Installing: /workspaces/ros2/swerve_robot/install/swerve_robot_description/share/swerve_robot_description/urdf/include/robot_parts/chassis.xacro
[0.968s] -- Installing: /workspaces/ros2/swerve_robot/install/swerve_robot_description/share/swerve_robot_description/urdf/include/robot_parts/steering.xacro
[0.968s] -- Installing: /workspaces/ros2/swerve_robot/install/swerve_robot_description/share/swerve_robot_description/urdf/include/robot_parts/wheel.xacro
[0.968s] -- Installing: /workspaces/ros2/swerve_robot/install/swerve_robot_description/share/swerve_robot_description/urdf/include/swerve_robot_base.xacro
[0.968s] -- Installing: /workspaces/ros2/swerve_robot/install/swerve_robot_description/share/swerve_robot_description/urdf/swerve_robot.xacro
[0.968s] -- Installing: /workspaces/ros2/swerve_robot/install/swerve_robot_description/share/ament_index/resource_index/package_run_dependencies/swerve_robot_description
[0.968s] -- Installing: /workspaces/ros2/swerve_robot/install/swerve_robot_description/share/ament_index/resource_index/parent_prefix_path/swerve_robot_description
[0.968s] -- Installing: /workspaces/ros2/swerve_robot/install/swerve_robot_description/share/swerve_robot_description/environment/ament_prefix_path.sh
[0.968s] -- Installing: /workspaces/ros2/swerve_robot/install/swerve_robot_description/share/swerve_robot_description/environment/ament_prefix_path.dsv
[0.968s] -- Installing: /workspaces/ros2/swerve_robot/install/swerve_robot_description/share/swerve_robot_description/environment/path.sh
[0.968s] -- Installing: /workspaces/ros2/swerve_robot/install/swerve_robot_description/share/swerve_robot_description/environment/path.dsv
[0.968s] -- Installing: /workspaces/ros2/swerve_robot/install/swerve_robot_description/share/swerve_robot_description/local_setup.bash
[0.969s] -- Installing: /workspaces/ros2/swerve_robot/install/swerve_robot_description/share/swerve_robot_description/local_setup.sh
[0.969s] -- Installing: /workspaces/ros2/swerve_robot/install/swerve_robot_description/share/swerve_robot_description/local_setup.zsh
[0.969s] -- Installing: /workspaces/ros2/swerve_robot/install/swerve_robot_description/share/swerve_robot_description/local_setup.dsv
[0.969s] -- Installing: /workspaces/ros2/swerve_robot/install/swerve_robot_description/share/swerve_robot_description/package.dsv
[0.969s] -- Installing: /workspaces/ros2/swerve_robot/install/swerve_robot_description/share/ament_index/resource_index/packages/swerve_robot_description
[0.969s] -- Installing: /workspaces/ros2/swerve_robot/install/swerve_robot_description/share/swerve_robot_description/cmake/ament_cmake_export_dependencies-extras.cmake
[0.969s] -- Installing: /workspaces/ros2/swerve_robot/install/swerve_robot_description/share/swerve_robot_description/cmake/swerve_robot_descriptionConfig.cmake
[0.969s] -- Installing: /workspaces/ros2/swerve_robot/install/swerve_robot_description/share/swerve_robot_description/cmake/swerve_robot_descriptionConfig-version.cmake
[0.969s] -- Installing: /workspaces/ros2/swerve_robot/install/swerve_robot_description/share/swerve_robot_description/package.xml
[0.971s] Invoked command in '/workspaces/ros2/swerve_robot/build/swerve_robot_description' returned '0': CMAKE_PREFIX_PATH=${CMAKE_PREFIX_PATH}:/workspaces/ros2/swerve_robot/install/swerve_robot_gazebo:/workspaces/ros2/swerve_robot/install/swerve_controller:/workspaces/ros2/turtlebot3_ws/install/turtlebot3_teleop:/workspaces/ros2/turtlebot3_ws/install/turtlebot3_example:/workspaces/ros2/ros2_ws/install/turtlebot3_static_path:/opt/ros/humble /usr/bin/cmake --install /workspaces/ros2/swerve_robot/build/swerve_robot_description
