[2.024s] Invoking command in '/workspaces/ros2/swerve_robot/src/swerve_controller': PYTHONPATH=/workspaces/ros2/swerve_robot/build/swerve_controller/prefix_override:/usr/lib/python3/dist-packages/colcon_core/task/python/colcon_distutils_commands:/workspaces/ros2/swerve_robot/install/swerve_controller/lib/python3.10/site-packages:${PYTHONPATH} /usr/bin/python3 -W ignore:setup.py install is deprecated -W ignore:easy_install command is deprecated setup.py egg_info --egg-base ../../build/swerve_controller build --build-base /workspaces/ros2/swerve_robot/build/swerve_controller/build install --record /workspaces/ros2/swerve_robot/build/swerve_controller/install.log --single-version-externally-managed install_data
[2.700s] running egg_info
[2.703s] writing ../../build/swerve_controller/swerve_controller.egg-info/PKG-INFO
[2.703s] writing dependency_links to ../../build/swerve_controller/swerve_controller.egg-info/dependency_links.txt
[2.703s] writing entry points to ../../build/swerve_controller/swerve_controller.egg-info/entry_points.txt
[2.706s] writing requirements to ../../build/swerve_controller/swerve_controller.egg-info/requires.txt
[2.707s] writing top-level names to ../../build/swerve_controller/swerve_controller.egg-info/top_level.txt
[2.711s] reading manifest file '../../build/swerve_controller/swerve_controller.egg-info/SOURCES.txt'
[2.711s] writing manifest file '../../build/swerve_controller/swerve_controller.egg-info/SOURCES.txt'
[2.712s] running build
[2.712s] running build_py
[2.712s] copying swerve_controller/swerve_serial_publisher.py -> /workspaces/ros2/swerve_robot/build/swerve_controller/build/lib/swerve_controller
[2.714s] running install
[2.715s] running install_lib
[2.717s] copying /workspaces/ros2/swerve_robot/build/swerve_controller/build/lib/swerve_controller/swerve_serial_publisher.py -> /workspaces/ros2/swerve_robot/install/swerve_controller/lib/python3.10/site-packages/swerve_controller
[2.719s] byte-compiling /workspaces/ros2/swerve_robot/install/swerve_controller/lib/python3.10/site-packages/swerve_controller/swerve_serial_publisher.py to swerve_serial_publisher.cpython-310.pyc
[2.723s] running install_data
[2.725s] copying swerve_controller/swerve_serial_publisher.py -> /workspaces/ros2/swerve_robot/install/swerve_controller/share/swerve_controller/swerve_controller
[2.725s] running install_egg_info
[2.730s] removing '/workspaces/ros2/swerve_robot/install/swerve_controller/lib/python3.10/site-packages/swerve_controller-0.1.0-py3.10.egg-info' (and everything under it)
[2.732s] Copying ../../build/swerve_controller/swerve_controller.egg-info to /workspaces/ros2/swerve_robot/install/swerve_controller/lib/python3.10/site-packages/swerve_controller-0.1.0-py3.10.egg-info
[2.732s] running install_scripts
[2.799s] Installing swerve_serial_publisher script to /workspaces/ros2/swerve_robot/install/swerve_controller/lib/swerve_controller
[2.800s] Installing wheel_cmd_publisher script to /workspaces/ros2/swerve_robot/install/swerve_controller/lib/swerve_controller
[2.801s] Installing wheel_odometry script to /workspaces/ros2/swerve_robot/install/swerve_controller/lib/swerve_controller
[2.801s] writing list of installed files to '/workspaces/ros2/swerve_robot/build/swerve_controller/install.log'
[2.865s] Invoked command in '/workspaces/ros2/swerve_robot/src/swerve_controller' returned '0': PYTHONPATH=/workspaces/ros2/swerve_robot/build/swerve_controller/prefix_override:/usr/lib/python3/dist-packages/colcon_core/task/python/colcon_distutils_commands:/workspaces/ros2/swerve_robot/install/swerve_controller/lib/python3.10/site-packages:${PYTHONPATH} /usr/bin/python3 -W ignore:setup.py install is deprecated -W ignore:easy_install command is deprecated setup.py egg_info --egg-base ../../build/swerve_controller build --build-base /workspaces/ros2/swerve_robot/build/swerve_controller/build install --record /workspaces/ros2/swerve_robot/build/swerve_controller/install.log --single-version-externally-managed install_data
