[0.164s] DEBUG:colcon:Command line arguments: ['/usr/bin/colcon', 'build', '--packages-select', 'swerve_controller']
[0.164s] DEBUG:colcon:Parsed command line arguments: Namespace(log_base=None, log_level=None, verb_name='build', build_base='build', install_base='install', merge_install=False, symlink_install=False, test_result_base=None, continue_on_error=False, executor='parallel', parallel_workers=4, event_handlers=None, ignore_user_meta=False, metas=['./colcon.meta'], base_paths=['.'], packages_ignore=None, packages_ignore_regex=None, paths=None, packages_up_to=None, packages_up_to_regex=None, packages_above=None, packages_above_and_dependencies=None, packages_above_depth=None, packages_select_by_dep=None, packages_skip_by_dep=None, packages_skip_up_to=None, packages_select_build_failed=False, packages_skip_build_finished=False, packages_select_test_failures=False, packages_skip_test_passed=False, packages_select=['swerve_controller'], packages_skip=None, packages_select_regex=None, packages_skip_regex=None, packages_start=None, packages_end=None, cmake_args=None, cmake_target=None, cmake_target_skip_unavailable=False, cmake_clean_cache=False, cmake_clean_first=False, cmake_force_configure=False, ament_cmake_args=None, catkin_cmake_args=None, catkin_skip_building_tests=False, mixin_files=None, mixin=None, verb_parser=<colcon_mixin.mixin.mixin_argument.MixinArgumentDecorator object at 0xffff93106800>, verb_extension=<colcon_core.verb.build.BuildVerb object at 0xffff93243730>, main=<bound method BuildVerb.main of <colcon_core.verb.build.BuildVerb object at 0xffff93243730>>, mixin_verb=('build',))
[0.401s] Level 1:colcon.colcon_core.package_discovery:discover_packages(colcon_meta) check parameters
[0.401s] Level 1:colcon.colcon_core.package_discovery:discover_packages(recursive) check parameters
[0.401s] Level 1:colcon.colcon_core.package_discovery:discover_packages(ignore) check parameters
[0.401s] Level 1:colcon.colcon_core.package_discovery:discover_packages(path) check parameters
[0.401s] Level 1:colcon.colcon_core.package_discovery:discover_packages(colcon_meta) discover
[0.401s] Level 1:colcon.colcon_core.package_discovery:discover_packages(recursive) discover
[0.401s] INFO:colcon.colcon_core.package_discovery:Crawling recursively for packages in '/workspaces/ros2-workspace/swerve_robot'
[0.402s] Level 1:colcon.colcon_core.package_identification:_identify(.) by extensions ['ignore', 'ignore_ament_install']
[0.402s] Level 1:colcon.colcon_core.package_identification:_identify(.) by extension 'ignore'
[0.402s] Level 1:colcon.colcon_core.package_identification:_identify(.) by extension 'ignore_ament_install'
[0.402s] Level 1:colcon.colcon_core.package_identification:_identify(.) by extensions ['colcon_pkg']
[0.402s] Level 1:colcon.colcon_core.package_identification:_identify(.) by extension 'colcon_pkg'
[0.402s] Level 1:colcon.colcon_core.package_identification:_identify(.) by extensions ['colcon_meta']
[0.402s] Level 1:colcon.colcon_core.package_identification:_identify(.) by extension 'colcon_meta'
[0.402s] Level 1:colcon.colcon_core.package_identification:_identify(.) by extensions ['ros']
[0.402s] Level 1:colcon.colcon_core.package_identification:_identify(.) by extension 'ros'
[0.432s] Level 1:colcon.colcon_core.package_identification:_identify(.) by extensions ['cmake', 'python']
[0.432s] Level 1:colcon.colcon_core.package_identification:_identify(.) by extension 'cmake'
[0.432s] Level 1:colcon.colcon_core.package_identification:_identify(.) by extension 'python'
[0.432s] Level 1:colcon.colcon_core.package_identification:_identify(.) by extensions ['python_setup_py']
[0.432s] Level 1:colcon.colcon_core.package_identification:_identify(.) by extension 'python_setup_py'
[0.433s] Level 1:colcon.colcon_core.package_identification:_identify(build) by extensions ['ignore', 'ignore_ament_install']
[0.433s] Level 1:colcon.colcon_core.package_identification:_identify(build) by extension 'ignore'
[0.433s] Level 1:colcon.colcon_core.package_identification:_identify(build) ignored
[0.433s] Level 1:colcon.colcon_core.package_identification:_identify(install) by extensions ['ignore', 'ignore_ament_install']
[0.433s] Level 1:colcon.colcon_core.package_identification:_identify(install) by extension 'ignore'
[0.433s] Level 1:colcon.colcon_core.package_identification:_identify(install) ignored
[0.434s] Level 1:colcon.colcon_core.package_identification:_identify(log) by extensions ['ignore', 'ignore_ament_install']
[0.434s] Level 1:colcon.colcon_core.package_identification:_identify(log) by extension 'ignore'
[0.434s] Level 1:colcon.colcon_core.package_identification:_identify(log) ignored
[0.434s] Level 1:colcon.colcon_core.package_identification:_identify(src) by extensions ['ignore', 'ignore_ament_install']
[0.434s] Level 1:colcon.colcon_core.package_identification:_identify(src) by extension 'ignore'
[0.434s] Level 1:colcon.colcon_core.package_identification:_identify(src) by extension 'ignore_ament_install'
[0.434s] Level 1:colcon.colcon_core.package_identification:_identify(src) by extensions ['colcon_pkg']
[0.434s] Level 1:colcon.colcon_core.package_identification:_identify(src) by extension 'colcon_pkg'
[0.434s] Level 1:colcon.colcon_core.package_identification:_identify(src) by extensions ['colcon_meta']
[0.434s] Level 1:colcon.colcon_core.package_identification:_identify(src) by extension 'colcon_meta'
[0.434s] Level 1:colcon.colcon_core.package_identification:_identify(src) by extensions ['ros']
[0.434s] Level 1:colcon.colcon_core.package_identification:_identify(src) by extension 'ros'
[0.435s] Level 1:colcon.colcon_core.package_identification:_identify(src) by extensions ['cmake', 'python']
[0.435s] Level 1:colcon.colcon_core.package_identification:_identify(src) by extension 'cmake'
[0.435s] Level 1:colcon.colcon_core.package_identification:_identify(src) by extension 'python'
[0.435s] Level 1:colcon.colcon_core.package_identification:_identify(src) by extensions ['python_setup_py']
[0.435s] Level 1:colcon.colcon_core.package_identification:_identify(src) by extension 'python_setup_py'
[0.435s] Level 1:colcon.colcon_core.package_identification:_identify(src/swerve_controller) by extensions ['ignore', 'ignore_ament_install']
[0.435s] Level 1:colcon.colcon_core.package_identification:_identify(src/swerve_controller) by extension 'ignore'
[0.435s] Level 1:colcon.colcon_core.package_identification:_identify(src/swerve_controller) by extension 'ignore_ament_install'
[0.435s] Level 1:colcon.colcon_core.package_identification:_identify(src/swerve_controller) by extensions ['colcon_pkg']
[0.435s] Level 1:colcon.colcon_core.package_identification:_identify(src/swerve_controller) by extension 'colcon_pkg'
[0.435s] Level 1:colcon.colcon_core.package_identification:_identify(src/swerve_controller) by extensions ['colcon_meta']
[0.435s] Level 1:colcon.colcon_core.package_identification:_identify(src/swerve_controller) by extension 'colcon_meta'
[0.435s] Level 1:colcon.colcon_core.package_identification:_identify(src/swerve_controller) by extensions ['ros']
[0.435s] Level 1:colcon.colcon_core.package_identification:_identify(src/swerve_controller) by extension 'ros'
[0.442s] DEBUG:colcon.colcon_core.package_identification:Package 'src/swerve_controller' with type 'ros.ament_python' and name 'swerve_controller'
[0.443s] Level 1:colcon.colcon_core.package_identification:_identify(src/swerve_robot_description) by extensions ['ignore', 'ignore_ament_install']
[0.443s] Level 1:colcon.colcon_core.package_identification:_identify(src/swerve_robot_description) by extension 'ignore'
[0.443s] Level 1:colcon.colcon_core.package_identification:_identify(src/swerve_robot_description) by extension 'ignore_ament_install'
[0.443s] Level 1:colcon.colcon_core.package_identification:_identify(src/swerve_robot_description) by extensions ['colcon_pkg']
[0.443s] Level 1:colcon.colcon_core.package_identification:_identify(src/swerve_robot_description) by extension 'colcon_pkg'
[0.443s] Level 1:colcon.colcon_core.package_identification:_identify(src/swerve_robot_description) by extensions ['colcon_meta']
[0.443s] Level 1:colcon.colcon_core.package_identification:_identify(src/swerve_robot_description) by extension 'colcon_meta'
[0.443s] Level 1:colcon.colcon_core.package_identification:_identify(src/swerve_robot_description) by extensions ['ros']
[0.443s] Level 1:colcon.colcon_core.package_identification:_identify(src/swerve_robot_description) by extension 'ros'
[0.445s] DEBUG:colcon.colcon_core.package_identification:Package 'src/swerve_robot_description' with type 'ros.ament_cmake' and name 'swerve_robot_description'
[0.445s] Level 1:colcon.colcon_core.package_identification:_identify(src/swerve_robot_gazebo) by extensions ['ignore', 'ignore_ament_install']
[0.445s] Level 1:colcon.colcon_core.package_identification:_identify(src/swerve_robot_gazebo) by extension 'ignore'
[0.445s] Level 1:colcon.colcon_core.package_identification:_identify(src/swerve_robot_gazebo) by extension 'ignore_ament_install'
[0.445s] Level 1:colcon.colcon_core.package_identification:_identify(src/swerve_robot_gazebo) by extensions ['colcon_pkg']
[0.446s] Level 1:colcon.colcon_core.package_identification:_identify(src/swerve_robot_gazebo) by extension 'colcon_pkg'
[0.446s] Level 1:colcon.colcon_core.package_identification:_identify(src/swerve_robot_gazebo) by extensions ['colcon_meta']
[0.446s] Level 1:colcon.colcon_core.package_identification:_identify(src/swerve_robot_gazebo) by extension 'colcon_meta'
[0.446s] Level 1:colcon.colcon_core.package_identification:_identify(src/swerve_robot_gazebo) by extensions ['ros']
[0.446s] Level 1:colcon.colcon_core.package_identification:_identify(src/swerve_robot_gazebo) by extension 'ros'
[0.448s] DEBUG:colcon.colcon_core.package_identification:Package 'src/swerve_robot_gazebo' with type 'ros.ament_python' and name 'swerve_robot_gazebo'
[0.448s] Level 1:colcon.colcon_core.package_discovery:discover_packages(recursive) using defaults
[0.448s] Level 1:colcon.colcon_core.package_discovery:discover_packages(ignore) discover
[0.448s] Level 1:colcon.colcon_core.package_discovery:discover_packages(ignore) using defaults
[0.448s] Level 1:colcon.colcon_core.package_discovery:discover_packages(path) discover
[0.448s] Level 1:colcon.colcon_core.package_discovery:discover_packages(path) using defaults
[0.478s] INFO:colcon.colcon_core.package_selection:Skipping not selected package 'swerve_robot_description' in 'src/swerve_robot_description'
[0.479s] INFO:colcon.colcon_core.package_selection:Skipping not selected package 'swerve_robot_gazebo' in 'src/swerve_robot_gazebo'
[0.479s] Level 5:colcon.colcon_core.verb:set package 'swerve_controller' build argument 'cmake_args' from command line to 'None'
[0.479s] Level 5:colcon.colcon_core.verb:set package 'swerve_controller' build argument 'cmake_target' from command line to 'None'
[0.479s] Level 5:colcon.colcon_core.verb:set package 'swerve_controller' build argument 'cmake_target_skip_unavailable' from command line to 'False'
[0.479s] Level 5:colcon.colcon_core.verb:set package 'swerve_controller' build argument 'cmake_clean_cache' from command line to 'False'
[0.479s] Level 5:colcon.colcon_core.verb:set package 'swerve_controller' build argument 'cmake_clean_first' from command line to 'False'
[0.479s] Level 5:colcon.colcon_core.verb:set package 'swerve_controller' build argument 'cmake_force_configure' from command line to 'False'
[0.479s] Level 5:colcon.colcon_core.verb:set package 'swerve_controller' build argument 'ament_cmake_args' from command line to 'None'
[0.479s] Level 5:colcon.colcon_core.verb:set package 'swerve_controller' build argument 'catkin_cmake_args' from command line to 'None'
[0.479s] Level 5:colcon.colcon_core.verb:set package 'swerve_controller' build argument 'catkin_skip_building_tests' from command line to 'False'
[0.479s] DEBUG:colcon.colcon_core.verb:Building package 'swerve_controller' with the following arguments: {'ament_cmake_args': None, 'build_base': '/workspaces/ros2-workspace/swerve_robot/build/swerve_controller', 'catkin_cmake_args': None, 'catkin_skip_building_tests': False, 'cmake_args': None, 'cmake_clean_cache': False, 'cmake_clean_first': False, 'cmake_force_configure': False, 'cmake_target': None, 'cmake_target_skip_unavailable': False, 'install_base': '/workspaces/ros2-workspace/swerve_robot/install/swerve_controller', 'merge_install': False, 'path': '/workspaces/ros2-workspace/swerve_robot/src/swerve_controller', 'symlink_install': False, 'test_result_base': None}
[0.480s] INFO:colcon.colcon_core.executor:Executing jobs using 'parallel' executor
[0.481s] DEBUG:colcon.colcon_parallel_executor.executor.parallel:run_until_complete
[0.482s] INFO:colcon.colcon_ros.task.ament_python.build:Building ROS package in '/workspaces/ros2-workspace/swerve_robot/src/swerve_controller' with build type 'ament_python'
[0.482s] Level 1:colcon.colcon_core.shell:create_environment_hook('swerve_controller', 'ament_prefix_path')
[0.489s] INFO:colcon.colcon_core.plugin_system:Skipping extension 'colcon_core.shell.bat': Not used on non-Windows systems
[0.490s] INFO:colcon.colcon_core.shell:Creating environment hook '/workspaces/ros2-workspace/swerve_robot/install/swerve_controller/share/swerve_controller/hook/ament_prefix_path.ps1'
[0.491s] INFO:colcon.colcon_core.shell:Creating environment descriptor '/workspaces/ros2-workspace/swerve_robot/install/swerve_controller/share/swerve_controller/hook/ament_prefix_path.dsv'
[0.493s] INFO:colcon.colcon_core.shell:Creating environment hook '/workspaces/ros2-workspace/swerve_robot/install/swerve_controller/share/swerve_controller/hook/ament_prefix_path.sh'
[0.495s] INFO:colcon.colcon_core.shell:Skip shell extension 'powershell' for command environment: Not usable outside of PowerShell
[0.495s] DEBUG:colcon.colcon_core.shell:Skip shell extension 'dsv' for command environment
[0.828s] INFO:colcon.colcon_core.task.python.build:Building Python package in '/workspaces/ros2-workspace/swerve_robot/src/swerve_controller'
[0.829s] INFO:colcon.colcon_core.shell:Skip shell extension 'powershell' for command environment: Not usable outside of PowerShell
[0.829s] DEBUG:colcon.colcon_core.shell:Skip shell extension 'dsv' for command environment
[1.400s] DEBUG:colcon.colcon_core.event_handler.log_command:Invoking command in '/workspaces/ros2-workspace/swerve_robot/src/swerve_controller': PYTHONPATH=/workspaces/ros2-workspace/swerve_robot/build/swerve_controller/prefix_override:/usr/lib/python3/dist-packages/colcon_core/task/python/colcon_distutils_commands:/workspaces/ros2-workspace/swerve_robot/install/swerve_controller/lib/python3.10/site-packages:${PYTHONPATH} /usr/bin/python3 -W ignore:setup.py install is deprecated -W ignore:easy_install command is deprecated setup.py egg_info --egg-base ../../build/swerve_controller build --build-base /workspaces/ros2-workspace/swerve_robot/build/swerve_controller/build install --record /workspaces/ros2-workspace/swerve_robot/build/swerve_controller/install.log --single-version-externally-managed install_data
[1.866s] DEBUG:colcon.colcon_core.event_handler.log_command:Invoked command in '/workspaces/ros2-workspace/swerve_robot/src/swerve_controller' returned '0': PYTHONPATH=/workspaces/ros2-workspace/swerve_robot/build/swerve_controller/prefix_override:/usr/lib/python3/dist-packages/colcon_core/task/python/colcon_distutils_commands:/workspaces/ros2-workspace/swerve_robot/install/swerve_controller/lib/python3.10/site-packages:${PYTHONPATH} /usr/bin/python3 -W ignore:setup.py install is deprecated -W ignore:easy_install command is deprecated setup.py egg_info --egg-base ../../build/swerve_controller build --build-base /workspaces/ros2-workspace/swerve_robot/build/swerve_controller/build install --record /workspaces/ros2-workspace/swerve_robot/build/swerve_controller/install.log --single-version-externally-managed install_data
[1.874s] Level 1:colcon.colcon_core.environment:checking '/workspaces/ros2-workspace/swerve_robot/install/swerve_controller' for CMake module files
[1.874s] Level 1:colcon.colcon_core.environment:checking '/workspaces/ros2-workspace/swerve_robot/install/swerve_controller' for CMake config files
[1.875s] Level 1:colcon.colcon_core.environment:checking '/workspaces/ros2-workspace/swerve_robot/install/swerve_controller/lib'
[1.876s] Level 1:colcon.colcon_core.environment:checking '/workspaces/ros2-workspace/swerve_robot/install/swerve_controller/bin'
[1.876s] Level 1:colcon.colcon_core.environment:checking '/workspaces/ros2-workspace/swerve_robot/install/swerve_controller/lib/pkgconfig/swerve_controller.pc'
[1.876s] Level 1:colcon.colcon_core.environment:checking '/workspaces/ros2-workspace/swerve_robot/install/swerve_controller/lib/python3.10/site-packages'
[1.876s] Level 1:colcon.colcon_core.shell:create_environment_hook('swerve_controller', 'pythonpath')
[1.877s] INFO:colcon.colcon_core.shell:Creating environment hook '/workspaces/ros2-workspace/swerve_robot/install/swerve_controller/share/swerve_controller/hook/pythonpath.ps1'
[1.878s] INFO:colcon.colcon_core.shell:Creating environment descriptor '/workspaces/ros2-workspace/swerve_robot/install/swerve_controller/share/swerve_controller/hook/pythonpath.dsv'
[1.882s] INFO:colcon.colcon_core.shell:Creating environment hook '/workspaces/ros2-workspace/swerve_robot/install/swerve_controller/share/swerve_controller/hook/pythonpath.sh'
[1.885s] Level 1:colcon.colcon_core.environment:checking '/workspaces/ros2-workspace/swerve_robot/install/swerve_controller/bin'
[1.885s] Level 1:colcon.colcon_core.environment:create_environment_scripts_only(swerve_controller)
[1.885s] INFO:colcon.colcon_core.shell:Creating package script '/workspaces/ros2-workspace/swerve_robot/install/swerve_controller/share/swerve_controller/package.ps1'
[1.888s] INFO:colcon.colcon_core.shell:Creating package descriptor '/workspaces/ros2-workspace/swerve_robot/install/swerve_controller/share/swerve_controller/package.dsv'
[1.890s] INFO:colcon.colcon_core.shell:Creating package script '/workspaces/ros2-workspace/swerve_robot/install/swerve_controller/share/swerve_controller/package.sh'
[1.892s] INFO:colcon.colcon_core.shell:Creating package script '/workspaces/ros2-workspace/swerve_robot/install/swerve_controller/share/swerve_controller/package.bash'
[1.894s] INFO:colcon.colcon_core.shell:Creating package script '/workspaces/ros2-workspace/swerve_robot/install/swerve_controller/share/swerve_controller/package.zsh'
[1.896s] Level 1:colcon.colcon_core.environment:create_file_with_runtime_dependencies(/workspaces/ros2-workspace/swerve_robot/install/swerve_controller/share/colcon-core/packages/swerve_controller)
[1.899s] DEBUG:colcon.colcon_parallel_executor.executor.parallel:closing loop
[1.900s] DEBUG:colcon.colcon_parallel_executor.executor.parallel:loop closed
[1.900s] DEBUG:colcon.colcon_parallel_executor.executor.parallel:run_until_complete finished with '0'
[1.901s] DEBUG:colcon.colcon_core.event_reactor:joining thread
[1.916s] INFO:colcon.colcon_core.plugin_system:Skipping extension 'colcon_notification.desktop_notification.notify_send': Could not find 'notify-send'
[1.916s] INFO:colcon.colcon_core.plugin_system:Skipping extension 'colcon_notification.desktop_notification.terminal_notifier': Not used on non-Darwin systems
[1.916s] INFO:colcon.colcon_core.plugin_system:Skipping extension 'colcon_notification.desktop_notification.win32': Not used on non-Windows systems
[1.916s] INFO:colcon.colcon_notification.desktop_notification:Sending desktop notification using 'notify2'
[1.921s] DEBUG:colcon.colcon_notification.desktop_notification.notify2:Failed to initialize notify2: org.freedesktop.DBus.Error.Spawn.ExecFailed: /usr/bin/dbus-launch terminated abnormally without any error message
[1.921s] DEBUG:colcon.colcon_core.event_reactor:joined thread
[1.922s] INFO:colcon.colcon_core.shell:Creating prefix script '/workspaces/ros2-workspace/swerve_robot/install/local_setup.ps1'
[1.924s] INFO:colcon.colcon_core.shell:Creating prefix util module '/workspaces/ros2-workspace/swerve_robot/install/_local_setup_util_ps1.py'
[1.928s] INFO:colcon.colcon_core.shell:Creating prefix chain script '/workspaces/ros2-workspace/swerve_robot/install/setup.ps1'
[1.932s] INFO:colcon.colcon_core.shell:Creating prefix script '/workspaces/ros2-workspace/swerve_robot/install/local_setup.sh'
[1.935s] INFO:colcon.colcon_core.shell:Creating prefix util module '/workspaces/ros2-workspace/swerve_robot/install/_local_setup_util_sh.py'
[1.940s] INFO:colcon.colcon_core.shell:Creating prefix chain script '/workspaces/ros2-workspace/swerve_robot/install/setup.sh'
[1.946s] INFO:colcon.colcon_core.shell:Creating prefix script '/workspaces/ros2-workspace/swerve_robot/install/local_setup.bash'
[1.949s] INFO:colcon.colcon_core.shell:Creating prefix chain script '/workspaces/ros2-workspace/swerve_robot/install/setup.bash'
[1.951s] INFO:colcon.colcon_core.shell:Creating prefix script '/workspaces/ros2-workspace/swerve_robot/install/local_setup.zsh'
[1.953s] INFO:colcon.colcon_core.shell:Creating prefix chain script '/workspaces/ros2-workspace/swerve_robot/install/setup.zsh'
