[0.809s] Invoking command in '/workspaces/ros2-workspace/swerve_robot/src/swerve_controller': PYTHONPATH=/workspaces/ros2-workspace/swerve_robot/build/swerve_controller/prefix_override:/usr/lib/python3/dist-packages/colcon_core/task/python/colcon_distutils_commands:/workspaces/ros2-workspace/swerve_robot/install/swerve_controller/lib/python3.10/site-packages:${PYTHONPATH} /usr/bin/python3 -W ignore:setup.py install is deprecated -W ignore:easy_install command is deprecated setup.py egg_info --egg-base ../../build/swerve_controller build --build-base /workspaces/ros2-workspace/swerve_robot/build/swerve_controller/build install --record /workspaces/ros2-workspace/swerve_robot/build/swerve_controller/install.log --single-version-externally-managed install_data
[1.068s] running egg_info
[1.069s] writing ../../build/swerve_controller/swerve_controller.egg-info/PKG-INFO
[1.069s] writing dependency_links to ../../build/swerve_controller/swerve_controller.egg-info/dependency_links.txt
[1.072s] writing entry points to ../../build/swerve_controller/swerve_controller.egg-info/entry_points.txt
[1.073s] writing requirements to ../../build/swerve_controller/swerve_controller.egg-info/requires.txt
[1.074s] writing top-level names to ../../build/swerve_controller/swerve_controller.egg-info/top_level.txt
[1.078s] reading manifest file '../../build/swerve_controller/swerve_controller.egg-info/SOURCES.txt'
[1.079s] writing manifest file '../../build/swerve_controller/swerve_controller.egg-info/SOURCES.txt'
[1.080s] running build
[1.080s] running build_py
[1.080s] running install
[1.081s] running install_lib
[1.083s] running install_data
[1.084s] running install_egg_info
[1.089s] removing '/workspaces/ros2-workspace/swerve_robot/install/swerve_controller/lib/python3.10/site-packages/swerve_controller-0.1.0-py3.10.egg-info' (and everything under it)
[1.090s] Copying ../../build/swerve_controller/swerve_controller.egg-info to /workspaces/ros2-workspace/swerve_robot/install/swerve_controller/lib/python3.10/site-packages/swerve_controller-0.1.0-py3.10.egg-info
[1.091s] running install_scripts
[1.124s] Installing swerve_auto_commander script to /workspaces/ros2-workspace/swerve_robot/install/swerve_controller/lib/swerve_controller
[1.124s] Installing swerve_commander script to /workspaces/ros2-workspace/swerve_robot/install/swerve_controller/lib/swerve_controller
[1.125s] Installing swerve_serial_publisher script to /workspaces/ros2-workspace/swerve_robot/install/swerve_controller/lib/swerve_controller
[1.125s] Installing wheel_cmd_publisher script to /workspaces/ros2-workspace/swerve_robot/install/swerve_controller/lib/swerve_controller
[1.126s] Installing wheel_odometry script to /workspaces/ros2-workspace/swerve_robot/install/swerve_controller/lib/swerve_controller
[1.127s] writing list of installed files to '/workspaces/ros2-workspace/swerve_robot/build/swerve_controller/install.log'
[1.191s] Invoked command in '/workspaces/ros2-workspace/swerve_robot/src/swerve_controller' returned '0': PYTHONPATH=/workspaces/ros2-workspace/swerve_robot/build/swerve_controller/prefix_override:/usr/lib/python3/dist-packages/colcon_core/task/python/colcon_distutils_commands:/workspaces/ros2-workspace/swerve_robot/install/swerve_controller/lib/python3.10/site-packages:${PYTHONPATH} /usr/bin/python3 -W ignore:setup.py install is deprecated -W ignore:easy_install command is deprecated setup.py egg_info --egg-base ../../build/swerve_controller build --build-base /workspaces/ros2-workspace/swerve_robot/build/swerve_controller/build install --record /workspaces/ros2-workspace/swerve_robot/build/swerve_controller/install.log --single-version-externally-managed install_data
