running egg_info
creating ../../build/swerve_robot_gazebo/swerve_robot_gazebo.egg-info
writing ../../build/swerve_robot_gazebo/swerve_robot_gazebo.egg-info/PKG-INFO
writing dependency_links to ../../build/swerve_robot_gazebo/swerve_robot_gazebo.egg-info/dependency_links.txt
writing entry points to ../../build/swerve_robot_gazebo/swerve_robot_gazebo.egg-info/entry_points.txt
writing requirements to ../../build/swerve_robot_gazebo/swerve_robot_gazebo.egg-info/requires.txt
writing top-level names to ../../build/swerve_robot_gazebo/swerve_robot_gazebo.egg-info/top_level.txt
writing manifest file '../../build/swerve_robot_gazebo/swerve_robot_gazebo.egg-info/SOURCES.txt'
reading manifest file '../../build/swerve_robot_gazebo/swerve_robot_gazebo.egg-info/SOURCES.txt'
writing manifest file '../../build/swerve_robot_gazebo/swerve_robot_gazebo.egg-info/SOURCES.txt'
running build
running build_py
creating /workspaces/ros2/swerve_robot/build/swerve_robot_gazebo/build
creating /workspaces/ros2/swerve_robot/build/swerve_robot_gazebo/build/lib
creating /workspaces/ros2/swerve_robot/build/swerve_robot_gazebo/build/lib/swerve_robot_gazebo
copying swerve_robot_gazebo/__init__.py -> /workspaces/ros2/swerve_robot/build/swerve_robot_gazebo/build/lib/swerve_robot_gazebo
running install
running install_lib
creating /workspaces/ros2/swerve_robot/install/swerve_robot_gazebo/lib/python3.10/site-packages/swerve_robot_gazebo
copying /workspaces/ros2/swerve_robot/build/swerve_robot_gazebo/build/lib/swerve_robot_gazebo/__init__.py -> /workspaces/ros2/swerve_robot/install/swerve_robot_gazebo/lib/python3.10/site-packages/swerve_robot_gazebo
byte-compiling /workspaces/ros2/swerve_robot/install/swerve_robot_gazebo/lib/python3.10/site-packages/swerve_robot_gazebo/__init__.py to __init__.cpython-310.pyc
running install_data
creating /workspaces/ros2/swerve_robot/install/swerve_robot_gazebo/share/ament_index
creating /workspaces/ros2/swerve_robot/install/swerve_robot_gazebo/share/ament_index/resource_index
creating /workspaces/ros2/swerve_robot/install/swerve_robot_gazebo/share/ament_index/resource_index/packages
copying resource/swerve_robot_gazebo -> /workspaces/ros2/swerve_robot/install/swerve_robot_gazebo/share/ament_index/resource_index/packages
copying package.xml -> /workspaces/ros2/swerve_robot/install/swerve_robot_gazebo/share/swerve_robot_gazebo
creating /workspaces/ros2/swerve_robot/install/swerve_robot_gazebo/share/swerve_robot_gazebo/launch
copying launch/teleop_joy.launch.py -> /workspaces/ros2/swerve_robot/install/swerve_robot_gazebo/share/swerve_robot_gazebo/launch
copying launch/spawn_swerve_robot.launch.py -> /workspaces/ros2/swerve_robot/install/swerve_robot_gazebo/share/swerve_robot_gazebo/launch
copying launch/sim.launch.py -> /workspaces/ros2/swerve_robot/install/swerve_robot_gazebo/share/swerve_robot_gazebo/launch
creating /workspaces/ros2/swerve_robot/install/swerve_robot_gazebo/share/swerve_robot_gazebo/config
copying config/xbox_holonomic.config.yaml -> /workspaces/ros2/swerve_robot/install/swerve_robot_gazebo/share/swerve_robot_gazebo/config
creating /workspaces/ros2/swerve_robot/install/swerve_robot_gazebo/share/swerve_robot_gazebo/rviz
running install_egg_info
Copying ../../build/swerve_robot_gazebo/swerve_robot_gazebo.egg-info to /workspaces/ros2/swerve_robot/install/swerve_robot_gazebo/lib/python3.10/site-packages/swerve_robot_gazebo-0.0.1-py3.10.egg-info
running install_scripts
writing list of installed files to '/workspaces/ros2/swerve_robot/build/swerve_robot_gazebo/install.log'
