[0.489s] Invoking command in '/workspaces/ros2/swerve_robot/src/swerve_robot_gazebo': AMENT_PREFIX_PATH=/workspaces/ros2/swerve_robot/install/swerve_controller:/workspaces/ros2/swerve_robot/install/swerve_robot_gazebo:/workspaces/ros2/swerve_robot/install/swerve_robot_description:/workspaces/ros2/turtlebot3_ws/install/turtlebot3:/workspaces/ros2/turtlebot3_ws/install/turtlebot3_teleop:/workspaces/ros2/turtlebot3_ws/install/turtlebot3_simulations:/workspaces/ros2/turtlebot3_ws/install/turtlebot3_bringup:/workspaces/ros2/turtlebot3_ws/install/turtlebot3_node:/workspaces/ros2/turtlebot3_ws/install/turtlebot3_navigation2:/workspaces/ros2/turtlebot3_ws/install/turtlebot3_fake_node:/workspaces/ros2/turtlebot3_ws/install/turtlebot3_example:/workspaces/ros2/turtlebot3_ws/install/turtlebot3_msgs:/workspaces/ros2/turtlebot3_ws/install/turtlebot3_gazebo:/workspaces/ros2/turtlebot3_ws/install/turtlebot3_description:/workspaces/ros2/turtlebot3_ws/install/turtlebot3_cartographer:/workspaces/ros2/turtlebot3_ws/install/dynamixel_sdk_examples:/workspaces/ros2/turtlebot3_ws/install/dynamixel_sdk_custom_interfaces:/workspaces/ros2/turtlebot3_ws/install/dynamixel_sdk:/workspaces/ros2/ros2_ws/install/turtlebot3_static_path:/workspaces/ros2/assembed/install/assembed:/opt/ros/humble PYTHONPATH=/workspaces/ros2/swerve_robot/build/swerve_robot_gazebo/prefix_override:/usr/lib/python3/dist-packages/colcon_core/task/python/colcon_distutils_commands:/workspaces/ros2/swerve_robot/install/swerve_robot_gazebo/lib/python3.10/site-packages:/workspaces/ros2/swerve_robot/install/swerve_controller/lib/python3.10/site-packages:/workspaces/ros2/swerve_robot/install/swerve_robot_gazebo/lib/python3.10/site-packages:/workspaces/ros2/turtlebot3_ws/install/turtlebot3_teleop/lib/python3.10/site-packages:/workspaces/ros2/turtlebot3_ws/install/turtlebot3_example/lib/python3.10/site-packages:/workspaces/ros2/turtlebot3_ws/install/turtlebot3_msgs/local/lib/python3.10/dist-packages:/workspaces/ros2/turtlebot3_ws/install/dynamixel_sdk_custom_interfaces/local/lib/python3.10/dist-packages:/workspaces/ros2/ros2_ws/install/turtlebot3_static_path/lib/python3.10/site-packages:/opt/ros/humble/lib/python3.10/site-packages:/opt/ros/humble/local/lib/python3.10/dist-packages /usr/bin/python3 -W ignore:setup.py install is deprecated -W ignore:easy_install command is deprecated setup.py egg_info --egg-base ../../build/swerve_robot_gazebo build --build-base /workspaces/ros2/swerve_robot/build/swerve_robot_gazebo/build install --record /workspaces/ros2/swerve_robot/build/swerve_robot_gazebo/install.log --single-version-externally-managed install_data
[0.674s] running egg_info
[0.674s] creating ../../build/swerve_robot_gazebo/swerve_robot_gazebo.egg-info
[0.674s] writing ../../build/swerve_robot_gazebo/swerve_robot_gazebo.egg-info/PKG-INFO
[0.675s] writing dependency_links to ../../build/swerve_robot_gazebo/swerve_robot_gazebo.egg-info/dependency_links.txt
[0.675s] writing entry points to ../../build/swerve_robot_gazebo/swerve_robot_gazebo.egg-info/entry_points.txt
[0.675s] writing requirements to ../../build/swerve_robot_gazebo/swerve_robot_gazebo.egg-info/requires.txt
[0.675s] writing top-level names to ../../build/swerve_robot_gazebo/swerve_robot_gazebo.egg-info/top_level.txt
[0.675s] writing manifest file '../../build/swerve_robot_gazebo/swerve_robot_gazebo.egg-info/SOURCES.txt'
[0.676s] reading manifest file '../../build/swerve_robot_gazebo/swerve_robot_gazebo.egg-info/SOURCES.txt'
[0.677s] writing manifest file '../../build/swerve_robot_gazebo/swerve_robot_gazebo.egg-info/SOURCES.txt'
[0.677s] running build
[0.677s] running build_py
[0.677s] creating /workspaces/ros2/swerve_robot/build/swerve_robot_gazebo/build
[0.677s] creating /workspaces/ros2/swerve_robot/build/swerve_robot_gazebo/build/lib
[0.677s] creating /workspaces/ros2/swerve_robot/build/swerve_robot_gazebo/build/lib/swerve_robot_gazebo
[0.677s] copying swerve_robot_gazebo/__init__.py -> /workspaces/ros2/swerve_robot/build/swerve_robot_gazebo/build/lib/swerve_robot_gazebo
[0.677s] running install
[0.677s] running install_lib
[0.678s] creating /workspaces/ros2/swerve_robot/install/swerve_robot_gazebo/lib/python3.10/site-packages/swerve_robot_gazebo
[0.678s] copying /workspaces/ros2/swerve_robot/build/swerve_robot_gazebo/build/lib/swerve_robot_gazebo/__init__.py -> /workspaces/ros2/swerve_robot/install/swerve_robot_gazebo/lib/python3.10/site-packages/swerve_robot_gazebo
[0.678s] byte-compiling /workspaces/ros2/swerve_robot/install/swerve_robot_gazebo/lib/python3.10/site-packages/swerve_robot_gazebo/__init__.py to __init__.cpython-310.pyc
[0.678s] running install_data
[0.678s] creating /workspaces/ros2/swerve_robot/install/swerve_robot_gazebo/share/ament_index
[0.678s] creating /workspaces/ros2/swerve_robot/install/swerve_robot_gazebo/share/ament_index/resource_index
[0.678s] creating /workspaces/ros2/swerve_robot/install/swerve_robot_gazebo/share/ament_index/resource_index/packages
[0.679s] copying resource/swerve_robot_gazebo -> /workspaces/ros2/swerve_robot/install/swerve_robot_gazebo/share/ament_index/resource_index/packages
[0.679s] copying package.xml -> /workspaces/ros2/swerve_robot/install/swerve_robot_gazebo/share/swerve_robot_gazebo
[0.679s] creating /workspaces/ros2/swerve_robot/install/swerve_robot_gazebo/share/swerve_robot_gazebo/launch
[0.679s] copying launch/teleop_joy.launch.py -> /workspaces/ros2/swerve_robot/install/swerve_robot_gazebo/share/swerve_robot_gazebo/launch
[0.679s] copying launch/spawn_swerve_robot.launch.py -> /workspaces/ros2/swerve_robot/install/swerve_robot_gazebo/share/swerve_robot_gazebo/launch
[0.679s] copying launch/sim.launch.py -> /workspaces/ros2/swerve_robot/install/swerve_robot_gazebo/share/swerve_robot_gazebo/launch
[0.679s] creating /workspaces/ros2/swerve_robot/install/swerve_robot_gazebo/share/swerve_robot_gazebo/config
[0.679s] copying config/xbox_holonomic.config.yaml -> /workspaces/ros2/swerve_robot/install/swerve_robot_gazebo/share/swerve_robot_gazebo/config
[0.679s] creating /workspaces/ros2/swerve_robot/install/swerve_robot_gazebo/share/swerve_robot_gazebo/rviz
[0.679s] running install_egg_info
[0.680s] Copying ../../build/swerve_robot_gazebo/swerve_robot_gazebo.egg-info to /workspaces/ros2/swerve_robot/install/swerve_robot_gazebo/lib/python3.10/site-packages/swerve_robot_gazebo-0.0.1-py3.10.egg-info
[0.681s] running install_scripts
[0.697s] writing list of installed files to '/workspaces/ros2/swerve_robot/build/swerve_robot_gazebo/install.log'
[0.719s] Invoked command in '/workspaces/ros2/swerve_robot/src/swerve_robot_gazebo' returned '0': AMENT_PREFIX_PATH=/workspaces/ros2/swerve_robot/install/swerve_controller:/workspaces/ros2/swerve_robot/install/swerve_robot_gazebo:/workspaces/ros2/swerve_robot/install/swerve_robot_description:/workspaces/ros2/turtlebot3_ws/install/turtlebot3:/workspaces/ros2/turtlebot3_ws/install/turtlebot3_teleop:/workspaces/ros2/turtlebot3_ws/install/turtlebot3_simulations:/workspaces/ros2/turtlebot3_ws/install/turtlebot3_bringup:/workspaces/ros2/turtlebot3_ws/install/turtlebot3_node:/workspaces/ros2/turtlebot3_ws/install/turtlebot3_navigation2:/workspaces/ros2/turtlebot3_ws/install/turtlebot3_fake_node:/workspaces/ros2/turtlebot3_ws/install/turtlebot3_example:/workspaces/ros2/turtlebot3_ws/install/turtlebot3_msgs:/workspaces/ros2/turtlebot3_ws/install/turtlebot3_gazebo:/workspaces/ros2/turtlebot3_ws/install/turtlebot3_description:/workspaces/ros2/turtlebot3_ws/install/turtlebot3_cartographer:/workspaces/ros2/turtlebot3_ws/install/dynamixel_sdk_examples:/workspaces/ros2/turtlebot3_ws/install/dynamixel_sdk_custom_interfaces:/workspaces/ros2/turtlebot3_ws/install/dynamixel_sdk:/workspaces/ros2/ros2_ws/install/turtlebot3_static_path:/workspaces/ros2/assembed/install/assembed:/opt/ros/humble PYTHONPATH=/workspaces/ros2/swerve_robot/build/swerve_robot_gazebo/prefix_override:/usr/lib/python3/dist-packages/colcon_core/task/python/colcon_distutils_commands:/workspaces/ros2/swerve_robot/install/swerve_robot_gazebo/lib/python3.10/site-packages:/workspaces/ros2/swerve_robot/install/swerve_controller/lib/python3.10/site-packages:/workspaces/ros2/swerve_robot/install/swerve_robot_gazebo/lib/python3.10/site-packages:/workspaces/ros2/turtlebot3_ws/install/turtlebot3_teleop/lib/python3.10/site-packages:/workspaces/ros2/turtlebot3_ws/install/turtlebot3_example/lib/python3.10/site-packages:/workspaces/ros2/turtlebot3_ws/install/turtlebot3_msgs/local/lib/python3.10/dist-packages:/workspaces/ros2/turtlebot3_ws/install/dynamixel_sdk_custom_interfaces/local/lib/python3.10/dist-packages:/workspaces/ros2/ros2_ws/install/turtlebot3_static_path/lib/python3.10/site-packages:/opt/ros/humble/lib/python3.10/site-packages:/opt/ros/humble/local/lib/python3.10/dist-packages /usr/bin/python3 -W ignore:setup.py install is deprecated -W ignore:easy_install command is deprecated setup.py egg_info --egg-base ../../build/swerve_robot_gazebo build --build-base /workspaces/ros2/swerve_robot/build/swerve_robot_gazebo/build install --record /workspaces/ros2/swerve_robot/build/swerve_robot_gazebo/install.log --single-version-externally-managed install_data
