[0.262s] DEBUG:colcon:Command line arguments: ['/usr/bin/colcon', 'build']
[0.262s] DEBUG:colcon:Parsed command line arguments: Namespace(log_base=None, log_level=None, verb_name='build', build_base='build', install_base='install', merge_install=False, symlink_install=False, test_result_base=None, continue_on_error=False, executor='parallel', parallel_workers=8, event_handlers=None, ignore_user_meta=False, metas=['./colcon.meta'], base_paths=['.'], packages_ignore=None, packages_ignore_regex=None, paths=None, packages_up_to=None, packages_up_to_regex=None, packages_above=None, packages_above_and_dependencies=None, packages_above_depth=None, packages_select_by_dep=None, packages_skip_by_dep=None, packages_skip_up_to=None, packages_select_build_failed=False, packages_skip_build_finished=False, packages_select_test_failures=False, packages_skip_test_passed=False, packages_select=None, packages_skip=None, packages_select_regex=None, packages_skip_regex=None, packages_start=None, packages_end=None, cmake_args=None, cmake_target=None, cmake_target_skip_unavailable=False, cmake_clean_cache=False, cmake_clean_first=False, cmake_force_configure=False, ament_cmake_args=None, catkin_cmake_args=None, catkin_skip_building_tests=False, mixin_files=None, mixin=None, verb_parser=<colcon_mixin.mixin.mixin_argument.MixinArgumentDecorator object at 0x72553f751240>, verb_extension=<colcon_core.verb.build.BuildVerb object at 0x72553f866170>, main=<bound method BuildVerb.main of <colcon_core.verb.build.BuildVerb object at 0x72553f866170>>, mixin_verb=('build',))
[0.603s] Level 1:colcon.colcon_core.package_discovery:discover_packages(colcon_meta) check parameters
[0.604s] INFO:colcon.colcon_metadata.package_discovery.colcon_meta:Using configuration from '/root/.colcon/metadata/default/Gazebo.meta'
[0.605s] INFO:colcon.colcon_metadata.package_discovery.colcon_meta:Using configuration from '/root/.colcon/metadata/default/fastrtps.meta'
[0.605s] Level 1:colcon.colcon_core.package_discovery:discover_packages(recursive) check parameters
[0.605s] Level 1:colcon.colcon_core.package_discovery:discover_packages(ignore) check parameters
[0.606s] Level 1:colcon.colcon_core.package_discovery:discover_packages(path) check parameters
[0.606s] Level 1:colcon.colcon_core.package_discovery:discover_packages(colcon_meta) discover
[0.606s] Level 1:colcon.colcon_core.package_discovery:discover_packages(recursive) discover
[0.606s] INFO:colcon.colcon_core.package_discovery:Crawling recursively for packages in '/workspaces/ros2/swerve_robot'
[0.606s] Level 1:colcon.colcon_core.package_identification:_identify(.) by extensions ['ignore', 'ignore_ament_install']
[0.606s] Level 1:colcon.colcon_core.package_identification:_identify(.) by extension 'ignore'
[0.606s] Level 1:colcon.colcon_core.package_identification:_identify(.) by extension 'ignore_ament_install'
[0.606s] Level 1:colcon.colcon_core.package_identification:_identify(.) by extensions ['colcon_pkg']
[0.606s] Level 1:colcon.colcon_core.package_identification:_identify(.) by extension 'colcon_pkg'
[0.607s] Level 1:colcon.colcon_core.package_identification:_identify(.) by extensions ['colcon_meta']
[0.607s] Level 1:colcon.colcon_core.package_identification:_identify(.) by extension 'colcon_meta'
[0.607s] Level 1:colcon.colcon_core.package_identification:_identify(.) by extensions ['ros']
[0.607s] Level 1:colcon.colcon_core.package_identification:_identify(.) by extension 'ros'
[0.630s] Level 1:colcon.colcon_core.package_identification:_identify(.) by extensions ['cmake', 'python']
[0.630s] Level 1:colcon.colcon_core.package_identification:_identify(.) by extension 'cmake'
[0.630s] Level 1:colcon.colcon_core.package_identification:_identify(.) by extension 'python'
[0.630s] Level 1:colcon.colcon_core.package_identification:_identify(.) by extensions ['python_setup_py']
[0.630s] Level 1:colcon.colcon_core.package_identification:_identify(.) by extension 'python_setup_py'
[0.630s] Level 1:colcon.colcon_core.package_identification:_identify(build) by extensions ['ignore', 'ignore_ament_install']
[0.631s] Level 1:colcon.colcon_core.package_identification:_identify(build) by extension 'ignore'
[0.631s] Level 1:colcon.colcon_core.package_identification:_identify(build) ignored
[0.631s] Level 1:colcon.colcon_core.package_identification:_identify(install) by extensions ['ignore', 'ignore_ament_install']
[0.631s] Level 1:colcon.colcon_core.package_identification:_identify(install) by extension 'ignore'
[0.631s] Level 1:colcon.colcon_core.package_identification:_identify(install) ignored
[0.632s] Level 1:colcon.colcon_core.package_identification:_identify(log) by extensions ['ignore', 'ignore_ament_install']
[0.632s] Level 1:colcon.colcon_core.package_identification:_identify(log) by extension 'ignore'
[0.632s] Level 1:colcon.colcon_core.package_identification:_identify(log) ignored
[0.632s] Level 1:colcon.colcon_core.package_identification:_identify(src) by extensions ['ignore', 'ignore_ament_install']
[0.632s] Level 1:colcon.colcon_core.package_identification:_identify(src) by extension 'ignore'
[0.632s] Level 1:colcon.colcon_core.package_identification:_identify(src) by extension 'ignore_ament_install'
[0.632s] Level 1:colcon.colcon_core.package_identification:_identify(src) by extensions ['colcon_pkg']
[0.632s] Level 1:colcon.colcon_core.package_identification:_identify(src) by extension 'colcon_pkg'
[0.632s] Level 1:colcon.colcon_core.package_identification:_identify(src) by extensions ['colcon_meta']
[0.632s] Level 1:colcon.colcon_core.package_identification:_identify(src) by extension 'colcon_meta'
[0.633s] Level 1:colcon.colcon_core.package_identification:_identify(src) by extensions ['ros']
[0.633s] Level 1:colcon.colcon_core.package_identification:_identify(src) by extension 'ros'
[0.633s] Level 1:colcon.colcon_core.package_identification:_identify(src) by extensions ['cmake', 'python']
[0.633s] Level 1:colcon.colcon_core.package_identification:_identify(src) by extension 'cmake'
[0.633s] Level 1:colcon.colcon_core.package_identification:_identify(src) by extension 'python'
[0.633s] Level 1:colcon.colcon_core.package_identification:_identify(src) by extensions ['python_setup_py']
[0.633s] Level 1:colcon.colcon_core.package_identification:_identify(src) by extension 'python_setup_py'
[0.633s] Level 1:colcon.colcon_core.package_identification:_identify(src/swerve_controller) by extensions ['ignore', 'ignore_ament_install']
[0.633s] Level 1:colcon.colcon_core.package_identification:_identify(src/swerve_controller) by extension 'ignore'
[0.634s] Level 1:colcon.colcon_core.package_identification:_identify(src/swerve_controller) by extension 'ignore_ament_install'
[0.634s] Level 1:colcon.colcon_core.package_identification:_identify(src/swerve_controller) by extensions ['colcon_pkg']
[0.634s] Level 1:colcon.colcon_core.package_identification:_identify(src/swerve_controller) by extension 'colcon_pkg'
[0.634s] Level 1:colcon.colcon_core.package_identification:_identify(src/swerve_controller) by extensions ['colcon_meta']
[0.634s] Level 1:colcon.colcon_core.package_identification:_identify(src/swerve_controller) by extension 'colcon_meta'
[0.634s] Level 1:colcon.colcon_core.package_identification:_identify(src/swerve_controller) by extensions ['ros']
[0.634s] Level 1:colcon.colcon_core.package_identification:_identify(src/swerve_controller) by extension 'ros'
[0.641s] DEBUG:colcon.colcon_core.package_identification:Package 'src/swerve_controller' with type 'ros.ament_python' and name 'swerve_controller'
[0.641s] Level 1:colcon.colcon_core.package_identification:_identify(src/swerve_robot_description) by extensions ['ignore', 'ignore_ament_install']
[0.641s] Level 1:colcon.colcon_core.package_identification:_identify(src/swerve_robot_description) by extension 'ignore'
[0.642s] Level 1:colcon.colcon_core.package_identification:_identify(src/swerve_robot_description) by extension 'ignore_ament_install'
[0.642s] Level 1:colcon.colcon_core.package_identification:_identify(src/swerve_robot_description) by extensions ['colcon_pkg']
[0.642s] Level 1:colcon.colcon_core.package_identification:_identify(src/swerve_robot_description) by extension 'colcon_pkg'
[0.642s] Level 1:colcon.colcon_core.package_identification:_identify(src/swerve_robot_description) by extensions ['colcon_meta']
[0.642s] Level 1:colcon.colcon_core.package_identification:_identify(src/swerve_robot_description) by extension 'colcon_meta'
[0.642s] Level 1:colcon.colcon_core.package_identification:_identify(src/swerve_robot_description) by extensions ['ros']
[0.642s] Level 1:colcon.colcon_core.package_identification:_identify(src/swerve_robot_description) by extension 'ros'
[0.644s] DEBUG:colcon.colcon_core.package_identification:Package 'src/swerve_robot_description' with type 'ros.ament_cmake' and name 'swerve_robot_description'
[0.644s] Level 1:colcon.colcon_core.package_identification:_identify(src/swerve_robot_gazebo) by extensions ['ignore', 'ignore_ament_install']
[0.644s] Level 1:colcon.colcon_core.package_identification:_identify(src/swerve_robot_gazebo) by extension 'ignore'
[0.644s] Level 1:colcon.colcon_core.package_identification:_identify(src/swerve_robot_gazebo) by extension 'ignore_ament_install'
[0.645s] Level 1:colcon.colcon_core.package_identification:_identify(src/swerve_robot_gazebo) by extensions ['colcon_pkg']
[0.645s] Level 1:colcon.colcon_core.package_identification:_identify(src/swerve_robot_gazebo) by extension 'colcon_pkg'
[0.645s] Level 1:colcon.colcon_core.package_identification:_identify(src/swerve_robot_gazebo) by extensions ['colcon_meta']
[0.645s] Level 1:colcon.colcon_core.package_identification:_identify(src/swerve_robot_gazebo) by extension 'colcon_meta'
[0.645s] Level 1:colcon.colcon_core.package_identification:_identify(src/swerve_robot_gazebo) by extensions ['ros']
[0.645s] Level 1:colcon.colcon_core.package_identification:_identify(src/swerve_robot_gazebo) by extension 'ros'
[0.647s] DEBUG:colcon.colcon_core.package_identification:Package 'src/swerve_robot_gazebo' with type 'ros.ament_python' and name 'swerve_robot_gazebo'
[0.647s] Level 1:colcon.colcon_core.package_discovery:discover_packages(recursive) using defaults
[0.648s] Level 1:colcon.colcon_core.package_discovery:discover_packages(ignore) discover
[0.648s] Level 1:colcon.colcon_core.package_discovery:discover_packages(ignore) using defaults
[0.648s] Level 1:colcon.colcon_core.package_discovery:discover_packages(path) discover
[0.648s] Level 1:colcon.colcon_core.package_discovery:discover_packages(path) using defaults
[0.692s] Level 5:colcon.colcon_core.verb:set package 'swerve_controller' build argument 'cmake_args' from command line to 'None'
[0.692s] Level 5:colcon.colcon_core.verb:set package 'swerve_controller' build argument 'cmake_target' from command line to 'None'
[0.692s] Level 5:colcon.colcon_core.verb:set package 'swerve_controller' build argument 'cmake_target_skip_unavailable' from command line to 'False'
[0.692s] Level 5:colcon.colcon_core.verb:set package 'swerve_controller' build argument 'cmake_clean_cache' from command line to 'False'
[0.692s] Level 5:colcon.colcon_core.verb:set package 'swerve_controller' build argument 'cmake_clean_first' from command line to 'False'
[0.692s] Level 5:colcon.colcon_core.verb:set package 'swerve_controller' build argument 'cmake_force_configure' from command line to 'False'
[0.692s] Level 5:colcon.colcon_core.verb:set package 'swerve_controller' build argument 'ament_cmake_args' from command line to 'None'
[0.692s] Level 5:colcon.colcon_core.verb:set package 'swerve_controller' build argument 'catkin_cmake_args' from command line to 'None'
[0.693s] Level 5:colcon.colcon_core.verb:set package 'swerve_controller' build argument 'catkin_skip_building_tests' from command line to 'False'
[0.693s] DEBUG:colcon.colcon_core.verb:Building package 'swerve_controller' with the following arguments: {'ament_cmake_args': None, 'build_base': '/workspaces/ros2/swerve_robot/build/swerve_controller', 'catkin_cmake_args': None, 'catkin_skip_building_tests': False, 'cmake_args': None, 'cmake_clean_cache': False, 'cmake_clean_first': False, 'cmake_force_configure': False, 'cmake_target': None, 'cmake_target_skip_unavailable': False, 'install_base': '/workspaces/ros2/swerve_robot/install/swerve_controller', 'merge_install': False, 'path': '/workspaces/ros2/swerve_robot/src/swerve_controller', 'symlink_install': False, 'test_result_base': None}
[0.693s] Level 5:colcon.colcon_core.verb:set package 'swerve_robot_description' build argument 'cmake_args' from command line to 'None'
[0.693s] Level 5:colcon.colcon_core.verb:set package 'swerve_robot_description' build argument 'cmake_target' from command line to 'None'
[0.693s] Level 5:colcon.colcon_core.verb:set package 'swerve_robot_description' build argument 'cmake_target_skip_unavailable' from command line to 'False'
[0.694s] Level 5:colcon.colcon_core.verb:set package 'swerve_robot_description' build argument 'cmake_clean_cache' from command line to 'False'
[0.694s] Level 5:colcon.colcon_core.verb:set package 'swerve_robot_description' build argument 'cmake_clean_first' from command line to 'False'
[0.694s] Level 5:colcon.colcon_core.verb:set package 'swerve_robot_description' build argument 'cmake_force_configure' from command line to 'False'
[0.694s] Level 5:colcon.colcon_core.verb:set package 'swerve_robot_description' build argument 'ament_cmake_args' from command line to 'None'
[0.694s] Level 5:colcon.colcon_core.verb:set package 'swerve_robot_description' build argument 'catkin_cmake_args' from command line to 'None'
[0.694s] Level 5:colcon.colcon_core.verb:set package 'swerve_robot_description' build argument 'catkin_skip_building_tests' from command line to 'False'
[0.694s] DEBUG:colcon.colcon_core.verb:Building package 'swerve_robot_description' with the following arguments: {'ament_cmake_args': None, 'build_base': '/workspaces/ros2/swerve_robot/build/swerve_robot_description', 'catkin_cmake_args': None, 'catkin_skip_building_tests': False, 'cmake_args': None, 'cmake_clean_cache': False, 'cmake_clean_first': False, 'cmake_force_configure': False, 'cmake_target': None, 'cmake_target_skip_unavailable': False, 'install_base': '/workspaces/ros2/swerve_robot/install/swerve_robot_description', 'merge_install': False, 'path': '/workspaces/ros2/swerve_robot/src/swerve_robot_description', 'symlink_install': False, 'test_result_base': None}
[0.695s] Level 5:colcon.colcon_core.verb:set package 'swerve_robot_gazebo' build argument 'cmake_args' from command line to 'None'
[0.695s] Level 5:colcon.colcon_core.verb:set package 'swerve_robot_gazebo' build argument 'cmake_target' from command line to 'None'
[0.695s] Level 5:colcon.colcon_core.verb:set package 'swerve_robot_gazebo' build argument 'cmake_target_skip_unavailable' from command line to 'False'
[0.695s] Level 5:colcon.colcon_core.verb:set package 'swerve_robot_gazebo' build argument 'cmake_clean_cache' from command line to 'False'
[0.695s] Level 5:colcon.colcon_core.verb:set package 'swerve_robot_gazebo' build argument 'cmake_clean_first' from command line to 'False'
[0.695s] Level 5:colcon.colcon_core.verb:set package 'swerve_robot_gazebo' build argument 'cmake_force_configure' from command line to 'False'
[0.695s] Level 5:colcon.colcon_core.verb:set package 'swerve_robot_gazebo' build argument 'ament_cmake_args' from command line to 'None'
[0.695s] Level 5:colcon.colcon_core.verb:set package 'swerve_robot_gazebo' build argument 'catkin_cmake_args' from command line to 'None'
[0.695s] Level 5:colcon.colcon_core.verb:set package 'swerve_robot_gazebo' build argument 'catkin_skip_building_tests' from command line to 'False'
[0.695s] DEBUG:colcon.colcon_core.verb:Building package 'swerve_robot_gazebo' with the following arguments: {'ament_cmake_args': None, 'build_base': '/workspaces/ros2/swerve_robot/build/swerve_robot_gazebo', 'catkin_cmake_args': None, 'catkin_skip_building_tests': False, 'cmake_args': None, 'cmake_clean_cache': False, 'cmake_clean_first': False, 'cmake_force_configure': False, 'cmake_target': None, 'cmake_target_skip_unavailable': False, 'install_base': '/workspaces/ros2/swerve_robot/install/swerve_robot_gazebo', 'merge_install': False, 'path': '/workspaces/ros2/swerve_robot/src/swerve_robot_gazebo', 'symlink_install': False, 'test_result_base': None}
[0.695s] INFO:colcon.colcon_core.executor:Executing jobs using 'parallel' executor
[0.699s] DEBUG:colcon.colcon_parallel_executor.executor.parallel:run_until_complete
[0.700s] INFO:colcon.colcon_ros.task.ament_python.build:Building ROS package in '/workspaces/ros2/swerve_robot/src/swerve_controller' with build type 'ament_python'
[0.700s] Level 1:colcon.colcon_core.shell:create_environment_hook('swerve_controller', 'ament_prefix_path')
[0.704s] INFO:colcon.colcon_core.plugin_system:Skipping extension 'colcon_core.shell.bat': Not used on non-Windows systems
[0.705s] INFO:colcon.colcon_core.shell:Creating environment hook '/workspaces/ros2/swerve_robot/install/swerve_controller/share/swerve_controller/hook/ament_prefix_path.ps1'
[0.706s] INFO:colcon.colcon_core.shell:Creating environment descriptor '/workspaces/ros2/swerve_robot/install/swerve_controller/share/swerve_controller/hook/ament_prefix_path.dsv'
[0.707s] INFO:colcon.colcon_core.shell:Creating environment hook '/workspaces/ros2/swerve_robot/install/swerve_controller/share/swerve_controller/hook/ament_prefix_path.sh'
[0.709s] INFO:colcon.colcon_core.shell:Skip shell extension 'powershell' for command environment: Not usable outside of PowerShell
[0.709s] DEBUG:colcon.colcon_core.shell:Skip shell extension 'dsv' for command environment
[0.751s] INFO:colcon.colcon_ros.task.ament_cmake.build:Building ROS package in '/workspaces/ros2/swerve_robot/src/swerve_robot_description' with build type 'ament_cmake'
[0.751s] INFO:colcon.colcon_cmake.task.cmake.build:Building CMake package in '/workspaces/ros2/swerve_robot/src/swerve_robot_description'
[0.752s] INFO:colcon.colcon_core.shell:Skip shell extension 'powershell' for command environment: Not usable outside of PowerShell
[0.752s] DEBUG:colcon.colcon_core.shell:Skip shell extension 'dsv' for command environment
[1.502s] INFO:colcon.colcon_core.task.python.build:Building Python package in '/workspaces/ros2/swerve_robot/src/swerve_controller'
[1.503s] INFO:colcon.colcon_core.shell:Skip shell extension 'powershell' for command environment: Not usable outside of PowerShell
[1.504s] DEBUG:colcon.colcon_core.shell:Skip shell extension 'dsv' for command environment
[1.531s] DEBUG:colcon.colcon_core.event_handler.log_command:Invoking command in '/workspaces/ros2/swerve_robot/build/swerve_robot_description': CMAKE_PREFIX_PATH=${CMAKE_PREFIX_PATH}:/workspaces/ros2/turtlebot3_ws/install/turtlebot3_teleop:/workspaces/ros2/turtlebot3_ws/install/turtlebot3_example:/workspaces/ros2/swerve_robot/install/swerve_robot_gazebo:/workspaces/ros2/swerve_robot/install/swerve_controller:/workspaces/ros2/ros2_ws/install/turtlebot3_static_path:/opt/ros/humble /usr/bin/cmake --build /workspaces/ros2/swerve_robot/build/swerve_robot_description -- -j8 -l8
[1.648s] DEBUG:colcon.colcon_core.event_handler.log_command:Invoked command in '/workspaces/ros2/swerve_robot/build/swerve_robot_description' returned '0': CMAKE_PREFIX_PATH=${CMAKE_PREFIX_PATH}:/workspaces/ros2/turtlebot3_ws/install/turtlebot3_teleop:/workspaces/ros2/turtlebot3_ws/install/turtlebot3_example:/workspaces/ros2/swerve_robot/install/swerve_robot_gazebo:/workspaces/ros2/swerve_robot/install/swerve_controller:/workspaces/ros2/ros2_ws/install/turtlebot3_static_path:/opt/ros/humble /usr/bin/cmake --build /workspaces/ros2/swerve_robot/build/swerve_robot_description -- -j8 -l8
[1.679s] DEBUG:colcon.colcon_core.event_handler.log_command:Invoking command in '/workspaces/ros2/swerve_robot/build/swerve_robot_description': CMAKE_PREFIX_PATH=${CMAKE_PREFIX_PATH}:/workspaces/ros2/turtlebot3_ws/install/turtlebot3_teleop:/workspaces/ros2/turtlebot3_ws/install/turtlebot3_example:/workspaces/ros2/swerve_robot/install/swerve_robot_gazebo:/workspaces/ros2/swerve_robot/install/swerve_controller:/workspaces/ros2/ros2_ws/install/turtlebot3_static_path:/opt/ros/humble /usr/bin/cmake --install /workspaces/ros2/swerve_robot/build/swerve_robot_description
[1.713s] Level 1:colcon.colcon_core.environment:create_environment_scripts_only(swerve_robot_description)
[1.730s] DEBUG:colcon.colcon_core.event_handler.log_command:Invoked command in '/workspaces/ros2/swerve_robot/build/swerve_robot_description' returned '0': CMAKE_PREFIX_PATH=${CMAKE_PREFIX_PATH}:/workspaces/ros2/turtlebot3_ws/install/turtlebot3_teleop:/workspaces/ros2/turtlebot3_ws/install/turtlebot3_example:/workspaces/ros2/swerve_robot/install/swerve_robot_gazebo:/workspaces/ros2/swerve_robot/install/swerve_controller:/workspaces/ros2/ros2_ws/install/turtlebot3_static_path:/opt/ros/humble /usr/bin/cmake --install /workspaces/ros2/swerve_robot/build/swerve_robot_description
[1.736s] Level 1:colcon.colcon_core.environment:checking '/workspaces/ros2/swerve_robot/install/swerve_robot_description' for CMake module files
[1.740s] Level 1:colcon.colcon_core.environment:checking '/workspaces/ros2/swerve_robot/install/swerve_robot_description' for CMake config files
[1.741s] Level 1:colcon.colcon_core.shell:create_environment_hook('swerve_robot_description', 'cmake_prefix_path')
[1.742s] INFO:colcon.colcon_core.shell:Creating environment hook '/workspaces/ros2/swerve_robot/install/swerve_robot_description/share/swerve_robot_description/hook/cmake_prefix_path.ps1'
[1.743s] INFO:colcon.colcon_core.shell:Creating environment descriptor '/workspaces/ros2/swerve_robot/install/swerve_robot_description/share/swerve_robot_description/hook/cmake_prefix_path.dsv'
[1.744s] INFO:colcon.colcon_core.shell:Creating environment hook '/workspaces/ros2/swerve_robot/install/swerve_robot_description/share/swerve_robot_description/hook/cmake_prefix_path.sh'
[1.745s] Level 1:colcon.colcon_core.environment:checking '/workspaces/ros2/swerve_robot/install/swerve_robot_description/bin'
[1.746s] Level 1:colcon.colcon_core.environment:checking '/workspaces/ros2/swerve_robot/install/swerve_robot_description/lib/pkgconfig/swerve_robot_description.pc'
[1.746s] Level 1:colcon.colcon_core.environment:checking '/workspaces/ros2/swerve_robot/install/swerve_robot_description/lib/python3.10/site-packages'
[1.746s] Level 1:colcon.colcon_core.environment:checking '/workspaces/ros2/swerve_robot/install/swerve_robot_description/bin'
[1.747s] INFO:colcon.colcon_core.shell:Creating package script '/workspaces/ros2/swerve_robot/install/swerve_robot_description/share/swerve_robot_description/package.ps1'
[1.750s] INFO:colcon.colcon_core.shell:Creating package descriptor '/workspaces/ros2/swerve_robot/install/swerve_robot_description/share/swerve_robot_description/package.dsv'
[1.751s] INFO:colcon.colcon_core.shell:Creating package script '/workspaces/ros2/swerve_robot/install/swerve_robot_description/share/swerve_robot_description/package.sh'
[1.754s] INFO:colcon.colcon_core.shell:Creating package script '/workspaces/ros2/swerve_robot/install/swerve_robot_description/share/swerve_robot_description/package.bash'
[1.757s] INFO:colcon.colcon_core.shell:Creating package script '/workspaces/ros2/swerve_robot/install/swerve_robot_description/share/swerve_robot_description/package.zsh'
[1.759s] Level 1:colcon.colcon_core.environment:create_file_with_runtime_dependencies(/workspaces/ros2/swerve_robot/install/swerve_robot_description/share/colcon-core/packages/swerve_robot_description)
[1.761s] Level 1:colcon.colcon_core.environment:create_environment_scripts_only(swerve_robot_description)
[1.762s] Level 1:colcon.colcon_core.environment:checking '/workspaces/ros2/swerve_robot/install/swerve_robot_description' for CMake module files
[1.763s] Level 1:colcon.colcon_core.environment:checking '/workspaces/ros2/swerve_robot/install/swerve_robot_description' for CMake config files
[1.764s] Level 1:colcon.colcon_core.shell:create_environment_hook('swerve_robot_description', 'cmake_prefix_path')
[1.765s] INFO:colcon.colcon_core.shell:Creating environment hook '/workspaces/ros2/swerve_robot/install/swerve_robot_description/share/swerve_robot_description/hook/cmake_prefix_path.ps1'
[1.766s] INFO:colcon.colcon_core.shell:Creating environment descriptor '/workspaces/ros2/swerve_robot/install/swerve_robot_description/share/swerve_robot_description/hook/cmake_prefix_path.dsv'
[1.767s] INFO:colcon.colcon_core.shell:Creating environment hook '/workspaces/ros2/swerve_robot/install/swerve_robot_description/share/swerve_robot_description/hook/cmake_prefix_path.sh'
[1.768s] Level 1:colcon.colcon_core.environment:checking '/workspaces/ros2/swerve_robot/install/swerve_robot_description/bin'
[1.769s] Level 1:colcon.colcon_core.environment:checking '/workspaces/ros2/swerve_robot/install/swerve_robot_description/lib/pkgconfig/swerve_robot_description.pc'
[1.769s] Level 1:colcon.colcon_core.environment:checking '/workspaces/ros2/swerve_robot/install/swerve_robot_description/lib/python3.10/site-packages'
[1.770s] Level 1:colcon.colcon_core.environment:checking '/workspaces/ros2/swerve_robot/install/swerve_robot_description/bin'
[1.774s] INFO:colcon.colcon_core.shell:Creating package script '/workspaces/ros2/swerve_robot/install/swerve_robot_description/share/swerve_robot_description/package.ps1'
[1.776s] INFO:colcon.colcon_core.shell:Creating package descriptor '/workspaces/ros2/swerve_robot/install/swerve_robot_description/share/swerve_robot_description/package.dsv'
[1.777s] INFO:colcon.colcon_core.shell:Creating package script '/workspaces/ros2/swerve_robot/install/swerve_robot_description/share/swerve_robot_description/package.sh'
[1.778s] INFO:colcon.colcon_core.shell:Creating package script '/workspaces/ros2/swerve_robot/install/swerve_robot_description/share/swerve_robot_description/package.bash'
[1.779s] INFO:colcon.colcon_core.shell:Creating package script '/workspaces/ros2/swerve_robot/install/swerve_robot_description/share/swerve_robot_description/package.zsh'
[1.782s] Level 1:colcon.colcon_core.environment:create_file_with_runtime_dependencies(/workspaces/ros2/swerve_robot/install/swerve_robot_description/share/colcon-core/packages/swerve_robot_description)
[2.582s] DEBUG:colcon.colcon_core.event_handler.log_command:Invoking command in '/workspaces/ros2/swerve_robot/src/swerve_controller': PYTHONPATH=/workspaces/ros2/swerve_robot/build/swerve_controller/prefix_override:/usr/lib/python3/dist-packages/colcon_core/task/python/colcon_distutils_commands:/workspaces/ros2/swerve_robot/install/swerve_controller/lib/python3.10/site-packages:${PYTHONPATH} /usr/bin/python3 -W ignore:setup.py install is deprecated -W ignore:easy_install command is deprecated setup.py egg_info --egg-base ../../build/swerve_controller build --build-base /workspaces/ros2/swerve_robot/build/swerve_controller/build install --record /workspaces/ros2/swerve_robot/build/swerve_controller/install.log --single-version-externally-managed install_data
[3.511s] Level 1:colcon.colcon_core.environment:checking '/workspaces/ros2/swerve_robot/install/swerve_controller' for CMake module files
[3.512s] DEBUG:colcon.colcon_core.event_handler.log_command:Invoked command in '/workspaces/ros2/swerve_robot/src/swerve_controller' returned '0': PYTHONPATH=/workspaces/ros2/swerve_robot/build/swerve_controller/prefix_override:/usr/lib/python3/dist-packages/colcon_core/task/python/colcon_distutils_commands:/workspaces/ros2/swerve_robot/install/swerve_controller/lib/python3.10/site-packages:${PYTHONPATH} /usr/bin/python3 -W ignore:setup.py install is deprecated -W ignore:easy_install command is deprecated setup.py egg_info --egg-base ../../build/swerve_controller build --build-base /workspaces/ros2/swerve_robot/build/swerve_controller/build install --record /workspaces/ros2/swerve_robot/build/swerve_controller/install.log --single-version-externally-managed install_data
[3.513s] Level 1:colcon.colcon_core.environment:checking '/workspaces/ros2/swerve_robot/install/swerve_controller' for CMake config files
[3.515s] Level 1:colcon.colcon_core.environment:checking '/workspaces/ros2/swerve_robot/install/swerve_controller/lib'
[3.516s] Level 1:colcon.colcon_core.environment:checking '/workspaces/ros2/swerve_robot/install/swerve_controller/bin'
[3.516s] Level 1:colcon.colcon_core.environment:checking '/workspaces/ros2/swerve_robot/install/swerve_controller/lib/pkgconfig/swerve_controller.pc'
[3.517s] Level 1:colcon.colcon_core.environment:checking '/workspaces/ros2/swerve_robot/install/swerve_controller/lib/python3.10/site-packages'
[3.517s] Level 1:colcon.colcon_core.shell:create_environment_hook('swerve_controller', 'pythonpath')
[3.518s] INFO:colcon.colcon_core.shell:Creating environment hook '/workspaces/ros2/swerve_robot/install/swerve_controller/share/swerve_controller/hook/pythonpath.ps1'
[3.521s] INFO:colcon.colcon_core.shell:Creating environment descriptor '/workspaces/ros2/swerve_robot/install/swerve_controller/share/swerve_controller/hook/pythonpath.dsv'
[3.522s] INFO:colcon.colcon_core.shell:Creating environment hook '/workspaces/ros2/swerve_robot/install/swerve_controller/share/swerve_controller/hook/pythonpath.sh'
[3.524s] Level 1:colcon.colcon_core.environment:checking '/workspaces/ros2/swerve_robot/install/swerve_controller/bin'
[3.524s] Level 1:colcon.colcon_core.environment:create_environment_scripts_only(swerve_controller)
[3.527s] INFO:colcon.colcon_core.shell:Creating package script '/workspaces/ros2/swerve_robot/install/swerve_controller/share/swerve_controller/package.ps1'
[3.529s] INFO:colcon.colcon_core.shell:Creating package descriptor '/workspaces/ros2/swerve_robot/install/swerve_controller/share/swerve_controller/package.dsv'
[3.531s] INFO:colcon.colcon_core.shell:Creating package script '/workspaces/ros2/swerve_robot/install/swerve_controller/share/swerve_controller/package.sh'
[3.533s] INFO:colcon.colcon_core.shell:Creating package script '/workspaces/ros2/swerve_robot/install/swerve_controller/share/swerve_controller/package.bash'
[3.534s] INFO:colcon.colcon_core.shell:Creating package script '/workspaces/ros2/swerve_robot/install/swerve_controller/share/swerve_controller/package.zsh'
[3.535s] Level 1:colcon.colcon_core.environment:create_file_with_runtime_dependencies(/workspaces/ros2/swerve_robot/install/swerve_controller/share/colcon-core/packages/swerve_controller)
[3.537s] INFO:colcon.colcon_ros.task.ament_python.build:Building ROS package in '/workspaces/ros2/swerve_robot/src/swerve_robot_gazebo' with build type 'ament_python'
[3.538s] Level 1:colcon.colcon_core.shell:create_environment_hook('swerve_robot_gazebo', 'ament_prefix_path')
[3.539s] INFO:colcon.colcon_core.shell:Creating environment hook '/workspaces/ros2/swerve_robot/install/swerve_robot_gazebo/share/swerve_robot_gazebo/hook/ament_prefix_path.ps1'
[3.541s] INFO:colcon.colcon_core.shell:Creating environment descriptor '/workspaces/ros2/swerve_robot/install/swerve_robot_gazebo/share/swerve_robot_gazebo/hook/ament_prefix_path.dsv'
[3.542s] INFO:colcon.colcon_core.shell:Creating environment hook '/workspaces/ros2/swerve_robot/install/swerve_robot_gazebo/share/swerve_robot_gazebo/hook/ament_prefix_path.sh'
[3.543s] INFO:colcon.colcon_core.shell:Skip shell extension 'powershell' for command environment: Not usable outside of PowerShell
[3.543s] DEBUG:colcon.colcon_core.shell:Skip shell extension 'dsv' for command environment
[4.340s] INFO:colcon.colcon_core.task.python.build:Building Python package in '/workspaces/ros2/swerve_robot/src/swerve_robot_gazebo'
[4.341s] INFO:colcon.colcon_core.shell:Skip shell extension 'powershell' for command environment: Not usable outside of PowerShell
[4.341s] DEBUG:colcon.colcon_core.shell:Skip shell extension 'dsv' for command environment
[5.567s] DEBUG:colcon.colcon_core.event_handler.log_command:Invoking command in '/workspaces/ros2/swerve_robot/src/swerve_robot_gazebo': AMENT_PREFIX_PATH=/workspaces/ros2/swerve_robot/install/swerve_controller:/workspaces/ros2/turtlebot3_ws/install/turtlebot3:/workspaces/ros2/turtlebot3_ws/install/turtlebot3_teleop:/workspaces/ros2/turtlebot3_ws/install/turtlebot3_simulations:/workspaces/ros2/turtlebot3_ws/install/turtlebot3_bringup:/workspaces/ros2/turtlebot3_ws/install/turtlebot3_node:/workspaces/ros2/turtlebot3_ws/install/turtlebot3_navigation2:/workspaces/ros2/turtlebot3_ws/install/turtlebot3_fake_node:/workspaces/ros2/turtlebot3_ws/install/turtlebot3_example:/workspaces/ros2/turtlebot3_ws/install/turtlebot3_msgs:/workspaces/ros2/turtlebot3_ws/install/turtlebot3_gazebo:/workspaces/ros2/turtlebot3_ws/install/turtlebot3_description:/workspaces/ros2/turtlebot3_ws/install/turtlebot3_cartographer:/workspaces/ros2/turtlebot3_ws/install/dynamixel_sdk_examples:/workspaces/ros2/turtlebot3_ws/install/dynamixel_sdk_custom_interfaces:/workspaces/ros2/turtlebot3_ws/install/dynamixel_sdk:/workspaces/ros2/swerve_robot/install/swerve_robot_gazebo:/workspaces/ros2/swerve_robot/install/swerve_robot_description:/workspaces/ros2/ros2_ws/install/turtlebot3_static_path:/workspaces/ros2/assembed/install/assembed:/opt/ros/humble CMAKE_PREFIX_PATH=/workspaces/ros2/swerve_robot/install/swerve_robot_description:/workspaces/ros2/turtlebot3_ws/install/turtlebot3:/workspaces/ros2/turtlebot3_ws/install/turtlebot3_simulations:/workspaces/ros2/turtlebot3_ws/install/turtlebot3_bringup:/workspaces/ros2/turtlebot3_ws/install/turtlebot3_node:/workspaces/ros2/turtlebot3_ws/install/turtlebot3_navigation2:/workspaces/ros2/turtlebot3_ws/install/turtlebot3_fake_node:/workspaces/ros2/turtlebot3_ws/install/turtlebot3_msgs:/workspaces/ros2/turtlebot3_ws/install/turtlebot3_gazebo:/workspaces/ros2/turtlebot3_ws/install/turtlebot3_description:/workspaces/ros2/turtlebot3_ws/install/turtlebot3_cartographer:/workspaces/ros2/turtlebot3_ws/install/dynamixel_sdk_examples:/workspaces/ros2/turtlebot3_ws/install/dynamixel_sdk_custom_interfaces:/workspaces/ros2/turtlebot3_ws/install/dynamixel_sdk:/workspaces/ros2/assembed/install/assembed PYTHONPATH=/workspaces/ros2/swerve_robot/build/swerve_robot_gazebo/prefix_override:/usr/lib/python3/dist-packages/colcon_core/task/python/colcon_distutils_commands:/workspaces/ros2/swerve_robot/install/swerve_robot_gazebo/lib/python3.10/site-packages:/workspaces/ros2/swerve_robot/install/swerve_controller/lib/python3.10/site-packages:/workspaces/ros2/turtlebot3_ws/install/turtlebot3_teleop/lib/python3.10/site-packages:/workspaces/ros2/turtlebot3_ws/install/turtlebot3_example/lib/python3.10/site-packages:/workspaces/ros2/turtlebot3_ws/install/turtlebot3_msgs/local/lib/python3.10/dist-packages:/workspaces/ros2/turtlebot3_ws/install/dynamixel_sdk_custom_interfaces/local/lib/python3.10/dist-packages:/workspaces/ros2/swerve_robot/install/swerve_robot_gazebo/lib/python3.10/site-packages:/workspaces/ros2/ros2_ws/install/turtlebot3_static_path/lib/python3.10/site-packages:/opt/ros/humble/lib/python3.10/site-packages:/opt/ros/humble/local/lib/python3.10/dist-packages /usr/bin/python3 -W ignore:setup.py install is deprecated -W ignore:easy_install command is deprecated setup.py egg_info --egg-base ../../build/swerve_robot_gazebo build --build-base /workspaces/ros2/swerve_robot/build/swerve_robot_gazebo/build install --record /workspaces/ros2/swerve_robot/build/swerve_robot_gazebo/install.log --single-version-externally-managed install_data
[6.492s] Level 1:colcon.colcon_core.environment:checking '/workspaces/ros2/swerve_robot/install/swerve_robot_gazebo' for CMake module files
[6.493s] DEBUG:colcon.colcon_core.event_handler.log_command:Invoked command in '/workspaces/ros2/swerve_robot/src/swerve_robot_gazebo' returned '0': AMENT_PREFIX_PATH=/workspaces/ros2/swerve_robot/install/swerve_controller:/workspaces/ros2/turtlebot3_ws/install/turtlebot3:/workspaces/ros2/turtlebot3_ws/install/turtlebot3_teleop:/workspaces/ros2/turtlebot3_ws/install/turtlebot3_simulations:/workspaces/ros2/turtlebot3_ws/install/turtlebot3_bringup:/workspaces/ros2/turtlebot3_ws/install/turtlebot3_node:/workspaces/ros2/turtlebot3_ws/install/turtlebot3_navigation2:/workspaces/ros2/turtlebot3_ws/install/turtlebot3_fake_node:/workspaces/ros2/turtlebot3_ws/install/turtlebot3_example:/workspaces/ros2/turtlebot3_ws/install/turtlebot3_msgs:/workspaces/ros2/turtlebot3_ws/install/turtlebot3_gazebo:/workspaces/ros2/turtlebot3_ws/install/turtlebot3_description:/workspaces/ros2/turtlebot3_ws/install/turtlebot3_cartographer:/workspaces/ros2/turtlebot3_ws/install/dynamixel_sdk_examples:/workspaces/ros2/turtlebot3_ws/install/dynamixel_sdk_custom_interfaces:/workspaces/ros2/turtlebot3_ws/install/dynamixel_sdk:/workspaces/ros2/swerve_robot/install/swerve_robot_gazebo:/workspaces/ros2/swerve_robot/install/swerve_robot_description:/workspaces/ros2/ros2_ws/install/turtlebot3_static_path:/workspaces/ros2/assembed/install/assembed:/opt/ros/humble CMAKE_PREFIX_PATH=/workspaces/ros2/swerve_robot/install/swerve_robot_description:/workspaces/ros2/turtlebot3_ws/install/turtlebot3:/workspaces/ros2/turtlebot3_ws/install/turtlebot3_simulations:/workspaces/ros2/turtlebot3_ws/install/turtlebot3_bringup:/workspaces/ros2/turtlebot3_ws/install/turtlebot3_node:/workspaces/ros2/turtlebot3_ws/install/turtlebot3_navigation2:/workspaces/ros2/turtlebot3_ws/install/turtlebot3_fake_node:/workspaces/ros2/turtlebot3_ws/install/turtlebot3_msgs:/workspaces/ros2/turtlebot3_ws/install/turtlebot3_gazebo:/workspaces/ros2/turtlebot3_ws/install/turtlebot3_description:/workspaces/ros2/turtlebot3_ws/install/turtlebot3_cartographer:/workspaces/ros2/turtlebot3_ws/install/dynamixel_sdk_examples:/workspaces/ros2/turtlebot3_ws/install/dynamixel_sdk_custom_interfaces:/workspaces/ros2/turtlebot3_ws/install/dynamixel_sdk:/workspaces/ros2/assembed/install/assembed PYTHONPATH=/workspaces/ros2/swerve_robot/build/swerve_robot_gazebo/prefix_override:/usr/lib/python3/dist-packages/colcon_core/task/python/colcon_distutils_commands:/workspaces/ros2/swerve_robot/install/swerve_robot_gazebo/lib/python3.10/site-packages:/workspaces/ros2/swerve_robot/install/swerve_controller/lib/python3.10/site-packages:/workspaces/ros2/turtlebot3_ws/install/turtlebot3_teleop/lib/python3.10/site-packages:/workspaces/ros2/turtlebot3_ws/install/turtlebot3_example/lib/python3.10/site-packages:/workspaces/ros2/turtlebot3_ws/install/turtlebot3_msgs/local/lib/python3.10/dist-packages:/workspaces/ros2/turtlebot3_ws/install/dynamixel_sdk_custom_interfaces/local/lib/python3.10/dist-packages:/workspaces/ros2/swerve_robot/install/swerve_robot_gazebo/lib/python3.10/site-packages:/workspaces/ros2/ros2_ws/install/turtlebot3_static_path/lib/python3.10/site-packages:/opt/ros/humble/lib/python3.10/site-packages:/opt/ros/humble/local/lib/python3.10/dist-packages /usr/bin/python3 -W ignore:setup.py install is deprecated -W ignore:easy_install command is deprecated setup.py egg_info --egg-base ../../build/swerve_robot_gazebo build --build-base /workspaces/ros2/swerve_robot/build/swerve_robot_gazebo/build install --record /workspaces/ros2/swerve_robot/build/swerve_robot_gazebo/install.log --single-version-externally-managed install_data
[6.494s] Level 1:colcon.colcon_core.environment:checking '/workspaces/ros2/swerve_robot/install/swerve_robot_gazebo' for CMake config files
[6.496s] Level 1:colcon.colcon_core.environment:checking '/workspaces/ros2/swerve_robot/install/swerve_robot_gazebo/lib'
[6.496s] Level 1:colcon.colcon_core.environment:checking '/workspaces/ros2/swerve_robot/install/swerve_robot_gazebo/bin'
[6.496s] Level 1:colcon.colcon_core.environment:checking '/workspaces/ros2/swerve_robot/install/swerve_robot_gazebo/lib/pkgconfig/swerve_robot_gazebo.pc'
[6.497s] Level 1:colcon.colcon_core.environment:checking '/workspaces/ros2/swerve_robot/install/swerve_robot_gazebo/lib/python3.10/site-packages'
[6.497s] Level 1:colcon.colcon_core.shell:create_environment_hook('swerve_robot_gazebo', 'pythonpath')
[6.498s] INFO:colcon.colcon_core.shell:Creating environment hook '/workspaces/ros2/swerve_robot/install/swerve_robot_gazebo/share/swerve_robot_gazebo/hook/pythonpath.ps1'
[6.500s] INFO:colcon.colcon_core.shell:Creating environment descriptor '/workspaces/ros2/swerve_robot/install/swerve_robot_gazebo/share/swerve_robot_gazebo/hook/pythonpath.dsv'
[6.501s] INFO:colcon.colcon_core.shell:Creating environment hook '/workspaces/ros2/swerve_robot/install/swerve_robot_gazebo/share/swerve_robot_gazebo/hook/pythonpath.sh'
[6.502s] Level 1:colcon.colcon_core.environment:checking '/workspaces/ros2/swerve_robot/install/swerve_robot_gazebo/bin'
[6.503s] Level 1:colcon.colcon_core.environment:create_environment_scripts_only(swerve_robot_gazebo)
[6.504s] INFO:colcon.colcon_core.shell:Creating package script '/workspaces/ros2/swerve_robot/install/swerve_robot_gazebo/share/swerve_robot_gazebo/package.ps1'
[6.506s] INFO:colcon.colcon_core.shell:Creating package descriptor '/workspaces/ros2/swerve_robot/install/swerve_robot_gazebo/share/swerve_robot_gazebo/package.dsv'
[6.507s] INFO:colcon.colcon_core.shell:Creating package script '/workspaces/ros2/swerve_robot/install/swerve_robot_gazebo/share/swerve_robot_gazebo/package.sh'
[6.509s] INFO:colcon.colcon_core.shell:Creating package script '/workspaces/ros2/swerve_robot/install/swerve_robot_gazebo/share/swerve_robot_gazebo/package.bash'
[6.510s] INFO:colcon.colcon_core.shell:Creating package script '/workspaces/ros2/swerve_robot/install/swerve_robot_gazebo/share/swerve_robot_gazebo/package.zsh'
[6.511s] Level 1:colcon.colcon_core.environment:create_file_with_runtime_dependencies(/workspaces/ros2/swerve_robot/install/swerve_robot_gazebo/share/colcon-core/packages/swerve_robot_gazebo)
[6.512s] DEBUG:colcon.colcon_parallel_executor.executor.parallel:closing loop
[6.513s] DEBUG:colcon.colcon_parallel_executor.executor.parallel:loop closed
[6.513s] DEBUG:colcon.colcon_parallel_executor.executor.parallel:run_until_complete finished with '0'
[6.513s] DEBUG:colcon.colcon_core.event_reactor:joining thread
[6.541s] INFO:colcon.colcon_core.plugin_system:Skipping extension 'colcon_notification.desktop_notification.notify_send': Could not find 'notify-send'
[6.541s] INFO:colcon.colcon_core.plugin_system:Skipping extension 'colcon_notification.desktop_notification.terminal_notifier': Not used on non-Darwin systems
[6.541s] INFO:colcon.colcon_core.plugin_system:Skipping extension 'colcon_notification.desktop_notification.win32': Not used on non-Windows systems
[6.541s] INFO:colcon.colcon_notification.desktop_notification:Sending desktop notification using 'notify2'
[6.552s] DEBUG:colcon.colcon_notification.desktop_notification.notify2:Failed to initialize notify2: org.freedesktop.DBus.Error.Spawn.ExecFailed: /usr/bin/dbus-launch terminated abnormally without any error message
[6.553s] DEBUG:colcon.colcon_core.event_reactor:joined thread
[6.554s] INFO:colcon.colcon_core.shell:Creating prefix script '/workspaces/ros2/swerve_robot/install/local_setup.ps1'
[6.559s] INFO:colcon.colcon_core.shell:Creating prefix util module '/workspaces/ros2/swerve_robot/install/_local_setup_util_ps1.py'
[6.567s] INFO:colcon.colcon_core.shell:Creating prefix chain script '/workspaces/ros2/swerve_robot/install/setup.ps1'
[6.576s] INFO:colcon.colcon_core.shell:Creating prefix script '/workspaces/ros2/swerve_robot/install/local_setup.sh'
[6.578s] INFO:colcon.colcon_core.shell:Creating prefix util module '/workspaces/ros2/swerve_robot/install/_local_setup_util_sh.py'
[6.581s] INFO:colcon.colcon_core.shell:Creating prefix chain script '/workspaces/ros2/swerve_robot/install/setup.sh'
[6.587s] INFO:colcon.colcon_core.shell:Creating prefix script '/workspaces/ros2/swerve_robot/install/local_setup.bash'
[6.589s] INFO:colcon.colcon_core.shell:Creating prefix chain script '/workspaces/ros2/swerve_robot/install/setup.bash'
[6.596s] INFO:colcon.colcon_core.shell:Creating prefix script '/workspaces/ros2/swerve_robot/install/local_setup.zsh'
[6.597s] INFO:colcon.colcon_core.shell:Creating prefix chain script '/workspaces/ros2/swerve_robot/install/setup.zsh'
