[0.784s] Invoking command in '/workspaces/ros2-workspace/swerve_robot/src/swerve_controller': PYTHONPATH=/workspaces/ros2-workspace/swerve_robot/build/swerve_controller/prefix_override:/usr/lib/python3/dist-packages/colcon_core/task/python/colcon_distutils_commands:/workspaces/ros2-workspace/swerve_robot/install/swerve_controller/lib/python3.10/site-packages:${PYTHONPATH} /usr/bin/python3 -W ignore:setup.py install is deprecated -W ignore:easy_install command is deprecated setup.py egg_info --egg-base ../../build/swerve_controller build --build-base /workspaces/ros2-workspace/swerve_robot/build/swerve_controller/build install --record /workspaces/ros2-workspace/swerve_robot/build/swerve_controller/install.log --single-version-externally-managed install_data
[1.051s] running egg_info
[1.052s] writing ../../build/swerve_controller/swerve_controller.egg-info/PKG-INFO
[1.053s] writing dependency_links to ../../build/swerve_controller/swerve_controller.egg-info/dependency_links.txt
[1.054s] writing entry points to ../../build/swerve_controller/swerve_controller.egg-info/entry_points.txt
[1.054s] writing requirements to ../../build/swerve_controller/swerve_controller.egg-info/requires.txt
[1.057s] writing top-level names to ../../build/swerve_controller/swerve_controller.egg-info/top_level.txt
[1.060s] reading manifest file '../../build/swerve_controller/swerve_controller.egg-info/SOURCES.txt'
[1.062s] writing manifest file '../../build/swerve_controller/swerve_controller.egg-info/SOURCES.txt'
[1.062s] running build
[1.062s] running build_py
[1.062s] copying swerve_controller/swerve_commander.py -> /workspaces/ros2-workspace/swerve_robot/build/swerve_controller/build/lib/swerve_controller
[1.063s] copying swerve_controller/swerve_auto_commander.py -> /workspaces/ros2-workspace/swerve_robot/build/swerve_controller/build/lib/swerve_controller
[1.063s] running install
[1.064s] running install_lib
[1.065s] copying /workspaces/ros2-workspace/swerve_robot/build/swerve_controller/build/lib/swerve_controller/swerve_commander.py -> /workspaces/ros2-workspace/swerve_robot/install/swerve_controller/lib/python3.10/site-packages/swerve_controller
[1.065s] copying /workspaces/ros2-workspace/swerve_robot/build/swerve_controller/build/lib/swerve_controller/swerve_auto_commander.py -> /workspaces/ros2-workspace/swerve_robot/install/swerve_controller/lib/python3.10/site-packages/swerve_controller
[1.066s] byte-compiling /workspaces/ros2-workspace/swerve_robot/install/swerve_controller/lib/python3.10/site-packages/swerve_controller/swerve_commander.py to swerve_commander.cpython-310.pyc
[1.071s] byte-compiling /workspaces/ros2-workspace/swerve_robot/install/swerve_controller/lib/python3.10/site-packages/swerve_controller/swerve_auto_commander.py to swerve_auto_commander.cpython-310.pyc
[1.074s] running install_data
[1.074s] copying swerve_controller/swerve_commander.py -> /workspaces/ros2-workspace/swerve_robot/install/swerve_controller/share/swerve_controller/swerve_controller
[1.075s] copying swerve_controller/swerve_auto_commander.py -> /workspaces/ros2-workspace/swerve_robot/install/swerve_controller/share/swerve_controller/swerve_controller
[1.075s] running install_egg_info
[1.078s] removing '/workspaces/ros2-workspace/swerve_robot/install/swerve_controller/lib/python3.10/site-packages/swerve_controller-0.1.0-py3.10.egg-info' (and everything under it)
[1.078s] Copying ../../build/swerve_controller/swerve_controller.egg-info to /workspaces/ros2-workspace/swerve_robot/install/swerve_controller/lib/python3.10/site-packages/swerve_controller-0.1.0-py3.10.egg-info
[1.080s] running install_scripts
[1.110s] Installing swerve_auto_commander script to /workspaces/ros2-workspace/swerve_robot/install/swerve_controller/lib/swerve_controller
[1.110s] Installing swerve_commander script to /workspaces/ros2-workspace/swerve_robot/install/swerve_controller/lib/swerve_controller
[1.112s] Installing swerve_serial_publisher script to /workspaces/ros2-workspace/swerve_robot/install/swerve_controller/lib/swerve_controller
[1.115s] Installing wheel_cmd_publisher script to /workspaces/ros2-workspace/swerve_robot/install/swerve_controller/lib/swerve_controller
[1.117s] Installing wheel_odometry script to /workspaces/ros2-workspace/swerve_robot/install/swerve_controller/lib/swerve_controller
[1.118s] writing list of installed files to '/workspaces/ros2-workspace/swerve_robot/build/swerve_controller/install.log'
[1.185s] Invoked command in '/workspaces/ros2-workspace/swerve_robot/src/swerve_controller' returned '0': PYTHONPATH=/workspaces/ros2-workspace/swerve_robot/build/swerve_controller/prefix_override:/usr/lib/python3/dist-packages/colcon_core/task/python/colcon_distutils_commands:/workspaces/ros2-workspace/swerve_robot/install/swerve_controller/lib/python3.10/site-packages:${PYTHONPATH} /usr/bin/python3 -W ignore:setup.py install is deprecated -W ignore:easy_install command is deprecated setup.py egg_info --egg-base ../../build/swerve_controller build --build-base /workspaces/ros2-workspace/swerve_robot/build/swerve_controller/build install --record /workspaces/ros2-workspace/swerve_robot/build/swerve_controller/install.log --single-version-externally-managed install_data
