[0.324s] Invoking command in '/workspaces/ros2-workspace/swerve_robot/build/swerve_robot_description': CMAKE_PREFIX_PATH=/workspaces/ros2-workspace/swerve_robot/install/swerve_controller:/opt/ros/humble /usr/bin/cmake /workspaces/ros2-workspace/swerve_robot/src/swerve_robot_description -DCMAKE_INSTALL_PREFIX=/workspaces/ros2-workspace/swerve_robot/install/swerve_robot_description
[0.642s] -- The C compiler identification is GNU 11.4.0
[0.959s] -- The CXX compiler identification is GNU 11.4.0
[0.982s] -- Detecting C compiler ABI info
[1.140s] -- Detecting C compiler ABI info - done
[1.150s] -- Check for working C compiler: /usr/bin/cc - skipped
[1.151s] -- Detecting C compile features
[1.153s] -- Detecting C compile features - done
[1.159s] -- Detecting CXX compiler ABI info
[1.312s] -- Detecting CXX compiler ABI info - done
[1.319s] -- Check for working CXX compiler: /usr/bin/c++ - skipped
[1.319s] -- Detecting CXX compile features
[1.320s] -- Detecting CXX compile features - done
[1.333s] -- Found ament_cmake: 1.3.11 (/opt/ros/humble/share/ament_cmake/cmake)
[1.599s] -- Found Python3: /usr/bin/python3 (found version "3.10.12") found components: Interpreter 
[1.824s] [31mCMake Error at CMakeLists.txt:5 (find_package):
[1.824s]   By not providing "Findxacro.cmake" in CMAKE_MODULE_PATH this project has
[1.824s]   asked CMake to find a package configuration file provided by "xacro", but
[1.824s]   CMake did not find one.
[1.824s] 
[1.824s]   Could not find a package configuration file provided by "xacro" with any of
[1.824s]   the following names:
[1.824s] 
[1.824s]     xacroConfig.cmake
[1.824s]     xacro-config.cmake
[1.825s] 
[1.825s]   Add the installation prefix of "xacro" to CMAKE_PREFIX_PATH or set
[1.825s]   "xacro_DIR" to a directory containing one of the above files.  If "xacro"
[1.825s]   provides a separate development package or SDK, be sure it has been
[1.825s]   installed.
[1.825s] 
[1.825s] [0m
[1.825s] -- Configuring incomplete, errors occurred!
[1.825s] See also "/workspaces/ros2-workspace/swerve_robot/build/swerve_robot_description/CMakeFiles/CMakeOutput.log".
[1.832s] Invoked command in '/workspaces/ros2-workspace/swerve_robot/build/swerve_robot_description' returned '1': CMAKE_PREFIX_PATH=/workspaces/ros2-workspace/swerve_robot/install/swerve_controller:/opt/ros/humble /usr/bin/cmake /workspaces/ros2-workspace/swerve_robot/src/swerve_robot_description -DCMAKE_INSTALL_PREFIX=/workspaces/ros2-workspace/swerve_robot/install/swerve_robot_description
