[1.000s] Invoking command in '/workspaces/ros2/swerve_robot/src/swerve_controller': PYTHONPATH=/workspaces/ros2/swerve_robot/build/swerve_controller/prefix_override:/usr/lib/python3/dist-packages/colcon_core/task/python/colcon_distutils_commands:/workspaces/ros2/swerve_robot/install/swerve_controller/lib/python3.10/site-packages:${PYTHONPATH} /usr/bin/python3 -W ignore:setup.py install is deprecated -W ignore:easy_install command is deprecated setup.py egg_info --egg-base ../../build/swerve_controller build --build-base /workspaces/ros2/swerve_robot/build/swerve_controller/build install --record /workspaces/ros2/swerve_robot/build/swerve_controller/install.log --single-version-externally-managed install_data
[1.361s] running egg_info
[1.363s] writing ../../build/swerve_controller/swerve_controller.egg-info/PKG-INFO
[1.363s] writing dependency_links to ../../build/swerve_controller/swerve_controller.egg-info/dependency_links.txt
[1.363s] writing entry points to ../../build/swerve_controller/swerve_controller.egg-info/entry_points.txt
[1.363s] writing requirements to ../../build/swerve_controller/swerve_controller.egg-info/requires.txt
[1.363s] writing top-level names to ../../build/swerve_controller/swerve_controller.egg-info/top_level.txt
[1.369s] reading manifest file '../../build/swerve_controller/swerve_controller.egg-info/SOURCES.txt'
[1.371s] writing manifest file '../../build/swerve_controller/swerve_controller.egg-info/SOURCES.txt'
[1.371s] running build
[1.371s] running build_py
[1.371s] copying swerve_controller/swerve_auto_commander.py -> /workspaces/ros2/swerve_robot/build/swerve_controller/build/lib/swerve_controller
[1.372s] running install
[1.372s] running install_lib
[1.373s] copying /workspaces/ros2/swerve_robot/build/swerve_controller/build/lib/swerve_controller/swerve_auto_commander.py -> /workspaces/ros2/swerve_robot/install/swerve_controller/lib/python3.10/site-packages/swerve_controller
[1.375s] byte-compiling /workspaces/ros2/swerve_robot/install/swerve_controller/lib/python3.10/site-packages/swerve_controller/swerve_auto_commander.py to swerve_auto_commander.cpython-310.pyc
[1.378s] running install_data
[1.378s] copying swerve_controller/swerve_auto_commander.py -> /workspaces/ros2/swerve_robot/install/swerve_controller/share/swerve_controller/swerve_controller
[1.378s] running install_egg_info
[1.380s] removing '/workspaces/ros2/swerve_robot/install/swerve_controller/lib/python3.10/site-packages/swerve_controller-0.1.0-py3.10.egg-info' (and everything under it)
[1.381s] Copying ../../build/swerve_controller/swerve_controller.egg-info to /workspaces/ros2/swerve_robot/install/swerve_controller/lib/python3.10/site-packages/swerve_controller-0.1.0-py3.10.egg-info
[1.382s] running install_scripts
[1.417s] Installing swerve_auto_commander script to /workspaces/ros2/swerve_robot/install/swerve_controller/lib/swerve_controller
[1.418s] Installing swerve_serial_publisher script to /workspaces/ros2/swerve_robot/install/swerve_controller/lib/swerve_controller
[1.418s] Installing wheel_cmd_publisher script to /workspaces/ros2/swerve_robot/install/swerve_controller/lib/swerve_controller
[1.418s] Installing wheel_odometry script to /workspaces/ros2/swerve_robot/install/swerve_controller/lib/swerve_controller
[1.419s] writing list of installed files to '/workspaces/ros2/swerve_robot/build/swerve_controller/install.log'
[1.463s] Invoked command in '/workspaces/ros2/swerve_robot/src/swerve_controller' returned '0': PYTHONPATH=/workspaces/ros2/swerve_robot/build/swerve_controller/prefix_override:/usr/lib/python3/dist-packages/colcon_core/task/python/colcon_distutils_commands:/workspaces/ros2/swerve_robot/install/swerve_controller/lib/python3.10/site-packages:${PYTHONPATH} /usr/bin/python3 -W ignore:setup.py install is deprecated -W ignore:easy_install command is deprecated setup.py egg_info --egg-base ../../build/swerve_controller build --build-base /workspaces/ros2/swerve_robot/build/swerve_controller/build install --record /workspaces/ros2/swerve_robot/build/swerve_controller/install.log --single-version-externally-managed install_data
