[0.324s] Invoking command in '/workspaces/ros2-workspace/swerve_robot/build/swerve_robot_description': CMAKE_PREFIX_PATH=/workspaces/ros2-workspace/swerve_robot/install/swerve_controller:/opt/ros/humble /usr/bin/cmake /workspaces/ros2-workspace/swerve_robot/src/swerve_robot_description -DCMAKE_INSTALL_PREFIX=/workspaces/ros2-workspace/swerve_robot/install/swerve_robot_description
[0.377s] -- Found ament_cmake: 1.3.11 (/opt/ros/humble/share/ament_cmake/cmake)
[0.763s] [31mCMake Error at CMakeLists.txt:5 (find_package):
[0.763s]   By not providing "Findxacro.cmake" in CMAKE_MODULE_PATH this project has
[0.763s]   asked CMake to find a package configuration file provided by "xacro", but
[0.763s]   CMake did not find one.
[0.763s] 
[0.763s]   Could not find a package configuration file provided by "xacro" with any of
[0.764s]   the following names:
[0.764s] 
[0.764s]     xacroConfig.cmake
[0.764s]     xacro-config.cmake
[0.764s] 
[0.764s]   Add the installation prefix of "xacro" to CMAKE_PREFIX_PATH or set
[0.764s]   "xacro_DIR" to a directory containing one of the above files.  If "xacro"
[0.764s]   provides a separate development package or SDK, be sure it has been
[0.764s]   installed.
[0.764s] 
[0.764s] [0m
[0.765s] -- Configuring incomplete, errors occurred!
[0.765s] See also "/workspaces/ros2-workspace/swerve_robot/build/swerve_robot_description/CMakeFiles/CMakeOutput.log".
[0.780s] Invoked command in '/workspaces/ros2-workspace/swerve_robot/build/swerve_robot_description' returned '1': CMAKE_PREFIX_PATH=/workspaces/ros2-workspace/swerve_robot/install/swerve_controller:/opt/ros/humble /usr/bin/cmake /workspaces/ros2-workspace/swerve_robot/src/swerve_robot_description -DCMAKE_INSTALL_PREFIX=/workspaces/ros2-workspace/swerve_robot/install/swerve_robot_description
