running egg_info
creating ../../build/swerve_controller/swerve_controller.egg-info
writing ../../build/swerve_controller/swerve_controller.egg-info/PKG-INFO
writing dependency_links to ../../build/swerve_controller/swerve_controller.egg-info/dependency_links.txt
writing entry points to ../../build/swerve_controller/swerve_controller.egg-info/entry_points.txt
writing requirements to ../../build/swerve_controller/swerve_controller.egg-info/requires.txt
writing top-level names to ../../build/swerve_controller/swerve_controller.egg-info/top_level.txt
writing manifest file '../../build/swerve_controller/swerve_controller.egg-info/SOURCES.txt'
reading manifest file '../../build/swerve_controller/swerve_controller.egg-info/SOURCES.txt'
writing manifest file '../../build/swerve_controller/swerve_controller.egg-info/SOURCES.txt'
running build
running build_py
creating /workspaces/ros2-workspace/swerve_robot/build/swerve_controller/build
creating /workspaces/ros2-workspace/swerve_robot/build/swerve_controller/build/lib
creating /workspaces/ros2-workspace/swerve_robot/build/swerve_controller/build/lib/swerve_controller
copying swerve_controller/swerve_auto_commander.py -> /workspaces/ros2-workspace/swerve_robot/build/swerve_controller/build/lib/swerve_controller
copying swerve_controller/swerve_odometer.py -> /workspaces/ros2-workspace/swerve_robot/build/swerve_controller/build/lib/swerve_controller
copying swerve_controller/__init__.py -> /workspaces/ros2-workspace/swerve_robot/build/swerve_controller/build/lib/swerve_controller
copying swerve_controller/swerve_serial_publisher.py -> /workspaces/ros2-workspace/swerve_robot/build/swerve_controller/build/lib/swerve_controller
copying swerve_controller/swerve_joints.py -> /workspaces/ros2-workspace/swerve_robot/build/swerve_controller/build/lib/swerve_controller
running install
running install_lib
creating /workspaces/ros2-workspace/swerve_robot/install/swerve_controller/lib/python3.10/site-packages/swerve_controller
copying /workspaces/ros2-workspace/swerve_robot/build/swerve_controller/build/lib/swerve_controller/swerve_auto_commander.py -> /workspaces/ros2-workspace/swerve_robot/install/swerve_controller/lib/python3.10/site-packages/swerve_controller
copying /workspaces/ros2-workspace/swerve_robot/build/swerve_controller/build/lib/swerve_controller/swerve_odometer.py -> /workspaces/ros2-workspace/swerve_robot/install/swerve_controller/lib/python3.10/site-packages/swerve_controller
copying /workspaces/ros2-workspace/swerve_robot/build/swerve_controller/build/lib/swerve_controller/__init__.py -> /workspaces/ros2-workspace/swerve_robot/install/swerve_controller/lib/python3.10/site-packages/swerve_controller
copying /workspaces/ros2-workspace/swerve_robot/build/swerve_controller/build/lib/swerve_controller/swerve_serial_publisher.py -> /workspaces/ros2-workspace/swerve_robot/install/swerve_controller/lib/python3.10/site-packages/swerve_controller
copying /workspaces/ros2-workspace/swerve_robot/build/swerve_controller/build/lib/swerve_controller/swerve_joints.py -> /workspaces/ros2-workspace/swerve_robot/install/swerve_controller/lib/python3.10/site-packages/swerve_controller
byte-compiling /workspaces/ros2-workspace/swerve_robot/install/swerve_controller/lib/python3.10/site-packages/swerve_controller/swerve_auto_commander.py to swerve_auto_commander.cpython-310.pyc
byte-compiling /workspaces/ros2-workspace/swerve_robot/install/swerve_controller/lib/python3.10/site-packages/swerve_controller/swerve_odometer.py to swerve_odometer.cpython-310.pyc
byte-compiling /workspaces/ros2-workspace/swerve_robot/install/swerve_controller/lib/python3.10/site-packages/swerve_controller/__init__.py to __init__.cpython-310.pyc
byte-compiling /workspaces/ros2-workspace/swerve_robot/install/swerve_controller/lib/python3.10/site-packages/swerve_controller/swerve_serial_publisher.py to swerve_serial_publisher.cpython-310.pyc
byte-compiling /workspaces/ros2-workspace/swerve_robot/install/swerve_controller/lib/python3.10/site-packages/swerve_controller/swerve_joints.py to swerve_joints.cpython-310.pyc
running install_data
creating /workspaces/ros2-workspace/swerve_robot/install/swerve_controller/share/ament_index
creating /workspaces/ros2-workspace/swerve_robot/install/swerve_controller/share/ament_index/resource_index
creating /workspaces/ros2-workspace/swerve_robot/install/swerve_controller/share/ament_index/resource_index/packages
copying resource/swerve_controller -> /workspaces/ros2-workspace/swerve_robot/install/swerve_controller/share/ament_index/resource_index/packages
copying package.xml -> /workspaces/ros2-workspace/swerve_robot/install/swerve_controller/share/swerve_controller
creating /workspaces/ros2-workspace/swerve_robot/install/swerve_controller/share/swerve_controller/launch
copying launch/swerve_control_odom.launch.py -> /workspaces/ros2-workspace/swerve_robot/install/swerve_controller/share/swerve_controller/launch
copying launch/swerve_arduino.launch.py -> /workspaces/ros2-workspace/swerve_robot/install/swerve_controller/share/swerve_controller/launch
copying launch/swerve_auto.launch.py -> /workspaces/ros2-workspace/swerve_robot/install/swerve_controller/share/swerve_controller/launch
creating /workspaces/ros2-workspace/swerve_robot/install/swerve_controller/share/swerve_controller/config
copying config/robot_geometry.yaml -> /workspaces/ros2-workspace/swerve_robot/install/swerve_controller/share/swerve_controller/config
copying config/controller.yaml -> /workspaces/ros2-workspace/swerve_robot/install/swerve_controller/share/swerve_controller/config
creating /workspaces/ros2-workspace/swerve_robot/install/swerve_controller/share/swerve_controller/swerve_controller
copying swerve_controller/swerve_auto_commander.py -> /workspaces/ros2-workspace/swerve_robot/install/swerve_controller/share/swerve_controller/swerve_controller
copying swerve_controller/swerve_odometer.py -> /workspaces/ros2-workspace/swerve_robot/install/swerve_controller/share/swerve_controller/swerve_controller
copying swerve_controller/__init__.py -> /workspaces/ros2-workspace/swerve_robot/install/swerve_controller/share/swerve_controller/swerve_controller
copying swerve_controller/swerve_serial_publisher.py -> /workspaces/ros2-workspace/swerve_robot/install/swerve_controller/share/swerve_controller/swerve_controller
copying swerve_controller/swerve_joints.py -> /workspaces/ros2-workspace/swerve_robot/install/swerve_controller/share/swerve_controller/swerve_controller
running install_egg_info
Copying ../../build/swerve_controller/swerve_controller.egg-info to /workspaces/ros2-workspace/swerve_robot/install/swerve_controller/lib/python3.10/site-packages/swerve_controller-0.1.0-py3.10.egg-info
running install_scripts
Installing swerve_auto_commander script to /workspaces/ros2-workspace/swerve_robot/install/swerve_controller/lib/swerve_controller
Installing swerve_commander script to /workspaces/ros2-workspace/swerve_robot/install/swerve_controller/lib/swerve_controller
Installing swerve_serial_publisher script to /workspaces/ros2-workspace/swerve_robot/install/swerve_controller/lib/swerve_controller
Installing wheel_cmd_publisher script to /workspaces/ros2-workspace/swerve_robot/install/swerve_controller/lib/swerve_controller
Installing wheel_odometry script to /workspaces/ros2-workspace/swerve_robot/install/swerve_controller/lib/swerve_controller
writing list of installed files to '/workspaces/ros2-workspace/swerve_robot/build/swerve_controller/install.log'
