[1.743s] Invoking command in '/workspaces/ros2-workspace/swerve_robot/src/swerve_controller': PYTHONPATH=/workspaces/ros2-workspace/swerve_robot/build/swerve_controller/prefix_override:/usr/lib/python3/dist-packages/colcon_core/task/python/colcon_distutils_commands:/workspaces/ros2-workspace/swerve_robot/install/swerve_controller/lib/python3.10/site-packages:${PYTHONPATH} /usr/bin/python3 -W ignore:setup.py install is deprecated -W ignore:easy_install command is deprecated setup.py egg_info --egg-base ../../build/swerve_controller build --build-base /workspaces/ros2-workspace/swerve_robot/build/swerve_controller/build install --record /workspaces/ros2-workspace/swerve_robot/build/swerve_controller/install.log --single-version-externally-managed install_data
[2.307s] running egg_info
[2.309s] writing ../../build/swerve_controller/swerve_controller.egg-info/PKG-INFO
[2.310s] writing dependency_links to ../../build/swerve_controller/swerve_controller.egg-info/dependency_links.txt
[2.310s] writing entry points to ../../build/swerve_controller/swerve_controller.egg-info/entry_points.txt
[2.310s] writing requirements to ../../build/swerve_controller/swerve_controller.egg-info/requires.txt
[2.311s] writing top-level names to ../../build/swerve_controller/swerve_controller.egg-info/top_level.txt
[2.323s] reading manifest file '../../build/swerve_controller/swerve_controller.egg-info/SOURCES.txt'
[2.323s] writing manifest file '../../build/swerve_controller/swerve_controller.egg-info/SOURCES.txt'
[2.324s] running build
[2.324s] running build_py
[2.324s] copying swerve_controller/swerve_serial_publisher.py -> /workspaces/ros2-workspace/swerve_robot/build/swerve_controller/build/lib/swerve_controller
[2.324s] running install
[2.334s] running install_lib
[2.335s] copying /workspaces/ros2-workspace/swerve_robot/build/swerve_controller/build/lib/swerve_controller/swerve_serial_publisher.py -> /workspaces/ros2-workspace/swerve_robot/install/swerve_controller/lib/python3.10/site-packages/swerve_controller
[2.335s] byte-compiling /workspaces/ros2-workspace/swerve_robot/install/swerve_controller/lib/python3.10/site-packages/swerve_controller/swerve_serial_publisher.py to swerve_serial_publisher.cpython-310.pyc
[2.336s] running install_data
[2.337s] copying swerve_controller/swerve_serial_publisher.py -> /workspaces/ros2-workspace/swerve_robot/install/swerve_controller/share/swerve_controller/swerve_controller
[2.338s] running install_egg_info
[2.346s] removing '/workspaces/ros2-workspace/swerve_robot/install/swerve_controller/lib/python3.10/site-packages/swerve_controller-0.1.0-py3.10.egg-info' (and everything under it)
[2.347s] Copying ../../build/swerve_controller/swerve_controller.egg-info to /workspaces/ros2-workspace/swerve_robot/install/swerve_controller/lib/python3.10/site-packages/swerve_controller-0.1.0-py3.10.egg-info
[2.349s] running install_scripts
[2.407s] Installing bno055_imu_publisher script to /workspaces/ros2-workspace/swerve_robot/install/swerve_controller/lib/swerve_controller
[2.409s] Installing emergency_shutdown_node script to /workspaces/ros2-workspace/swerve_robot/install/swerve_controller/lib/swerve_controller
[2.411s] Installing swerve_auto_commander script to /workspaces/ros2-workspace/swerve_robot/install/swerve_controller/lib/swerve_controller
[2.413s] Installing swerve_commander script to /workspaces/ros2-workspace/swerve_robot/install/swerve_controller/lib/swerve_controller
[2.416s] Installing swerve_joy_controller script to /workspaces/ros2-workspace/swerve_robot/install/swerve_controller/lib/swerve_controller
[2.416s] Installing swerve_serial_publisher script to /workspaces/ros2-workspace/swerve_robot/install/swerve_controller/lib/swerve_controller
[2.418s] Installing wheel_cmd_publisher script to /workspaces/ros2-workspace/swerve_robot/install/swerve_controller/lib/swerve_controller
[2.420s] Installing wheel_odometry script to /workspaces/ros2-workspace/swerve_robot/install/swerve_controller/lib/swerve_controller
[2.420s] writing list of installed files to '/workspaces/ros2-workspace/swerve_robot/build/swerve_controller/install.log'
[2.591s] Invoked command in '/workspaces/ros2-workspace/swerve_robot/src/swerve_controller' returned '0': PYTHONPATH=/workspaces/ros2-workspace/swerve_robot/build/swerve_controller/prefix_override:/usr/lib/python3/dist-packages/colcon_core/task/python/colcon_distutils_commands:/workspaces/ros2-workspace/swerve_robot/install/swerve_controller/lib/python3.10/site-packages:${PYTHONPATH} /usr/bin/python3 -W ignore:setup.py install is deprecated -W ignore:easy_install command is deprecated setup.py egg_info --egg-base ../../build/swerve_controller build --build-base /workspaces/ros2-workspace/swerve_robot/build/swerve_controller/build install --record /workspaces/ros2-workspace/swerve_robot/build/swerve_controller/install.log --single-version-externally-managed install_data
