[4.437s] DEBUG:colcon:Command line arguments: ['/usr/bin/colcon', 'build', '--packages-select', 'swerve_controller']
[4.437s] DEBUG:colcon:Parsed command line arguments: Namespace(log_base=None, log_level=None, verb_name='build', build_base='build', install_base='install', merge_install=False, symlink_install=False, test_result_base=None, continue_on_error=False, executor='parallel', parallel_workers=4, event_handlers=None, ignore_user_meta=False, metas=['./colcon.meta'], base_paths=['.'], packages_ignore=None, packages_ignore_regex=None, paths=None, packages_up_to=None, packages_up_to_regex=None, packages_above=None, packages_above_and_dependencies=None, packages_above_depth=None, packages_select_by_dep=None, packages_skip_by_dep=None, packages_skip_up_to=None, packages_select_build_failed=False, packages_skip_build_finished=False, packages_select_test_failures=False, packages_skip_test_passed=False, packages_select=['swerve_controller'], packages_skip=None, packages_select_regex=None, packages_skip_regex=None, packages_start=None, packages_end=None, cmake_args=None, cmake_target=None, cmake_target_skip_unavailable=False, cmake_clean_cache=False, cmake_clean_first=False, cmake_force_configure=False, ament_cmake_args=None, catkin_cmake_args=None, catkin_skip_building_tests=False, mixin_files=None, mixin=None, verb_parser=<colcon_mixin.mixin.mixin_argument.MixinArgumentDecorator object at 0xffffbddc67d0>, verb_extension=<colcon_core.verb.build.BuildVerb object at 0xffffbdee3700>, main=<bound method BuildVerb.main of <colcon_core.verb.build.BuildVerb object at 0xffffbdee3700>>, mixin_verb=('build',))
[4.654s] Level 1:colcon.colcon_core.package_discovery:discover_packages(colcon_meta) check parameters
[4.655s] Level 1:colcon.colcon_core.package_discovery:discover_packages(recursive) check parameters
[4.655s] Level 1:colcon.colcon_core.package_discovery:discover_packages(ignore) check parameters
[4.655s] Level 1:colcon.colcon_core.package_discovery:discover_packages(path) check parameters
[4.655s] Level 1:colcon.colcon_core.package_discovery:discover_packages(colcon_meta) discover
[4.655s] Level 1:colcon.colcon_core.package_discovery:discover_packages(recursive) discover
[4.655s] INFO:colcon.colcon_core.package_discovery:Crawling recursively for packages in '/workspaces/ros2-workspace/swerve_robot'
[4.655s] Level 1:colcon.colcon_core.package_identification:_identify(.) by extensions ['ignore', 'ignore_ament_install']
[4.655s] Level 1:colcon.colcon_core.package_identification:_identify(.) by extension 'ignore'
[4.656s] Level 1:colcon.colcon_core.package_identification:_identify(.) by extension 'ignore_ament_install'
[4.656s] Level 1:colcon.colcon_core.package_identification:_identify(.) by extensions ['colcon_pkg']
[4.656s] Level 1:colcon.colcon_core.package_identification:_identify(.) by extension 'colcon_pkg'
[4.656s] Level 1:colcon.colcon_core.package_identification:_identify(.) by extensions ['colcon_meta']
[4.656s] Level 1:colcon.colcon_core.package_identification:_identify(.) by extension 'colcon_meta'
[4.656s] Level 1:colcon.colcon_core.package_identification:_identify(.) by extensions ['ros']
[4.656s] Level 1:colcon.colcon_core.package_identification:_identify(.) by extension 'ros'
[4.691s] Level 1:colcon.colcon_core.package_identification:_identify(.) by extensions ['cmake', 'python']
[4.691s] Level 1:colcon.colcon_core.package_identification:_identify(.) by extension 'cmake'
[4.691s] Level 1:colcon.colcon_core.package_identification:_identify(.) by extension 'python'
[4.692s] Level 1:colcon.colcon_core.package_identification:_identify(.) by extensions ['python_setup_py']
[4.692s] Level 1:colcon.colcon_core.package_identification:_identify(.) by extension 'python_setup_py'
[4.692s] Level 1:colcon.colcon_core.package_identification:_identify(build) by extensions ['ignore', 'ignore_ament_install']
[4.692s] Level 1:colcon.colcon_core.package_identification:_identify(build) by extension 'ignore'
[4.692s] Level 1:colcon.colcon_core.package_identification:_identify(build) ignored
[4.693s] Level 1:colcon.colcon_core.package_identification:_identify(install) by extensions ['ignore', 'ignore_ament_install']
[4.693s] Level 1:colcon.colcon_core.package_identification:_identify(install) by extension 'ignore'
[4.693s] Level 1:colcon.colcon_core.package_identification:_identify(install) ignored
[4.693s] Level 1:colcon.colcon_core.package_identification:_identify(log) by extensions ['ignore', 'ignore_ament_install']
[4.694s] Level 1:colcon.colcon_core.package_identification:_identify(log) by extension 'ignore'
[4.694s] Level 1:colcon.colcon_core.package_identification:_identify(log) ignored
[4.694s] Level 1:colcon.colcon_core.package_identification:_identify(src) by extensions ['ignore', 'ignore_ament_install']
[4.694s] Level 1:colcon.colcon_core.package_identification:_identify(src) by extension 'ignore'
[4.694s] Level 1:colcon.colcon_core.package_identification:_identify(src) by extension 'ignore_ament_install'
[4.695s] Level 1:colcon.colcon_core.package_identification:_identify(src) by extensions ['colcon_pkg']
[4.695s] Level 1:colcon.colcon_core.package_identification:_identify(src) by extension 'colcon_pkg'
[4.695s] Level 1:colcon.colcon_core.package_identification:_identify(src) by extensions ['colcon_meta']
[4.695s] Level 1:colcon.colcon_core.package_identification:_identify(src) by extension 'colcon_meta'
[4.695s] Level 1:colcon.colcon_core.package_identification:_identify(src) by extensions ['ros']
[4.695s] Level 1:colcon.colcon_core.package_identification:_identify(src) by extension 'ros'
[4.695s] Level 1:colcon.colcon_core.package_identification:_identify(src) by extensions ['cmake', 'python']
[4.695s] Level 1:colcon.colcon_core.package_identification:_identify(src) by extension 'cmake'
[4.695s] Level 1:colcon.colcon_core.package_identification:_identify(src) by extension 'python'
[4.696s] Level 1:colcon.colcon_core.package_identification:_identify(src) by extensions ['python_setup_py']
[4.696s] Level 1:colcon.colcon_core.package_identification:_identify(src) by extension 'python_setup_py'
[4.696s] Level 1:colcon.colcon_core.package_identification:_identify(src/swerve_controller) by extensions ['ignore', 'ignore_ament_install']
[4.696s] Level 1:colcon.colcon_core.package_identification:_identify(src/swerve_controller) by extension 'ignore'
[4.696s] Level 1:colcon.colcon_core.package_identification:_identify(src/swerve_controller) by extension 'ignore_ament_install'
[4.696s] Level 1:colcon.colcon_core.package_identification:_identify(src/swerve_controller) by extensions ['colcon_pkg']
[4.697s] Level 1:colcon.colcon_core.package_identification:_identify(src/swerve_controller) by extension 'colcon_pkg'
[4.697s] Level 1:colcon.colcon_core.package_identification:_identify(src/swerve_controller) by extensions ['colcon_meta']
[4.697s] Level 1:colcon.colcon_core.package_identification:_identify(src/swerve_controller) by extension 'colcon_meta'
[4.697s] Level 1:colcon.colcon_core.package_identification:_identify(src/swerve_controller) by extensions ['ros']
[4.697s] Level 1:colcon.colcon_core.package_identification:_identify(src/swerve_controller) by extension 'ros'
[4.706s] DEBUG:colcon.colcon_core.package_identification:Package 'src/swerve_controller' with type 'ros.ament_python' and name 'swerve_controller'
[4.706s] Level 1:colcon.colcon_core.package_identification:_identify(src/swerve_robot_description) by extensions ['ignore', 'ignore_ament_install']
[4.706s] Level 1:colcon.colcon_core.package_identification:_identify(src/swerve_robot_description) by extension 'ignore'
[4.706s] Level 1:colcon.colcon_core.package_identification:_identify(src/swerve_robot_description) by extension 'ignore_ament_install'
[4.707s] Level 1:colcon.colcon_core.package_identification:_identify(src/swerve_robot_description) by extensions ['colcon_pkg']
[4.707s] Level 1:colcon.colcon_core.package_identification:_identify(src/swerve_robot_description) by extension 'colcon_pkg'
[4.707s] Level 1:colcon.colcon_core.package_identification:_identify(src/swerve_robot_description) by extensions ['colcon_meta']
[4.707s] Level 1:colcon.colcon_core.package_identification:_identify(src/swerve_robot_description) by extension 'colcon_meta'
[4.707s] Level 1:colcon.colcon_core.package_identification:_identify(src/swerve_robot_description) by extensions ['ros']
[4.707s] Level 1:colcon.colcon_core.package_identification:_identify(src/swerve_robot_description) by extension 'ros'
[4.709s] DEBUG:colcon.colcon_core.package_identification:Package 'src/swerve_robot_description' with type 'ros.ament_cmake' and name 'swerve_robot_description'
[4.710s] Level 1:colcon.colcon_core.package_identification:_identify(src/swerve_robot_gazebo) by extensions ['ignore', 'ignore_ament_install']
[4.710s] Level 1:colcon.colcon_core.package_identification:_identify(src/swerve_robot_gazebo) by extension 'ignore'
[4.710s] Level 1:colcon.colcon_core.package_identification:_identify(src/swerve_robot_gazebo) by extension 'ignore_ament_install'
[4.710s] Level 1:colcon.colcon_core.package_identification:_identify(src/swerve_robot_gazebo) by extensions ['colcon_pkg']
[4.710s] Level 1:colcon.colcon_core.package_identification:_identify(src/swerve_robot_gazebo) by extension 'colcon_pkg'
[4.710s] Level 1:colcon.colcon_core.package_identification:_identify(src/swerve_robot_gazebo) by extensions ['colcon_meta']
[4.710s] Level 1:colcon.colcon_core.package_identification:_identify(src/swerve_robot_gazebo) by extension 'colcon_meta'
[4.711s] Level 1:colcon.colcon_core.package_identification:_identify(src/swerve_robot_gazebo) by extensions ['ros']
[4.711s] Level 1:colcon.colcon_core.package_identification:_identify(src/swerve_robot_gazebo) by extension 'ros'
[4.714s] DEBUG:colcon.colcon_core.package_identification:Package 'src/swerve_robot_gazebo' with type 'ros.ament_python' and name 'swerve_robot_gazebo'
[4.714s] Level 1:colcon.colcon_core.package_discovery:discover_packages(recursive) using defaults
[4.714s] Level 1:colcon.colcon_core.package_discovery:discover_packages(ignore) discover
[4.714s] Level 1:colcon.colcon_core.package_discovery:discover_packages(ignore) using defaults
[4.714s] Level 1:colcon.colcon_core.package_discovery:discover_packages(path) discover
[4.714s] Level 1:colcon.colcon_core.package_discovery:discover_packages(path) using defaults
[4.762s] INFO:colcon.colcon_core.package_selection:Skipping not selected package 'swerve_robot_description' in 'src/swerve_robot_description'
[4.762s] INFO:colcon.colcon_core.package_selection:Skipping not selected package 'swerve_robot_gazebo' in 'src/swerve_robot_gazebo'
[4.763s] Level 5:colcon.colcon_core.verb:set package 'swerve_controller' build argument 'cmake_args' from command line to 'None'
[4.763s] Level 5:colcon.colcon_core.verb:set package 'swerve_controller' build argument 'cmake_target' from command line to 'None'
[4.763s] Level 5:colcon.colcon_core.verb:set package 'swerve_controller' build argument 'cmake_target_skip_unavailable' from command line to 'False'
[4.763s] Level 5:colcon.colcon_core.verb:set package 'swerve_controller' build argument 'cmake_clean_cache' from command line to 'False'
[4.763s] Level 5:colcon.colcon_core.verb:set package 'swerve_controller' build argument 'cmake_clean_first' from command line to 'False'
[4.764s] Level 5:colcon.colcon_core.verb:set package 'swerve_controller' build argument 'cmake_force_configure' from command line to 'False'
[4.764s] Level 5:colcon.colcon_core.verb:set package 'swerve_controller' build argument 'ament_cmake_args' from command line to 'None'
[4.764s] Level 5:colcon.colcon_core.verb:set package 'swerve_controller' build argument 'catkin_cmake_args' from command line to 'None'
[4.764s] Level 5:colcon.colcon_core.verb:set package 'swerve_controller' build argument 'catkin_skip_building_tests' from command line to 'False'
[4.764s] DEBUG:colcon.colcon_core.verb:Building package 'swerve_controller' with the following arguments: {'ament_cmake_args': None, 'build_base': '/workspaces/ros2-workspace/swerve_robot/build/swerve_controller', 'catkin_cmake_args': None, 'catkin_skip_building_tests': False, 'cmake_args': None, 'cmake_clean_cache': False, 'cmake_clean_first': False, 'cmake_force_configure': False, 'cmake_target': None, 'cmake_target_skip_unavailable': False, 'install_base': '/workspaces/ros2-workspace/swerve_robot/install/swerve_controller', 'merge_install': False, 'path': '/workspaces/ros2-workspace/swerve_robot/src/swerve_controller', 'symlink_install': False, 'test_result_base': None}
[4.764s] INFO:colcon.colcon_core.executor:Executing jobs using 'parallel' executor
[4.767s] DEBUG:colcon.colcon_parallel_executor.executor.parallel:run_until_complete
[4.768s] INFO:colcon.colcon_ros.task.ament_python.build:Building ROS package in '/workspaces/ros2-workspace/swerve_robot/src/swerve_controller' with build type 'ament_python'
[4.768s] Level 1:colcon.colcon_core.shell:create_environment_hook('swerve_controller', 'ament_prefix_path')
[4.779s] INFO:colcon.colcon_core.plugin_system:Skipping extension 'colcon_core.shell.bat': Not used on non-Windows systems
[4.779s] INFO:colcon.colcon_core.shell:Creating environment hook '/workspaces/ros2-workspace/swerve_robot/install/swerve_controller/share/swerve_controller/hook/ament_prefix_path.ps1'
[4.782s] INFO:colcon.colcon_core.shell:Creating environment descriptor '/workspaces/ros2-workspace/swerve_robot/install/swerve_controller/share/swerve_controller/hook/ament_prefix_path.dsv'
[4.785s] INFO:colcon.colcon_core.shell:Creating environment hook '/workspaces/ros2-workspace/swerve_robot/install/swerve_controller/share/swerve_controller/hook/ament_prefix_path.sh'
[4.787s] INFO:colcon.colcon_core.shell:Skip shell extension 'powershell' for command environment: Not usable outside of PowerShell
[4.788s] DEBUG:colcon.colcon_core.shell:Skip shell extension 'dsv' for command environment
[5.294s] INFO:colcon.colcon_core.task.python.build:Building Python package in '/workspaces/ros2-workspace/swerve_robot/src/swerve_controller'
[5.295s] INFO:colcon.colcon_core.shell:Skip shell extension 'powershell' for command environment: Not usable outside of PowerShell
[5.295s] DEBUG:colcon.colcon_core.shell:Skip shell extension 'dsv' for command environment
[6.120s] DEBUG:colcon.colcon_core.event_handler.log_command:Invoking command in '/workspaces/ros2-workspace/swerve_robot/src/swerve_controller': PYTHONPATH=/workspaces/ros2-workspace/swerve_robot/build/swerve_controller/prefix_override:/usr/lib/python3/dist-packages/colcon_core/task/python/colcon_distutils_commands:/workspaces/ros2-workspace/swerve_robot/install/swerve_controller/lib/python3.10/site-packages:${PYTHONPATH} /usr/bin/python3 -W ignore:setup.py install is deprecated -W ignore:easy_install command is deprecated setup.py egg_info --egg-base ../../build/swerve_controller build --build-base /workspaces/ros2-workspace/swerve_robot/build/swerve_controller/build install --record /workspaces/ros2-workspace/swerve_robot/build/swerve_controller/install.log --single-version-externally-managed install_data
[6.672s] DEBUG:colcon.colcon_core.event_handler.log_command:Invoked command in '/workspaces/ros2-workspace/swerve_robot/src/swerve_controller' returned '0': PYTHONPATH=/workspaces/ros2-workspace/swerve_robot/build/swerve_controller/prefix_override:/usr/lib/python3/dist-packages/colcon_core/task/python/colcon_distutils_commands:/workspaces/ros2-workspace/swerve_robot/install/swerve_controller/lib/python3.10/site-packages:${PYTHONPATH} /usr/bin/python3 -W ignore:setup.py install is deprecated -W ignore:easy_install command is deprecated setup.py egg_info --egg-base ../../build/swerve_controller build --build-base /workspaces/ros2-workspace/swerve_robot/build/swerve_controller/build install --record /workspaces/ros2-workspace/swerve_robot/build/swerve_controller/install.log --single-version-externally-managed install_data
[6.685s] Level 1:colcon.colcon_core.environment:checking '/workspaces/ros2-workspace/swerve_robot/install/swerve_controller' for CMake module files
[6.686s] Level 1:colcon.colcon_core.environment:checking '/workspaces/ros2-workspace/swerve_robot/install/swerve_controller' for CMake config files
[6.688s] Level 1:colcon.colcon_core.environment:checking '/workspaces/ros2-workspace/swerve_robot/install/swerve_controller/lib'
[6.689s] Level 1:colcon.colcon_core.environment:checking '/workspaces/ros2-workspace/swerve_robot/install/swerve_controller/bin'
[6.689s] Level 1:colcon.colcon_core.environment:checking '/workspaces/ros2-workspace/swerve_robot/install/swerve_controller/lib/pkgconfig/swerve_controller.pc'
[6.690s] Level 1:colcon.colcon_core.environment:checking '/workspaces/ros2-workspace/swerve_robot/install/swerve_controller/lib/python3.10/site-packages'
[6.690s] Level 1:colcon.colcon_core.shell:create_environment_hook('swerve_controller', 'pythonpath')
[6.690s] INFO:colcon.colcon_core.shell:Creating environment hook '/workspaces/ros2-workspace/swerve_robot/install/swerve_controller/share/swerve_controller/hook/pythonpath.ps1'
[6.691s] INFO:colcon.colcon_core.shell:Creating environment descriptor '/workspaces/ros2-workspace/swerve_robot/install/swerve_controller/share/swerve_controller/hook/pythonpath.dsv'
[6.692s] INFO:colcon.colcon_core.shell:Creating environment hook '/workspaces/ros2-workspace/swerve_robot/install/swerve_controller/share/swerve_controller/hook/pythonpath.sh'
[6.693s] Level 1:colcon.colcon_core.environment:checking '/workspaces/ros2-workspace/swerve_robot/install/swerve_controller/bin'
[6.693s] Level 1:colcon.colcon_core.environment:create_environment_scripts_only(swerve_controller)
[6.694s] INFO:colcon.colcon_core.shell:Creating package script '/workspaces/ros2-workspace/swerve_robot/install/swerve_controller/share/swerve_controller/package.ps1'
[6.696s] INFO:colcon.colcon_core.shell:Creating package descriptor '/workspaces/ros2-workspace/swerve_robot/install/swerve_controller/share/swerve_controller/package.dsv'
[6.699s] INFO:colcon.colcon_core.shell:Creating package script '/workspaces/ros2-workspace/swerve_robot/install/swerve_controller/share/swerve_controller/package.sh'
[6.702s] INFO:colcon.colcon_core.shell:Creating package script '/workspaces/ros2-workspace/swerve_robot/install/swerve_controller/share/swerve_controller/package.bash'
[6.704s] INFO:colcon.colcon_core.shell:Creating package script '/workspaces/ros2-workspace/swerve_robot/install/swerve_controller/share/swerve_controller/package.zsh'
[6.707s] Level 1:colcon.colcon_core.environment:create_file_with_runtime_dependencies(/workspaces/ros2-workspace/swerve_robot/install/swerve_controller/share/colcon-core/packages/swerve_controller)
[6.711s] DEBUG:colcon.colcon_parallel_executor.executor.parallel:closing loop
[6.712s] DEBUG:colcon.colcon_parallel_executor.executor.parallel:loop closed
[6.712s] DEBUG:colcon.colcon_parallel_executor.executor.parallel:run_until_complete finished with '0'
[6.712s] DEBUG:colcon.colcon_core.event_reactor:joining thread
[6.750s] INFO:colcon.colcon_core.plugin_system:Skipping extension 'colcon_notification.desktop_notification.notify_send': Could not find 'notify-send'
[6.750s] INFO:colcon.colcon_core.plugin_system:Skipping extension 'colcon_notification.desktop_notification.terminal_notifier': Not used on non-Darwin systems
[6.750s] INFO:colcon.colcon_core.plugin_system:Skipping extension 'colcon_notification.desktop_notification.win32': Not used on non-Windows systems
[6.750s] INFO:colcon.colcon_notification.desktop_notification:Sending desktop notification using 'notify2'
[6.758s] DEBUG:colcon.colcon_notification.desktop_notification.notify2:Failed to initialize notify2: org.freedesktop.DBus.Error.Spawn.ExecFailed: /usr/bin/dbus-launch terminated abnormally without any error message
[6.758s] DEBUG:colcon.colcon_core.event_reactor:joined thread
[6.759s] INFO:colcon.colcon_core.shell:Creating prefix script '/workspaces/ros2-workspace/swerve_robot/install/local_setup.ps1'
[6.762s] INFO:colcon.colcon_core.shell:Creating prefix util module '/workspaces/ros2-workspace/swerve_robot/install/_local_setup_util_ps1.py'
[6.765s] INFO:colcon.colcon_core.shell:Creating prefix chain script '/workspaces/ros2-workspace/swerve_robot/install/setup.ps1'
[6.771s] INFO:colcon.colcon_core.shell:Creating prefix script '/workspaces/ros2-workspace/swerve_robot/install/local_setup.sh'
[6.776s] INFO:colcon.colcon_core.shell:Creating prefix util module '/workspaces/ros2-workspace/swerve_robot/install/_local_setup_util_sh.py'
[6.779s] INFO:colcon.colcon_core.shell:Creating prefix chain script '/workspaces/ros2-workspace/swerve_robot/install/setup.sh'
[6.789s] INFO:colcon.colcon_core.shell:Creating prefix script '/workspaces/ros2-workspace/swerve_robot/install/local_setup.bash'
[6.793s] INFO:colcon.colcon_core.shell:Creating prefix chain script '/workspaces/ros2-workspace/swerve_robot/install/setup.bash'
[6.797s] INFO:colcon.colcon_core.shell:Creating prefix script '/workspaces/ros2-workspace/swerve_robot/install/local_setup.zsh'
[6.806s] INFO:colcon.colcon_core.shell:Creating prefix chain script '/workspaces/ros2-workspace/swerve_robot/install/setup.zsh'
