[1.948s] Invoking command in '/workspaces/ros2/swerve_robot/src/swerve_controller': PYTHONPATH=/workspaces/ros2/swerve_robot/build/swerve_controller/prefix_override:/usr/lib/python3/dist-packages/colcon_core/task/python/colcon_distutils_commands:/workspaces/ros2/swerve_robot/install/swerve_controller/lib/python3.10/site-packages:${PYTHONPATH} /usr/bin/python3 -W ignore:setup.py install is deprecated -W ignore:easy_install command is deprecated setup.py egg_info --egg-base ../../build/swerve_controller build --build-base /workspaces/ros2/swerve_robot/build/swerve_controller/build install --record /workspaces/ros2/swerve_robot/build/swerve_controller/install.log --single-version-externally-managed install_data
[2.626s] running egg_info
[2.628s] writing ../../build/swerve_controller/swerve_controller.egg-info/PKG-INFO
[2.628s] writing dependency_links to ../../build/swerve_controller/swerve_controller.egg-info/dependency_links.txt
[2.629s] writing entry points to ../../build/swerve_controller/swerve_controller.egg-info/entry_points.txt
[2.629s] writing requirements to ../../build/swerve_controller/swerve_controller.egg-info/requires.txt
[2.630s] writing top-level names to ../../build/swerve_controller/swerve_controller.egg-info/top_level.txt
[2.635s] reading manifest file '../../build/swerve_controller/swerve_controller.egg-info/SOURCES.txt'
[2.638s] writing manifest file '../../build/swerve_controller/swerve_controller.egg-info/SOURCES.txt'
[2.638s] running build
[2.639s] running build_py
[2.639s] copying swerve_controller/swerve_serial_publisher.py -> /workspaces/ros2/swerve_robot/build/swerve_controller/build/lib/swerve_controller
[2.640s] running install
[2.641s] running install_lib
[2.643s] copying /workspaces/ros2/swerve_robot/build/swerve_controller/build/lib/swerve_controller/swerve_serial_publisher.py -> /workspaces/ros2/swerve_robot/install/swerve_controller/lib/python3.10/site-packages/swerve_controller
[2.646s] byte-compiling /workspaces/ros2/swerve_robot/install/swerve_controller/lib/python3.10/site-packages/swerve_controller/swerve_serial_publisher.py to swerve_serial_publisher.cpython-310.pyc
[2.649s] running install_data
[2.650s] copying swerve_controller/swerve_serial_publisher.py -> /workspaces/ros2/swerve_robot/install/swerve_controller/share/swerve_controller/swerve_controller
[2.651s] running install_egg_info
[2.656s] removing '/workspaces/ros2/swerve_robot/install/swerve_controller/lib/python3.10/site-packages/swerve_controller-0.1.0-py3.10.egg-info' (and everything under it)
[2.658s] Copying ../../build/swerve_controller/swerve_controller.egg-info to /workspaces/ros2/swerve_robot/install/swerve_controller/lib/python3.10/site-packages/swerve_controller-0.1.0-py3.10.egg-info
[2.658s] running install_scripts
[2.724s] Installing swerve_serial_publisher script to /workspaces/ros2/swerve_robot/install/swerve_controller/lib/swerve_controller
[2.724s] Installing wheel_cmd_publisher script to /workspaces/ros2/swerve_robot/install/swerve_controller/lib/swerve_controller
[2.725s] Installing wheel_odometry script to /workspaces/ros2/swerve_robot/install/swerve_controller/lib/swerve_controller
[2.725s] writing list of installed files to '/workspaces/ros2/swerve_robot/build/swerve_controller/install.log'
[2.793s] Invoked command in '/workspaces/ros2/swerve_robot/src/swerve_controller' returned '0': PYTHONPATH=/workspaces/ros2/swerve_robot/build/swerve_controller/prefix_override:/usr/lib/python3/dist-packages/colcon_core/task/python/colcon_distutils_commands:/workspaces/ros2/swerve_robot/install/swerve_controller/lib/python3.10/site-packages:${PYTHONPATH} /usr/bin/python3 -W ignore:setup.py install is deprecated -W ignore:easy_install command is deprecated setup.py egg_info --egg-base ../../build/swerve_controller build --build-base /workspaces/ros2/swerve_robot/build/swerve_controller/build install --record /workspaces/ros2/swerve_robot/build/swerve_controller/install.log --single-version-externally-managed install_data
