-- Install configuration: ""
-- Up-to-date: /workspaces/ros2/swerve_robot/install/swerve_robot_description/share/swerve_robot_description/config
-- Up-to-date: /workspaces/ros2/swerve_robot/install/swerve_robot_description/share/swerve_robot_description/config/sim_controllers.yaml
-- Up-to-date: /workspaces/ros2/swerve_robot/install/swerve_robot_description/share/swerve_robot_description/launch
-- Up-to-date: /workspaces/ros2/swerve_robot/install/swerve_robot_description/share/swerve_robot_description/launch/description.launch.py
-- Up-to-date: /workspaces/ros2/swerve_robot/install/swerve_robot_description/share/swerve_robot_description/launch/rviz.launch.py
-- Up-to-date: /workspaces/ros2/swerve_robot/install/swerve_robot_description/share/swerve_robot_description/meshes
-- Up-to-date: /workspaces/ros2/swerve_robot/install/swerve_robot_description/share/swerve_robot_description/meshes/base_link.dae
-- Up-to-date: /workspaces/ros2/swerve_robot/install/swerve_robot_description/share/swerve_robot_description/meshes/rear_left_wheel_link.dae
-- Up-to-date: /workspaces/ros2/swerve_robot/install/swerve_robot_description/share/swerve_robot_description/meshes/front_right_steering_link.dae
-- Up-to-date: /workspaces/ros2/swerve_robot/install/swerve_robot_description/share/swerve_robot_description/meshes/front_left_wheel_link.dae
-- Up-to-date: /workspaces/ros2/swerve_robot/install/swerve_robot_description/share/swerve_robot_description/meshes/front_left_steering_link.dae
-- Up-to-date: /workspaces/ros2/swerve_robot/install/swerve_robot_description/share/swerve_robot_description/meshes/front_right_wheel_link.dae
-- Up-to-date: /workspaces/ros2/swerve_robot/install/swerve_robot_description/share/swerve_robot_description/meshes/rear_right_wheel_link.dae
-- Up-to-date: /workspaces/ros2/swerve_robot/install/swerve_robot_description/share/swerve_robot_description/meshes/rear_right_steering_link.dae
-- Up-to-date: /workspaces/ros2/swerve_robot/install/swerve_robot_description/share/swerve_robot_description/meshes/rear_left_steering_link.dae
-- Up-to-date: /workspaces/ros2/swerve_robot/install/swerve_robot_description/share/swerve_robot_description/rviz
-- Up-to-date: /workspaces/ros2/swerve_robot/install/swerve_robot_description/share/swerve_robot_description/rviz/description.rviz
-- Up-to-date: /workspaces/ros2/swerve_robot/install/swerve_robot_description/share/swerve_robot_description/urdf
-- Up-to-date: /workspaces/ros2/swerve_robot/install/swerve_robot_description/share/swerve_robot_description/urdf/include
-- Up-to-date: /workspaces/ros2/swerve_robot/install/swerve_robot_description/share/swerve_robot_description/urdf/include/swerve_ros2_control.xacro
-- Up-to-date: /workspaces/ros2/swerve_robot/install/swerve_robot_description/share/swerve_robot_description/urdf/include/robot_parts
-- Up-to-date: /workspaces/ros2/swerve_robot/install/swerve_robot_description/share/swerve_robot_description/urdf/include/robot_parts/chassis.xacro
-- Up-to-date: /workspaces/ros2/swerve_robot/install/swerve_robot_description/share/swerve_robot_description/urdf/include/robot_parts/steering.xacro
-- Up-to-date: /workspaces/ros2/swerve_robot/install/swerve_robot_description/share/swerve_robot_description/urdf/include/robot_parts/wheel.xacro
-- Up-to-date: /workspaces/ros2/swerve_robot/install/swerve_robot_description/share/swerve_robot_description/urdf/include/swerve_robot_base.xacro
-- Up-to-date: /workspaces/ros2/swerve_robot/install/swerve_robot_description/share/swerve_robot_description/urdf/swerve_robot.xacro
-- Up-to-date: /workspaces/ros2/swerve_robot/install/swerve_robot_description/share/ament_index/resource_index/package_run_dependencies/swerve_robot_description
-- Up-to-date: /workspaces/ros2/swerve_robot/install/swerve_robot_description/share/ament_index/resource_index/parent_prefix_path/swerve_robot_description
-- Up-to-date: /workspaces/ros2/swerve_robot/install/swerve_robot_description/share/swerve_robot_description/environment/ament_prefix_path.sh
-- Up-to-date: /workspaces/ros2/swerve_robot/install/swerve_robot_description/share/swerve_robot_description/environment/ament_prefix_path.dsv
-- Up-to-date: /workspaces/ros2/swerve_robot/install/swerve_robot_description/share/swerve_robot_description/environment/path.sh
-- Up-to-date: /workspaces/ros2/swerve_robot/install/swerve_robot_description/share/swerve_robot_description/environment/path.dsv
-- Up-to-date: /workspaces/ros2/swerve_robot/install/swerve_robot_description/share/swerve_robot_description/local_setup.bash
-- Up-to-date: /workspaces/ros2/swerve_robot/install/swerve_robot_description/share/swerve_robot_description/local_setup.sh
-- Up-to-date: /workspaces/ros2/swerve_robot/install/swerve_robot_description/share/swerve_robot_description/local_setup.zsh
-- Up-to-date: /workspaces/ros2/swerve_robot/install/swerve_robot_description/share/swerve_robot_description/local_setup.dsv
-- Installing: /workspaces/ros2/swerve_robot/install/swerve_robot_description/share/swerve_robot_description/package.dsv
-- Up-to-date: /workspaces/ros2/swerve_robot/install/swerve_robot_description/share/ament_index/resource_index/packages/swerve_robot_description
-- Up-to-date: /workspaces/ros2/swerve_robot/install/swerve_robot_description/share/swerve_robot_description/cmake/ament_cmake_export_dependencies-extras.cmake
-- Up-to-date: /workspaces/ros2/swerve_robot/install/swerve_robot_description/share/swerve_robot_description/cmake/swerve_robot_descriptionConfig.cmake
-- Up-to-date: /workspaces/ros2/swerve_robot/install/swerve_robot_description/share/swerve_robot_description/cmake/swerve_robot_descriptionConfig-version.cmake
-- Up-to-date: /workspaces/ros2/swerve_robot/install/swerve_robot_description/share/swerve_robot_description/package.xml
