[0.173s] DEBUG:colcon:Command line arguments: ['/usr/bin/colcon', 'build']
[0.173s] DEBUG:colcon:Parsed command line arguments: Namespace(log_base=None, log_level=None, verb_name='build', build_base='build', install_base='install', merge_install=False, symlink_install=False, test_result_base=None, continue_on_error=False, executor='parallel', parallel_workers=8, event_handlers=None, ignore_user_meta=False, metas=['./colcon.meta'], base_paths=['.'], packages_ignore=None, packages_ignore_regex=None, paths=None, packages_up_to=None, packages_up_to_regex=None, packages_above=None, packages_above_and_dependencies=None, packages_above_depth=None, packages_select_by_dep=None, packages_skip_by_dep=None, packages_skip_up_to=None, packages_select_build_failed=False, packages_skip_build_finished=False, packages_select_test_failures=False, packages_skip_test_passed=False, packages_select=None, packages_skip=None, packages_select_regex=None, packages_skip_regex=None, packages_start=None, packages_end=None, cmake_args=None, cmake_target=None, cmake_target_skip_unavailable=False, cmake_clean_cache=False, cmake_clean_first=False, cmake_force_configure=False, ament_cmake_args=None, catkin_cmake_args=None, catkin_skip_building_tests=False, mixin_files=None, mixin=None, verb_parser=<colcon_mixin.mixin.mixin_argument.MixinArgumentDecorator object at 0x7667dc665570>, verb_extension=<colcon_core.verb.build.BuildVerb object at 0x7667dc76a4a0>, main=<bound method BuildVerb.main of <colcon_core.verb.build.BuildVerb object at 0x7667dc76a4a0>>, mixin_verb=('build',))
[0.372s] Level 1:colcon.colcon_core.package_discovery:discover_packages(colcon_meta) check parameters
[0.372s] INFO:colcon.colcon_metadata.package_discovery.colcon_meta:Using configuration from '/root/.colcon/metadata/default/Gazebo.meta'
[0.373s] INFO:colcon.colcon_metadata.package_discovery.colcon_meta:Using configuration from '/root/.colcon/metadata/default/fastrtps.meta'
[0.373s] Level 1:colcon.colcon_core.package_discovery:discover_packages(recursive) check parameters
[0.374s] Level 1:colcon.colcon_core.package_discovery:discover_packages(ignore) check parameters
[0.374s] Level 1:colcon.colcon_core.package_discovery:discover_packages(path) check parameters
[0.374s] Level 1:colcon.colcon_core.package_discovery:discover_packages(colcon_meta) discover
[0.374s] Level 1:colcon.colcon_core.package_discovery:discover_packages(recursive) discover
[0.374s] INFO:colcon.colcon_core.package_discovery:Crawling recursively for packages in '/workspaces/ros2/swerve_robot'
[0.374s] Level 1:colcon.colcon_core.package_identification:_identify(.) by extensions ['ignore', 'ignore_ament_install']
[0.374s] Level 1:colcon.colcon_core.package_identification:_identify(.) by extension 'ignore'
[0.374s] Level 1:colcon.colcon_core.package_identification:_identify(.) by extension 'ignore_ament_install'
[0.374s] Level 1:colcon.colcon_core.package_identification:_identify(.) by extensions ['colcon_pkg']
[0.374s] Level 1:colcon.colcon_core.package_identification:_identify(.) by extension 'colcon_pkg'
[0.374s] Level 1:colcon.colcon_core.package_identification:_identify(.) by extensions ['colcon_meta']
[0.374s] Level 1:colcon.colcon_core.package_identification:_identify(.) by extension 'colcon_meta'
[0.374s] Level 1:colcon.colcon_core.package_identification:_identify(.) by extensions ['ros']
[0.374s] Level 1:colcon.colcon_core.package_identification:_identify(.) by extension 'ros'
[0.389s] Level 1:colcon.colcon_core.package_identification:_identify(.) by extensions ['cmake', 'python']
[0.389s] Level 1:colcon.colcon_core.package_identification:_identify(.) by extension 'cmake'
[0.389s] Level 1:colcon.colcon_core.package_identification:_identify(.) by extension 'python'
[0.389s] Level 1:colcon.colcon_core.package_identification:_identify(.) by extensions ['python_setup_py']
[0.389s] Level 1:colcon.colcon_core.package_identification:_identify(.) by extension 'python_setup_py'
[0.389s] Level 1:colcon.colcon_core.package_identification:_identify(build) by extensions ['ignore', 'ignore_ament_install']
[0.389s] Level 1:colcon.colcon_core.package_identification:_identify(build) by extension 'ignore'
[0.389s] Level 1:colcon.colcon_core.package_identification:_identify(build) ignored
[0.389s] Level 1:colcon.colcon_core.package_identification:_identify(install) by extensions ['ignore', 'ignore_ament_install']
[0.389s] Level 1:colcon.colcon_core.package_identification:_identify(install) by extension 'ignore'
[0.389s] Level 1:colcon.colcon_core.package_identification:_identify(install) ignored
[0.390s] Level 1:colcon.colcon_core.package_identification:_identify(log) by extensions ['ignore', 'ignore_ament_install']
[0.390s] Level 1:colcon.colcon_core.package_identification:_identify(log) by extension 'ignore'
[0.390s] Level 1:colcon.colcon_core.package_identification:_identify(log) ignored
[0.390s] Level 1:colcon.colcon_core.package_identification:_identify(src) by extensions ['ignore', 'ignore_ament_install']
[0.390s] Level 1:colcon.colcon_core.package_identification:_identify(src) by extension 'ignore'
[0.390s] Level 1:colcon.colcon_core.package_identification:_identify(src) by extension 'ignore_ament_install'
[0.390s] Level 1:colcon.colcon_core.package_identification:_identify(src) by extensions ['colcon_pkg']
[0.390s] Level 1:colcon.colcon_core.package_identification:_identify(src) by extension 'colcon_pkg'
[0.390s] Level 1:colcon.colcon_core.package_identification:_identify(src) by extensions ['colcon_meta']
[0.390s] Level 1:colcon.colcon_core.package_identification:_identify(src) by extension 'colcon_meta'
[0.390s] Level 1:colcon.colcon_core.package_identification:_identify(src) by extensions ['ros']
[0.390s] Level 1:colcon.colcon_core.package_identification:_identify(src) by extension 'ros'
[0.390s] Level 1:colcon.colcon_core.package_identification:_identify(src) by extensions ['cmake', 'python']
[0.390s] Level 1:colcon.colcon_core.package_identification:_identify(src) by extension 'cmake'
[0.390s] Level 1:colcon.colcon_core.package_identification:_identify(src) by extension 'python'
[0.390s] Level 1:colcon.colcon_core.package_identification:_identify(src) by extensions ['python_setup_py']
[0.390s] Level 1:colcon.colcon_core.package_identification:_identify(src) by extension 'python_setup_py'
[0.391s] Level 1:colcon.colcon_core.package_identification:_identify(src/swerve_controller) by extensions ['ignore', 'ignore_ament_install']
[0.391s] Level 1:colcon.colcon_core.package_identification:_identify(src/swerve_controller) by extension 'ignore'
[0.391s] Level 1:colcon.colcon_core.package_identification:_identify(src/swerve_controller) by extension 'ignore_ament_install'
[0.391s] Level 1:colcon.colcon_core.package_identification:_identify(src/swerve_controller) by extensions ['colcon_pkg']
[0.391s] Level 1:colcon.colcon_core.package_identification:_identify(src/swerve_controller) by extension 'colcon_pkg'
[0.391s] Level 1:colcon.colcon_core.package_identification:_identify(src/swerve_controller) by extensions ['colcon_meta']
[0.391s] Level 1:colcon.colcon_core.package_identification:_identify(src/swerve_controller) by extension 'colcon_meta'
[0.391s] Level 1:colcon.colcon_core.package_identification:_identify(src/swerve_controller) by extensions ['ros']
[0.391s] Level 1:colcon.colcon_core.package_identification:_identify(src/swerve_controller) by extension 'ros'
[0.395s] DEBUG:colcon.colcon_core.package_identification:Package 'src/swerve_controller' with type 'ros.ament_python' and name 'swerve_controller'
[0.395s] Level 1:colcon.colcon_core.package_identification:_identify(src/swerve_robot_description) by extensions ['ignore', 'ignore_ament_install']
[0.395s] Level 1:colcon.colcon_core.package_identification:_identify(src/swerve_robot_description) by extension 'ignore'
[0.395s] Level 1:colcon.colcon_core.package_identification:_identify(src/swerve_robot_description) by extension 'ignore_ament_install'
[0.395s] Level 1:colcon.colcon_core.package_identification:_identify(src/swerve_robot_description) by extensions ['colcon_pkg']
[0.395s] Level 1:colcon.colcon_core.package_identification:_identify(src/swerve_robot_description) by extension 'colcon_pkg'
[0.396s] Level 1:colcon.colcon_core.package_identification:_identify(src/swerve_robot_description) by extensions ['colcon_meta']
[0.396s] Level 1:colcon.colcon_core.package_identification:_identify(src/swerve_robot_description) by extension 'colcon_meta'
[0.396s] Level 1:colcon.colcon_core.package_identification:_identify(src/swerve_robot_description) by extensions ['ros']
[0.396s] Level 1:colcon.colcon_core.package_identification:_identify(src/swerve_robot_description) by extension 'ros'
[0.397s] DEBUG:colcon.colcon_core.package_identification:Package 'src/swerve_robot_description' with type 'ros.ament_cmake' and name 'swerve_robot_description'
[0.398s] Level 1:colcon.colcon_core.package_identification:_identify(src/swerve_robot_gazebo) by extensions ['ignore', 'ignore_ament_install']
[0.398s] Level 1:colcon.colcon_core.package_identification:_identify(src/swerve_robot_gazebo) by extension 'ignore'
[0.398s] Level 1:colcon.colcon_core.package_identification:_identify(src/swerve_robot_gazebo) by extension 'ignore_ament_install'
[0.398s] Level 1:colcon.colcon_core.package_identification:_identify(src/swerve_robot_gazebo) by extensions ['colcon_pkg']
[0.398s] Level 1:colcon.colcon_core.package_identification:_identify(src/swerve_robot_gazebo) by extension 'colcon_pkg'
[0.398s] Level 1:colcon.colcon_core.package_identification:_identify(src/swerve_robot_gazebo) by extensions ['colcon_meta']
[0.398s] Level 1:colcon.colcon_core.package_identification:_identify(src/swerve_robot_gazebo) by extension 'colcon_meta'
[0.398s] Level 1:colcon.colcon_core.package_identification:_identify(src/swerve_robot_gazebo) by extensions ['ros']
[0.398s] Level 1:colcon.colcon_core.package_identification:_identify(src/swerve_robot_gazebo) by extension 'ros'
[0.399s] DEBUG:colcon.colcon_core.package_identification:Package 'src/swerve_robot_gazebo' with type 'ros.ament_python' and name 'swerve_robot_gazebo'
[0.399s] Level 1:colcon.colcon_core.package_discovery:discover_packages(recursive) using defaults
[0.400s] Level 1:colcon.colcon_core.package_discovery:discover_packages(ignore) discover
[0.400s] Level 1:colcon.colcon_core.package_discovery:discover_packages(ignore) using defaults
[0.400s] Level 1:colcon.colcon_core.package_discovery:discover_packages(path) discover
[0.400s] Level 1:colcon.colcon_core.package_discovery:discover_packages(path) using defaults
[0.429s] Level 5:colcon.colcon_core.verb:set package 'swerve_controller' build argument 'cmake_args' from command line to 'None'
[0.429s] Level 5:colcon.colcon_core.verb:set package 'swerve_controller' build argument 'cmake_target' from command line to 'None'
[0.429s] Level 5:colcon.colcon_core.verb:set package 'swerve_controller' build argument 'cmake_target_skip_unavailable' from command line to 'False'
[0.429s] Level 5:colcon.colcon_core.verb:set package 'swerve_controller' build argument 'cmake_clean_cache' from command line to 'False'
[0.429s] Level 5:colcon.colcon_core.verb:set package 'swerve_controller' build argument 'cmake_clean_first' from command line to 'False'
[0.429s] Level 5:colcon.colcon_core.verb:set package 'swerve_controller' build argument 'cmake_force_configure' from command line to 'False'
[0.429s] Level 5:colcon.colcon_core.verb:set package 'swerve_controller' build argument 'ament_cmake_args' from command line to 'None'
[0.429s] Level 5:colcon.colcon_core.verb:set package 'swerve_controller' build argument 'catkin_cmake_args' from command line to 'None'
[0.429s] Level 5:colcon.colcon_core.verb:set package 'swerve_controller' build argument 'catkin_skip_building_tests' from command line to 'False'
[0.429s] DEBUG:colcon.colcon_core.verb:Building package 'swerve_controller' with the following arguments: {'ament_cmake_args': None, 'build_base': '/workspaces/ros2/swerve_robot/build/swerve_controller', 'catkin_cmake_args': None, 'catkin_skip_building_tests': False, 'cmake_args': None, 'cmake_clean_cache': False, 'cmake_clean_first': False, 'cmake_force_configure': False, 'cmake_target': None, 'cmake_target_skip_unavailable': False, 'install_base': '/workspaces/ros2/swerve_robot/install/swerve_controller', 'merge_install': False, 'path': '/workspaces/ros2/swerve_robot/src/swerve_controller', 'symlink_install': False, 'test_result_base': None}
[0.430s] Level 5:colcon.colcon_core.verb:set package 'swerve_robot_description' build argument 'cmake_args' from command line to 'None'
[0.430s] Level 5:colcon.colcon_core.verb:set package 'swerve_robot_description' build argument 'cmake_target' from command line to 'None'
[0.430s] Level 5:colcon.colcon_core.verb:set package 'swerve_robot_description' build argument 'cmake_target_skip_unavailable' from command line to 'False'
[0.430s] Level 5:colcon.colcon_core.verb:set package 'swerve_robot_description' build argument 'cmake_clean_cache' from command line to 'False'
[0.430s] Level 5:colcon.colcon_core.verb:set package 'swerve_robot_description' build argument 'cmake_clean_first' from command line to 'False'
[0.430s] Level 5:colcon.colcon_core.verb:set package 'swerve_robot_description' build argument 'cmake_force_configure' from command line to 'False'
[0.430s] Level 5:colcon.colcon_core.verb:set package 'swerve_robot_description' build argument 'ament_cmake_args' from command line to 'None'
[0.430s] Level 5:colcon.colcon_core.verb:set package 'swerve_robot_description' build argument 'catkin_cmake_args' from command line to 'None'
[0.430s] Level 5:colcon.colcon_core.verb:set package 'swerve_robot_description' build argument 'catkin_skip_building_tests' from command line to 'False'
[0.430s] DEBUG:colcon.colcon_core.verb:Building package 'swerve_robot_description' with the following arguments: {'ament_cmake_args': None, 'build_base': '/workspaces/ros2/swerve_robot/build/swerve_robot_description', 'catkin_cmake_args': None, 'catkin_skip_building_tests': False, 'cmake_args': None, 'cmake_clean_cache': False, 'cmake_clean_first': False, 'cmake_force_configure': False, 'cmake_target': None, 'cmake_target_skip_unavailable': False, 'install_base': '/workspaces/ros2/swerve_robot/install/swerve_robot_description', 'merge_install': False, 'path': '/workspaces/ros2/swerve_robot/src/swerve_robot_description', 'symlink_install': False, 'test_result_base': None}
[0.430s] Level 5:colcon.colcon_core.verb:set package 'swerve_robot_gazebo' build argument 'cmake_args' from command line to 'None'
[0.430s] Level 5:colcon.colcon_core.verb:set package 'swerve_robot_gazebo' build argument 'cmake_target' from command line to 'None'
[0.431s] Level 5:colcon.colcon_core.verb:set package 'swerve_robot_gazebo' build argument 'cmake_target_skip_unavailable' from command line to 'False'
[0.431s] Level 5:colcon.colcon_core.verb:set package 'swerve_robot_gazebo' build argument 'cmake_clean_cache' from command line to 'False'
[0.431s] Level 5:colcon.colcon_core.verb:set package 'swerve_robot_gazebo' build argument 'cmake_clean_first' from command line to 'False'
[0.431s] Level 5:colcon.colcon_core.verb:set package 'swerve_robot_gazebo' build argument 'cmake_force_configure' from command line to 'False'
[0.431s] Level 5:colcon.colcon_core.verb:set package 'swerve_robot_gazebo' build argument 'ament_cmake_args' from command line to 'None'
[0.431s] Level 5:colcon.colcon_core.verb:set package 'swerve_robot_gazebo' build argument 'catkin_cmake_args' from command line to 'None'
[0.431s] Level 5:colcon.colcon_core.verb:set package 'swerve_robot_gazebo' build argument 'catkin_skip_building_tests' from command line to 'False'
[0.431s] DEBUG:colcon.colcon_core.verb:Building package 'swerve_robot_gazebo' with the following arguments: {'ament_cmake_args': None, 'build_base': '/workspaces/ros2/swerve_robot/build/swerve_robot_gazebo', 'catkin_cmake_args': None, 'catkin_skip_building_tests': False, 'cmake_args': None, 'cmake_clean_cache': False, 'cmake_clean_first': False, 'cmake_force_configure': False, 'cmake_target': None, 'cmake_target_skip_unavailable': False, 'install_base': '/workspaces/ros2/swerve_robot/install/swerve_robot_gazebo', 'merge_install': False, 'path': '/workspaces/ros2/swerve_robot/src/swerve_robot_gazebo', 'symlink_install': False, 'test_result_base': None}
[0.431s] INFO:colcon.colcon_core.executor:Executing jobs using 'parallel' executor
[0.434s] DEBUG:colcon.colcon_parallel_executor.executor.parallel:run_until_complete
[0.434s] INFO:colcon.colcon_ros.task.ament_python.build:Building ROS package in '/workspaces/ros2/swerve_robot/src/swerve_controller' with build type 'ament_python'
[0.434s] Level 1:colcon.colcon_core.shell:create_environment_hook('swerve_controller', 'ament_prefix_path')
[0.436s] INFO:colcon.colcon_core.plugin_system:Skipping extension 'colcon_core.shell.bat': Not used on non-Windows systems
[0.437s] INFO:colcon.colcon_core.shell:Creating environment hook '/workspaces/ros2/swerve_robot/install/swerve_controller/share/swerve_controller/hook/ament_prefix_path.ps1'
[0.438s] INFO:colcon.colcon_core.shell:Creating environment descriptor '/workspaces/ros2/swerve_robot/install/swerve_controller/share/swerve_controller/hook/ament_prefix_path.dsv'
[0.438s] INFO:colcon.colcon_core.shell:Creating environment hook '/workspaces/ros2/swerve_robot/install/swerve_controller/share/swerve_controller/hook/ament_prefix_path.sh'
[0.439s] INFO:colcon.colcon_core.shell:Skip shell extension 'powershell' for command environment: Not usable outside of PowerShell
[0.439s] DEBUG:colcon.colcon_core.shell:Skip shell extension 'dsv' for command environment
[0.466s] INFO:colcon.colcon_ros.task.ament_cmake.build:Building ROS package in '/workspaces/ros2/swerve_robot/src/swerve_robot_description' with build type 'ament_cmake'
[0.467s] INFO:colcon.colcon_cmake.task.cmake.build:Building CMake package in '/workspaces/ros2/swerve_robot/src/swerve_robot_description'
[0.467s] INFO:colcon.colcon_core.shell:Skip shell extension 'powershell' for command environment: Not usable outside of PowerShell
[0.467s] DEBUG:colcon.colcon_core.shell:Skip shell extension 'dsv' for command environment
[0.835s] INFO:colcon.colcon_core.task.python.build:Building Python package in '/workspaces/ros2/swerve_robot/src/swerve_controller'
[0.836s] INFO:colcon.colcon_core.shell:Skip shell extension 'powershell' for command environment: Not usable outside of PowerShell
[0.836s] DEBUG:colcon.colcon_core.shell:Skip shell extension 'dsv' for command environment
[0.849s] DEBUG:colcon.colcon_core.event_handler.log_command:Invoking command in '/workspaces/ros2/swerve_robot/build/swerve_robot_description': CMAKE_PREFIX_PATH=${CMAKE_PREFIX_PATH}:/workspaces/ros2/turtlebot3_ws/install/turtlebot3_teleop:/workspaces/ros2/turtlebot3_ws/install/turtlebot3_example:/workspaces/ros2/turtlebot3_ws/install/aruco_detector:/workspaces/ros2/swerve_robot/install/swerve_robot_gazebo:/workspaces/ros2/swerve_robot/install/swerve_controller:/workspaces/ros2/ros2_ws/install/turtlebot3_static_path:/opt/ros/humble /usr/bin/cmake --build /workspaces/ros2/swerve_robot/build/swerve_robot_description -- -j8 -l8
[0.941s] DEBUG:colcon.colcon_core.event_handler.log_command:Invoked command in '/workspaces/ros2/swerve_robot/build/swerve_robot_description' returned '0': CMAKE_PREFIX_PATH=${CMAKE_PREFIX_PATH}:/workspaces/ros2/turtlebot3_ws/install/turtlebot3_teleop:/workspaces/ros2/turtlebot3_ws/install/turtlebot3_example:/workspaces/ros2/turtlebot3_ws/install/aruco_detector:/workspaces/ros2/swerve_robot/install/swerve_robot_gazebo:/workspaces/ros2/swerve_robot/install/swerve_controller:/workspaces/ros2/ros2_ws/install/turtlebot3_static_path:/opt/ros/humble /usr/bin/cmake --build /workspaces/ros2/swerve_robot/build/swerve_robot_description -- -j8 -l8
[0.964s] DEBUG:colcon.colcon_core.event_handler.log_command:Invoking command in '/workspaces/ros2/swerve_robot/build/swerve_robot_description': CMAKE_PREFIX_PATH=${CMAKE_PREFIX_PATH}:/workspaces/ros2/turtlebot3_ws/install/turtlebot3_teleop:/workspaces/ros2/turtlebot3_ws/install/turtlebot3_example:/workspaces/ros2/turtlebot3_ws/install/aruco_detector:/workspaces/ros2/swerve_robot/install/swerve_robot_gazebo:/workspaces/ros2/swerve_robot/install/swerve_controller:/workspaces/ros2/ros2_ws/install/turtlebot3_static_path:/opt/ros/humble /usr/bin/cmake --install /workspaces/ros2/swerve_robot/build/swerve_robot_description
[0.983s] Level 1:colcon.colcon_core.environment:create_environment_scripts_only(swerve_robot_description)
[0.983s] DEBUG:colcon.colcon_core.event_handler.log_command:Invoked command in '/workspaces/ros2/swerve_robot/build/swerve_robot_description' returned '0': CMAKE_PREFIX_PATH=${CMAKE_PREFIX_PATH}:/workspaces/ros2/turtlebot3_ws/install/turtlebot3_teleop:/workspaces/ros2/turtlebot3_ws/install/turtlebot3_example:/workspaces/ros2/turtlebot3_ws/install/aruco_detector:/workspaces/ros2/swerve_robot/install/swerve_robot_gazebo:/workspaces/ros2/swerve_robot/install/swerve_controller:/workspaces/ros2/ros2_ws/install/turtlebot3_static_path:/opt/ros/humble /usr/bin/cmake --install /workspaces/ros2/swerve_robot/build/swerve_robot_description
[0.989s] Level 1:colcon.colcon_core.environment:checking '/workspaces/ros2/swerve_robot/install/swerve_robot_description' for CMake module files
[0.989s] Level 1:colcon.colcon_core.environment:checking '/workspaces/ros2/swerve_robot/install/swerve_robot_description' for CMake config files
[0.990s] Level 1:colcon.colcon_core.shell:create_environment_hook('swerve_robot_description', 'cmake_prefix_path')
[0.990s] INFO:colcon.colcon_core.shell:Creating environment hook '/workspaces/ros2/swerve_robot/install/swerve_robot_description/share/swerve_robot_description/hook/cmake_prefix_path.ps1'
[0.991s] INFO:colcon.colcon_core.shell:Creating environment descriptor '/workspaces/ros2/swerve_robot/install/swerve_robot_description/share/swerve_robot_description/hook/cmake_prefix_path.dsv'
[0.991s] INFO:colcon.colcon_core.shell:Creating environment hook '/workspaces/ros2/swerve_robot/install/swerve_robot_description/share/swerve_robot_description/hook/cmake_prefix_path.sh'
[0.992s] Level 1:colcon.colcon_core.environment:checking '/workspaces/ros2/swerve_robot/install/swerve_robot_description/bin'
[0.992s] Level 1:colcon.colcon_core.environment:checking '/workspaces/ros2/swerve_robot/install/swerve_robot_description/lib/pkgconfig/swerve_robot_description.pc'
[0.994s] Level 1:colcon.colcon_core.environment:checking '/workspaces/ros2/swerve_robot/install/swerve_robot_description/lib/python3.10/site-packages'
[0.995s] Level 1:colcon.colcon_core.environment:checking '/workspaces/ros2/swerve_robot/install/swerve_robot_description/bin'
[0.995s] INFO:colcon.colcon_core.shell:Creating package script '/workspaces/ros2/swerve_robot/install/swerve_robot_description/share/swerve_robot_description/package.ps1'
[0.997s] INFO:colcon.colcon_core.shell:Creating package descriptor '/workspaces/ros2/swerve_robot/install/swerve_robot_description/share/swerve_robot_description/package.dsv'
[0.998s] INFO:colcon.colcon_core.shell:Creating package script '/workspaces/ros2/swerve_robot/install/swerve_robot_description/share/swerve_robot_description/package.sh'
[0.999s] INFO:colcon.colcon_core.shell:Creating package script '/workspaces/ros2/swerve_robot/install/swerve_robot_description/share/swerve_robot_description/package.bash'
[1.001s] INFO:colcon.colcon_core.shell:Creating package script '/workspaces/ros2/swerve_robot/install/swerve_robot_description/share/swerve_robot_description/package.zsh'
[1.002s] Level 1:colcon.colcon_core.environment:create_file_with_runtime_dependencies(/workspaces/ros2/swerve_robot/install/swerve_robot_description/share/colcon-core/packages/swerve_robot_description)
[1.002s] Level 1:colcon.colcon_core.environment:create_environment_scripts_only(swerve_robot_description)
[1.003s] Level 1:colcon.colcon_core.environment:checking '/workspaces/ros2/swerve_robot/install/swerve_robot_description' for CMake module files
[1.003s] Level 1:colcon.colcon_core.environment:checking '/workspaces/ros2/swerve_robot/install/swerve_robot_description' for CMake config files
[1.004s] Level 1:colcon.colcon_core.shell:create_environment_hook('swerve_robot_description', 'cmake_prefix_path')
[1.004s] INFO:colcon.colcon_core.shell:Creating environment hook '/workspaces/ros2/swerve_robot/install/swerve_robot_description/share/swerve_robot_description/hook/cmake_prefix_path.ps1'
[1.005s] INFO:colcon.colcon_core.shell:Creating environment descriptor '/workspaces/ros2/swerve_robot/install/swerve_robot_description/share/swerve_robot_description/hook/cmake_prefix_path.dsv'
[1.006s] INFO:colcon.colcon_core.shell:Creating environment hook '/workspaces/ros2/swerve_robot/install/swerve_robot_description/share/swerve_robot_description/hook/cmake_prefix_path.sh'
[1.007s] Level 1:colcon.colcon_core.environment:checking '/workspaces/ros2/swerve_robot/install/swerve_robot_description/bin'
[1.007s] Level 1:colcon.colcon_core.environment:checking '/workspaces/ros2/swerve_robot/install/swerve_robot_description/lib/pkgconfig/swerve_robot_description.pc'
[1.008s] Level 1:colcon.colcon_core.environment:checking '/workspaces/ros2/swerve_robot/install/swerve_robot_description/lib/python3.10/site-packages'
[1.008s] Level 1:colcon.colcon_core.environment:checking '/workspaces/ros2/swerve_robot/install/swerve_robot_description/bin'
[1.008s] INFO:colcon.colcon_core.shell:Creating package script '/workspaces/ros2/swerve_robot/install/swerve_robot_description/share/swerve_robot_description/package.ps1'
[1.009s] INFO:colcon.colcon_core.shell:Creating package descriptor '/workspaces/ros2/swerve_robot/install/swerve_robot_description/share/swerve_robot_description/package.dsv'
[1.010s] INFO:colcon.colcon_core.shell:Creating package script '/workspaces/ros2/swerve_robot/install/swerve_robot_description/share/swerve_robot_description/package.sh'
[1.010s] INFO:colcon.colcon_core.shell:Creating package script '/workspaces/ros2/swerve_robot/install/swerve_robot_description/share/swerve_robot_description/package.bash'
[1.011s] INFO:colcon.colcon_core.shell:Creating package script '/workspaces/ros2/swerve_robot/install/swerve_robot_description/share/swerve_robot_description/package.zsh'
[1.011s] Level 1:colcon.colcon_core.environment:create_file_with_runtime_dependencies(/workspaces/ros2/swerve_robot/install/swerve_robot_description/share/colcon-core/packages/swerve_robot_description)
[1.390s] DEBUG:colcon.colcon_core.event_handler.log_command:Invoking command in '/workspaces/ros2/swerve_robot/src/swerve_controller': PYTHONPATH=/workspaces/ros2/swerve_robot/build/swerve_controller/prefix_override:/usr/lib/python3/dist-packages/colcon_core/task/python/colcon_distutils_commands:/workspaces/ros2/swerve_robot/install/swerve_controller/lib/python3.10/site-packages:${PYTHONPATH} /usr/bin/python3 -W ignore:setup.py install is deprecated -W ignore:easy_install command is deprecated setup.py egg_info --egg-base ../../build/swerve_controller build --build-base /workspaces/ros2/swerve_robot/build/swerve_controller/build install --record /workspaces/ros2/swerve_robot/build/swerve_controller/install.log --single-version-externally-managed install_data
[1.827s] Level 1:colcon.colcon_core.environment:checking '/workspaces/ros2/swerve_robot/install/swerve_controller' for CMake module files
[1.827s] DEBUG:colcon.colcon_core.event_handler.log_command:Invoked command in '/workspaces/ros2/swerve_robot/src/swerve_controller' returned '0': PYTHONPATH=/workspaces/ros2/swerve_robot/build/swerve_controller/prefix_override:/usr/lib/python3/dist-packages/colcon_core/task/python/colcon_distutils_commands:/workspaces/ros2/swerve_robot/install/swerve_controller/lib/python3.10/site-packages:${PYTHONPATH} /usr/bin/python3 -W ignore:setup.py install is deprecated -W ignore:easy_install command is deprecated setup.py egg_info --egg-base ../../build/swerve_controller build --build-base /workspaces/ros2/swerve_robot/build/swerve_controller/build install --record /workspaces/ros2/swerve_robot/build/swerve_controller/install.log --single-version-externally-managed install_data
[1.828s] Level 1:colcon.colcon_core.environment:checking '/workspaces/ros2/swerve_robot/install/swerve_controller' for CMake config files
[1.829s] Level 1:colcon.colcon_core.environment:checking '/workspaces/ros2/swerve_robot/install/swerve_controller/lib'
[1.829s] Level 1:colcon.colcon_core.environment:checking '/workspaces/ros2/swerve_robot/install/swerve_controller/bin'
[1.829s] Level 1:colcon.colcon_core.environment:checking '/workspaces/ros2/swerve_robot/install/swerve_controller/lib/pkgconfig/swerve_controller.pc'
[1.829s] Level 1:colcon.colcon_core.environment:checking '/workspaces/ros2/swerve_robot/install/swerve_controller/lib/python3.10/site-packages'
[1.829s] Level 1:colcon.colcon_core.shell:create_environment_hook('swerve_controller', 'pythonpath')
[1.830s] INFO:colcon.colcon_core.shell:Creating environment hook '/workspaces/ros2/swerve_robot/install/swerve_controller/share/swerve_controller/hook/pythonpath.ps1'
[1.831s] INFO:colcon.colcon_core.shell:Creating environment descriptor '/workspaces/ros2/swerve_robot/install/swerve_controller/share/swerve_controller/hook/pythonpath.dsv'
[1.831s] INFO:colcon.colcon_core.shell:Creating environment hook '/workspaces/ros2/swerve_robot/install/swerve_controller/share/swerve_controller/hook/pythonpath.sh'
[1.832s] Level 1:colcon.colcon_core.environment:checking '/workspaces/ros2/swerve_robot/install/swerve_controller/bin'
[1.833s] Level 1:colcon.colcon_core.environment:create_environment_scripts_only(swerve_controller)
[1.833s] INFO:colcon.colcon_core.shell:Creating package script '/workspaces/ros2/swerve_robot/install/swerve_controller/share/swerve_controller/package.ps1'
[1.834s] INFO:colcon.colcon_core.shell:Creating package descriptor '/workspaces/ros2/swerve_robot/install/swerve_controller/share/swerve_controller/package.dsv'
[1.835s] INFO:colcon.colcon_core.shell:Creating package script '/workspaces/ros2/swerve_robot/install/swerve_controller/share/swerve_controller/package.sh'
[1.836s] INFO:colcon.colcon_core.shell:Creating package script '/workspaces/ros2/swerve_robot/install/swerve_controller/share/swerve_controller/package.bash'
[1.836s] INFO:colcon.colcon_core.shell:Creating package script '/workspaces/ros2/swerve_robot/install/swerve_controller/share/swerve_controller/package.zsh'
[1.836s] Level 1:colcon.colcon_core.environment:create_file_with_runtime_dependencies(/workspaces/ros2/swerve_robot/install/swerve_controller/share/colcon-core/packages/swerve_controller)
[1.837s] INFO:colcon.colcon_ros.task.ament_python.build:Building ROS package in '/workspaces/ros2/swerve_robot/src/swerve_robot_gazebo' with build type 'ament_python'
[1.837s] Level 1:colcon.colcon_core.shell:create_environment_hook('swerve_robot_gazebo', 'ament_prefix_path')
[1.838s] INFO:colcon.colcon_core.shell:Creating environment hook '/workspaces/ros2/swerve_robot/install/swerve_robot_gazebo/share/swerve_robot_gazebo/hook/ament_prefix_path.ps1'
[1.838s] INFO:colcon.colcon_core.shell:Creating environment descriptor '/workspaces/ros2/swerve_robot/install/swerve_robot_gazebo/share/swerve_robot_gazebo/hook/ament_prefix_path.dsv'
[1.839s] INFO:colcon.colcon_core.shell:Creating environment hook '/workspaces/ros2/swerve_robot/install/swerve_robot_gazebo/share/swerve_robot_gazebo/hook/ament_prefix_path.sh'
[1.839s] INFO:colcon.colcon_core.shell:Skip shell extension 'powershell' for command environment: Not usable outside of PowerShell
[1.840s] DEBUG:colcon.colcon_core.shell:Skip shell extension 'dsv' for command environment
[2.217s] INFO:colcon.colcon_core.task.python.build:Building Python package in '/workspaces/ros2/swerve_robot/src/swerve_robot_gazebo'
[2.218s] INFO:colcon.colcon_core.shell:Skip shell extension 'powershell' for command environment: Not usable outside of PowerShell
[2.218s] DEBUG:colcon.colcon_core.shell:Skip shell extension 'dsv' for command environment
[2.784s] DEBUG:colcon.colcon_core.event_handler.log_command:Invoking command in '/workspaces/ros2/swerve_robot/src/swerve_robot_gazebo': AMENT_PREFIX_PATH=/workspaces/ros2/swerve_robot/install/swerve_controller:/workspaces/ros2/turtlebot3_ws/install/turtlebot3:/workspaces/ros2/turtlebot3_ws/install/turtlebot3_teleop:/workspaces/ros2/turtlebot3_ws/install/turtlebot3_simulations:/workspaces/ros2/turtlebot3_ws/install/turtlebot3_bringup:/workspaces/ros2/turtlebot3_ws/install/turtlebot3_node:/workspaces/ros2/turtlebot3_ws/install/turtlebot3_navigation2:/workspaces/ros2/turtlebot3_ws/install/turtlebot3_fake_node:/workspaces/ros2/turtlebot3_ws/install/turtlebot3_example:/workspaces/ros2/turtlebot3_ws/install/turtlebot3_msgs:/workspaces/ros2/turtlebot3_ws/install/turtlebot3_gazebo:/workspaces/ros2/turtlebot3_ws/install/turtlebot3_description:/workspaces/ros2/turtlebot3_ws/install/turtlebot3_cartographer:/workspaces/ros2/turtlebot3_ws/install/my_robot_localization:/workspaces/ros2/turtlebot3_ws/install/dynamixel_sdk_examples:/workspaces/ros2/turtlebot3_ws/install/dynamixel_sdk_custom_interfaces:/workspaces/ros2/turtlebot3_ws/install/dynamixel_sdk:/workspaces/ros2/turtlebot3_ws/install/aruco_detector:/workspaces/ros2/swerve_robot/install/swerve_robot_gazebo:/workspaces/ros2/swerve_robot/install/swerve_robot_description:/workspaces/ros2/ros2_ws/install/turtlebot3_static_path:/workspaces/ros2/assembed/install/assembed:/opt/ros/humble CMAKE_PREFIX_PATH=/workspaces/ros2/swerve_robot/install/swerve_robot_description:/workspaces/ros2/turtlebot3_ws/install/turtlebot3:/workspaces/ros2/turtlebot3_ws/install/turtlebot3_simulations:/workspaces/ros2/turtlebot3_ws/install/turtlebot3_bringup:/workspaces/ros2/turtlebot3_ws/install/turtlebot3_node:/workspaces/ros2/turtlebot3_ws/install/turtlebot3_navigation2:/workspaces/ros2/turtlebot3_ws/install/turtlebot3_fake_node:/workspaces/ros2/turtlebot3_ws/install/turtlebot3_msgs:/workspaces/ros2/turtlebot3_ws/install/turtlebot3_gazebo:/workspaces/ros2/turtlebot3_ws/install/turtlebot3_description:/workspaces/ros2/turtlebot3_ws/install/turtlebot3_cartographer:/workspaces/ros2/turtlebot3_ws/install/my_robot_localization:/workspaces/ros2/turtlebot3_ws/install/dynamixel_sdk_examples:/workspaces/ros2/turtlebot3_ws/install/dynamixel_sdk_custom_interfaces:/workspaces/ros2/turtlebot3_ws/install/dynamixel_sdk:/workspaces/ros2/assembed/install/assembed PYTHONPATH=/workspaces/ros2/swerve_robot/build/swerve_robot_gazebo/prefix_override:/usr/lib/python3/dist-packages/colcon_core/task/python/colcon_distutils_commands:/workspaces/ros2/swerve_robot/install/swerve_robot_gazebo/lib/python3.10/site-packages:/workspaces/ros2/swerve_robot/install/swerve_controller/lib/python3.10/site-packages:/workspaces/ros2/turtlebot3_ws/install/turtlebot3_teleop/lib/python3.10/site-packages:/workspaces/ros2/turtlebot3_ws/install/turtlebot3_example/lib/python3.10/site-packages:/workspaces/ros2/turtlebot3_ws/install/turtlebot3_msgs/local/lib/python3.10/dist-packages:/workspaces/ros2/turtlebot3_ws/install/dynamixel_sdk_custom_interfaces/local/lib/python3.10/dist-packages:/workspaces/ros2/turtlebot3_ws/install/aruco_detector/lib/python3.10/site-packages:/workspaces/ros2/swerve_robot/install/swerve_robot_gazebo/lib/python3.10/site-packages:/workspaces/ros2/ros2_ws/install/turtlebot3_static_path/lib/python3.10/site-packages:/opt/ros/humble/lib/python3.10/site-packages:/opt/ros/humble/local/lib/python3.10/dist-packages /usr/bin/python3 -W ignore:setup.py install is deprecated -W ignore:easy_install command is deprecated setup.py egg_info --egg-base ../../build/swerve_robot_gazebo build --build-base /workspaces/ros2/swerve_robot/build/swerve_robot_gazebo/build install --record /workspaces/ros2/swerve_robot/build/swerve_robot_gazebo/install.log --single-version-externally-managed install_data
[3.209s] Level 1:colcon.colcon_core.environment:checking '/workspaces/ros2/swerve_robot/install/swerve_robot_gazebo' for CMake module files
[3.210s] DEBUG:colcon.colcon_core.event_handler.log_command:Invoked command in '/workspaces/ros2/swerve_robot/src/swerve_robot_gazebo' returned '0': AMENT_PREFIX_PATH=/workspaces/ros2/swerve_robot/install/swerve_controller:/workspaces/ros2/turtlebot3_ws/install/turtlebot3:/workspaces/ros2/turtlebot3_ws/install/turtlebot3_teleop:/workspaces/ros2/turtlebot3_ws/install/turtlebot3_simulations:/workspaces/ros2/turtlebot3_ws/install/turtlebot3_bringup:/workspaces/ros2/turtlebot3_ws/install/turtlebot3_node:/workspaces/ros2/turtlebot3_ws/install/turtlebot3_navigation2:/workspaces/ros2/turtlebot3_ws/install/turtlebot3_fake_node:/workspaces/ros2/turtlebot3_ws/install/turtlebot3_example:/workspaces/ros2/turtlebot3_ws/install/turtlebot3_msgs:/workspaces/ros2/turtlebot3_ws/install/turtlebot3_gazebo:/workspaces/ros2/turtlebot3_ws/install/turtlebot3_description:/workspaces/ros2/turtlebot3_ws/install/turtlebot3_cartographer:/workspaces/ros2/turtlebot3_ws/install/my_robot_localization:/workspaces/ros2/turtlebot3_ws/install/dynamixel_sdk_examples:/workspaces/ros2/turtlebot3_ws/install/dynamixel_sdk_custom_interfaces:/workspaces/ros2/turtlebot3_ws/install/dynamixel_sdk:/workspaces/ros2/turtlebot3_ws/install/aruco_detector:/workspaces/ros2/swerve_robot/install/swerve_robot_gazebo:/workspaces/ros2/swerve_robot/install/swerve_robot_description:/workspaces/ros2/ros2_ws/install/turtlebot3_static_path:/workspaces/ros2/assembed/install/assembed:/opt/ros/humble CMAKE_PREFIX_PATH=/workspaces/ros2/swerve_robot/install/swerve_robot_description:/workspaces/ros2/turtlebot3_ws/install/turtlebot3:/workspaces/ros2/turtlebot3_ws/install/turtlebot3_simulations:/workspaces/ros2/turtlebot3_ws/install/turtlebot3_bringup:/workspaces/ros2/turtlebot3_ws/install/turtlebot3_node:/workspaces/ros2/turtlebot3_ws/install/turtlebot3_navigation2:/workspaces/ros2/turtlebot3_ws/install/turtlebot3_fake_node:/workspaces/ros2/turtlebot3_ws/install/turtlebot3_msgs:/workspaces/ros2/turtlebot3_ws/install/turtlebot3_gazebo:/workspaces/ros2/turtlebot3_ws/install/turtlebot3_description:/workspaces/ros2/turtlebot3_ws/install/turtlebot3_cartographer:/workspaces/ros2/turtlebot3_ws/install/my_robot_localization:/workspaces/ros2/turtlebot3_ws/install/dynamixel_sdk_examples:/workspaces/ros2/turtlebot3_ws/install/dynamixel_sdk_custom_interfaces:/workspaces/ros2/turtlebot3_ws/install/dynamixel_sdk:/workspaces/ros2/assembed/install/assembed PYTHONPATH=/workspaces/ros2/swerve_robot/build/swerve_robot_gazebo/prefix_override:/usr/lib/python3/dist-packages/colcon_core/task/python/colcon_distutils_commands:/workspaces/ros2/swerve_robot/install/swerve_robot_gazebo/lib/python3.10/site-packages:/workspaces/ros2/swerve_robot/install/swerve_controller/lib/python3.10/site-packages:/workspaces/ros2/turtlebot3_ws/install/turtlebot3_teleop/lib/python3.10/site-packages:/workspaces/ros2/turtlebot3_ws/install/turtlebot3_example/lib/python3.10/site-packages:/workspaces/ros2/turtlebot3_ws/install/turtlebot3_msgs/local/lib/python3.10/dist-packages:/workspaces/ros2/turtlebot3_ws/install/dynamixel_sdk_custom_interfaces/local/lib/python3.10/dist-packages:/workspaces/ros2/turtlebot3_ws/install/aruco_detector/lib/python3.10/site-packages:/workspaces/ros2/swerve_robot/install/swerve_robot_gazebo/lib/python3.10/site-packages:/workspaces/ros2/ros2_ws/install/turtlebot3_static_path/lib/python3.10/site-packages:/opt/ros/humble/lib/python3.10/site-packages:/opt/ros/humble/local/lib/python3.10/dist-packages /usr/bin/python3 -W ignore:setup.py install is deprecated -W ignore:easy_install command is deprecated setup.py egg_info --egg-base ../../build/swerve_robot_gazebo build --build-base /workspaces/ros2/swerve_robot/build/swerve_robot_gazebo/build install --record /workspaces/ros2/swerve_robot/build/swerve_robot_gazebo/install.log --single-version-externally-managed install_data
[3.210s] Level 1:colcon.colcon_core.environment:checking '/workspaces/ros2/swerve_robot/install/swerve_robot_gazebo' for CMake config files
[3.211s] Level 1:colcon.colcon_core.environment:checking '/workspaces/ros2/swerve_robot/install/swerve_robot_gazebo/lib'
[3.211s] Level 1:colcon.colcon_core.environment:checking '/workspaces/ros2/swerve_robot/install/swerve_robot_gazebo/bin'
[3.211s] Level 1:colcon.colcon_core.environment:checking '/workspaces/ros2/swerve_robot/install/swerve_robot_gazebo/lib/pkgconfig/swerve_robot_gazebo.pc'
[3.212s] Level 1:colcon.colcon_core.environment:checking '/workspaces/ros2/swerve_robot/install/swerve_robot_gazebo/lib/python3.10/site-packages'
[3.212s] Level 1:colcon.colcon_core.shell:create_environment_hook('swerve_robot_gazebo', 'pythonpath')
[3.212s] INFO:colcon.colcon_core.shell:Creating environment hook '/workspaces/ros2/swerve_robot/install/swerve_robot_gazebo/share/swerve_robot_gazebo/hook/pythonpath.ps1'
[3.213s] INFO:colcon.colcon_core.shell:Creating environment descriptor '/workspaces/ros2/swerve_robot/install/swerve_robot_gazebo/share/swerve_robot_gazebo/hook/pythonpath.dsv'
[3.214s] INFO:colcon.colcon_core.shell:Creating environment hook '/workspaces/ros2/swerve_robot/install/swerve_robot_gazebo/share/swerve_robot_gazebo/hook/pythonpath.sh'
[3.214s] Level 1:colcon.colcon_core.environment:checking '/workspaces/ros2/swerve_robot/install/swerve_robot_gazebo/bin'
[3.214s] Level 1:colcon.colcon_core.environment:create_environment_scripts_only(swerve_robot_gazebo)
[3.215s] INFO:colcon.colcon_core.shell:Creating package script '/workspaces/ros2/swerve_robot/install/swerve_robot_gazebo/share/swerve_robot_gazebo/package.ps1'
[3.216s] INFO:colcon.colcon_core.shell:Creating package descriptor '/workspaces/ros2/swerve_robot/install/swerve_robot_gazebo/share/swerve_robot_gazebo/package.dsv'
[3.216s] INFO:colcon.colcon_core.shell:Creating package script '/workspaces/ros2/swerve_robot/install/swerve_robot_gazebo/share/swerve_robot_gazebo/package.sh'
[3.217s] INFO:colcon.colcon_core.shell:Creating package script '/workspaces/ros2/swerve_robot/install/swerve_robot_gazebo/share/swerve_robot_gazebo/package.bash'
[3.217s] INFO:colcon.colcon_core.shell:Creating package script '/workspaces/ros2/swerve_robot/install/swerve_robot_gazebo/share/swerve_robot_gazebo/package.zsh'
[3.218s] Level 1:colcon.colcon_core.environment:create_file_with_runtime_dependencies(/workspaces/ros2/swerve_robot/install/swerve_robot_gazebo/share/colcon-core/packages/swerve_robot_gazebo)
[3.218s] DEBUG:colcon.colcon_parallel_executor.executor.parallel:closing loop
[3.219s] DEBUG:colcon.colcon_parallel_executor.executor.parallel:loop closed
[3.219s] DEBUG:colcon.colcon_parallel_executor.executor.parallel:run_until_complete finished with '0'
[3.219s] DEBUG:colcon.colcon_core.event_reactor:joining thread
[3.229s] INFO:colcon.colcon_core.plugin_system:Skipping extension 'colcon_notification.desktop_notification.notify_send': Could not find 'notify-send'
[3.229s] INFO:colcon.colcon_core.plugin_system:Skipping extension 'colcon_notification.desktop_notification.terminal_notifier': Not used on non-Darwin systems
[3.229s] INFO:colcon.colcon_core.plugin_system:Skipping extension 'colcon_notification.desktop_notification.win32': Not used on non-Windows systems
[3.229s] INFO:colcon.colcon_notification.desktop_notification:Sending desktop notification using 'notify2'
[3.233s] DEBUG:colcon.colcon_notification.desktop_notification.notify2:Failed to initialize notify2: org.freedesktop.DBus.Error.Spawn.ExecFailed: /usr/bin/dbus-launch terminated abnormally without any error message
[3.234s] DEBUG:colcon.colcon_core.event_reactor:joined thread
[3.235s] INFO:colcon.colcon_core.shell:Creating prefix script '/workspaces/ros2/swerve_robot/install/local_setup.ps1'
[3.236s] INFO:colcon.colcon_core.shell:Creating prefix util module '/workspaces/ros2/swerve_robot/install/_local_setup_util_ps1.py'
[3.238s] INFO:colcon.colcon_core.shell:Creating prefix chain script '/workspaces/ros2/swerve_robot/install/setup.ps1'
[3.241s] INFO:colcon.colcon_core.shell:Creating prefix script '/workspaces/ros2/swerve_robot/install/local_setup.sh'
[3.242s] INFO:colcon.colcon_core.shell:Creating prefix util module '/workspaces/ros2/swerve_robot/install/_local_setup_util_sh.py'
[3.243s] INFO:colcon.colcon_core.shell:Creating prefix chain script '/workspaces/ros2/swerve_robot/install/setup.sh'
[3.246s] INFO:colcon.colcon_core.shell:Creating prefix script '/workspaces/ros2/swerve_robot/install/local_setup.bash'
[3.247s] INFO:colcon.colcon_core.shell:Creating prefix chain script '/workspaces/ros2/swerve_robot/install/setup.bash'
[3.249s] INFO:colcon.colcon_core.shell:Creating prefix script '/workspaces/ros2/swerve_robot/install/local_setup.zsh'
[3.250s] INFO:colcon.colcon_core.shell:Creating prefix chain script '/workspaces/ros2/swerve_robot/install/setup.zsh'
