[0.617s] Invoking command in '/workspaces/ros2/swerve_robot/src/swerve_controller': PYTHONPATH=/workspaces/ros2/swerve_robot/build/swerve_controller/prefix_override:/usr/lib/python3/dist-packages/colcon_core/task/python/colcon_distutils_commands:/workspaces/ros2/swerve_robot/install/swerve_controller/lib/python3.10/site-packages:${PYTHONPATH} /usr/bin/python3 -W ignore:setup.py install is deprecated -W ignore:easy_install command is deprecated setup.py egg_info --egg-base ../../build/swerve_controller build --build-base /workspaces/ros2/swerve_robot/build/swerve_controller/build install --record /workspaces/ros2/swerve_robot/build/swerve_controller/install.log --single-version-externally-managed install_data
[0.812s] running egg_info
[0.813s] writing ../../build/swerve_controller/swerve_controller.egg-info/PKG-INFO
[0.813s] writing dependency_links to ../../build/swerve_controller/swerve_controller.egg-info/dependency_links.txt
[0.813s] writing entry points to ../../build/swerve_controller/swerve_controller.egg-info/entry_points.txt
[0.813s] writing requirements to ../../build/swerve_controller/swerve_controller.egg-info/requires.txt
[0.813s] writing top-level names to ../../build/swerve_controller/swerve_controller.egg-info/top_level.txt
[0.815s] reading manifest file '../../build/swerve_controller/swerve_controller.egg-info/SOURCES.txt'
[0.824s] writing manifest file '../../build/swerve_controller/swerve_controller.egg-info/SOURCES.txt'
[0.825s] running build
[0.825s] running build_py
[0.825s] running install
[0.825s] running install_lib
[0.827s] running install_data
[0.827s] running install_egg_info
[0.829s] removing '/workspaces/ros2/swerve_robot/install/swerve_controller/lib/python3.10/site-packages/swerve_controller-0.1.0-py3.10.egg-info' (and everything under it)
[0.829s] Copying ../../build/swerve_controller/swerve_controller.egg-info to /workspaces/ros2/swerve_robot/install/swerve_controller/lib/python3.10/site-packages/swerve_controller-0.1.0-py3.10.egg-info
[0.831s] running install_scripts
[0.851s] Installing swerve_serial_publisher script to /workspaces/ros2/swerve_robot/install/swerve_controller/lib/swerve_controller
[0.852s] Installing wheel_cmd_publisher script to /workspaces/ros2/swerve_robot/install/swerve_controller/lib/swerve_controller
[0.852s] Installing wheel_odometry script to /workspaces/ros2/swerve_robot/install/swerve_controller/lib/swerve_controller
[0.852s] writing list of installed files to '/workspaces/ros2/swerve_robot/build/swerve_controller/install.log'
[0.873s] Invoked command in '/workspaces/ros2/swerve_robot/src/swerve_controller' returned '0': PYTHONPATH=/workspaces/ros2/swerve_robot/build/swerve_controller/prefix_override:/usr/lib/python3/dist-packages/colcon_core/task/python/colcon_distutils_commands:/workspaces/ros2/swerve_robot/install/swerve_controller/lib/python3.10/site-packages:${PYTHONPATH} /usr/bin/python3 -W ignore:setup.py install is deprecated -W ignore:easy_install command is deprecated setup.py egg_info --egg-base ../../build/swerve_controller build --build-base /workspaces/ros2/swerve_robot/build/swerve_controller/build install --record /workspaces/ros2/swerve_robot/build/swerve_controller/install.log --single-version-externally-managed install_data
