[0.555s] Invoking command in '/workspaces/ros2/swerve_robot/src/swerve_controller': PYTHONPATH=/workspaces/ros2/swerve_robot/build/swerve_controller/prefix_override:/usr/lib/python3/dist-packages/colcon_core/task/python/colcon_distutils_commands:/workspaces/ros2/swerve_robot/install/swerve_controller/lib/python3.10/site-packages:${PYTHONPATH} /usr/bin/python3 -W ignore:setup.py install is deprecated -W ignore:easy_install command is deprecated setup.py egg_info --egg-base ../../build/swerve_controller build --build-base /workspaces/ros2/swerve_robot/build/swerve_controller/build install --record /workspaces/ros2/swerve_robot/build/swerve_controller/install.log --single-version-externally-managed install_data
[0.751s] running egg_info
[0.751s] creating ../../build/swerve_controller/swerve_controller.egg-info
[0.751s] writing ../../build/swerve_controller/swerve_controller.egg-info/PKG-INFO
[0.752s] writing dependency_links to ../../build/swerve_controller/swerve_controller.egg-info/dependency_links.txt
[0.752s] writing entry points to ../../build/swerve_controller/swerve_controller.egg-info/entry_points.txt
[0.752s] writing requirements to ../../build/swerve_controller/swerve_controller.egg-info/requires.txt
[0.752s] writing top-level names to ../../build/swerve_controller/swerve_controller.egg-info/top_level.txt
[0.752s] writing manifest file '../../build/swerve_controller/swerve_controller.egg-info/SOURCES.txt'
[0.753s] reading manifest file '../../build/swerve_controller/swerve_controller.egg-info/SOURCES.txt'
[0.753s] writing manifest file '../../build/swerve_controller/swerve_controller.egg-info/SOURCES.txt'
[0.754s] running build
[0.754s] running build_py
[0.754s] creating /workspaces/ros2/swerve_robot/build/swerve_controller/build
[0.754s] creating /workspaces/ros2/swerve_robot/build/swerve_controller/build/lib
[0.754s] creating /workspaces/ros2/swerve_robot/build/swerve_controller/build/lib/swerve_controller
[0.754s] copying swerve_controller/__init__.py -> /workspaces/ros2/swerve_robot/build/swerve_controller/build/lib/swerve_controller
[0.754s] copying swerve_controller/swerve_joints.py -> /workspaces/ros2/swerve_robot/build/swerve_controller/build/lib/swerve_controller
[0.754s] copying swerve_controller/swerve_commander.py -> /workspaces/ros2/swerve_robot/build/swerve_controller/build/lib/swerve_controller
[0.754s] copying swerve_controller/swerve_odometer.py -> /workspaces/ros2/swerve_robot/build/swerve_controller/build/lib/swerve_controller
[0.754s] copying swerve_controller/swerve_serial_publisher.py -> /workspaces/ros2/swerve_robot/build/swerve_controller/build/lib/swerve_controller
[0.754s] running install
[0.754s] running install_lib
[0.755s] creating /workspaces/ros2/swerve_robot/install/swerve_controller/lib/python3.10/site-packages/swerve_controller
[0.755s] copying /workspaces/ros2/swerve_robot/build/swerve_controller/build/lib/swerve_controller/__init__.py -> /workspaces/ros2/swerve_robot/install/swerve_controller/lib/python3.10/site-packages/swerve_controller
[0.755s] copying /workspaces/ros2/swerve_robot/build/swerve_controller/build/lib/swerve_controller/swerve_joints.py -> /workspaces/ros2/swerve_robot/install/swerve_controller/lib/python3.10/site-packages/swerve_controller
[0.755s] copying /workspaces/ros2/swerve_robot/build/swerve_controller/build/lib/swerve_controller/swerve_commander.py -> /workspaces/ros2/swerve_robot/install/swerve_controller/lib/python3.10/site-packages/swerve_controller
[0.755s] copying /workspaces/ros2/swerve_robot/build/swerve_controller/build/lib/swerve_controller/swerve_odometer.py -> /workspaces/ros2/swerve_robot/install/swerve_controller/lib/python3.10/site-packages/swerve_controller
[0.755s] copying /workspaces/ros2/swerve_robot/build/swerve_controller/build/lib/swerve_controller/swerve_serial_publisher.py -> /workspaces/ros2/swerve_robot/install/swerve_controller/lib/python3.10/site-packages/swerve_controller
[0.755s] byte-compiling /workspaces/ros2/swerve_robot/install/swerve_controller/lib/python3.10/site-packages/swerve_controller/__init__.py to __init__.cpython-310.pyc
[0.756s] byte-compiling /workspaces/ros2/swerve_robot/install/swerve_controller/lib/python3.10/site-packages/swerve_controller/swerve_joints.py to swerve_joints.cpython-310.pyc
[0.756s] byte-compiling /workspaces/ros2/swerve_robot/install/swerve_controller/lib/python3.10/site-packages/swerve_controller/swerve_commander.py to swerve_commander.cpython-310.pyc
[0.757s] byte-compiling /workspaces/ros2/swerve_robot/install/swerve_controller/lib/python3.10/site-packages/swerve_controller/swerve_odometer.py to swerve_odometer.cpython-310.pyc
[0.758s] byte-compiling /workspaces/ros2/swerve_robot/install/swerve_controller/lib/python3.10/site-packages/swerve_controller/swerve_serial_publisher.py to swerve_serial_publisher.cpython-310.pyc
[0.758s] running install_data
[0.759s] creating /workspaces/ros2/swerve_robot/install/swerve_controller/share/ament_index
[0.759s] creating /workspaces/ros2/swerve_robot/install/swerve_controller/share/ament_index/resource_index
[0.759s] creating /workspaces/ros2/swerve_robot/install/swerve_controller/share/ament_index/resource_index/packages
[0.759s] copying resource/swerve_controller -> /workspaces/ros2/swerve_robot/install/swerve_controller/share/ament_index/resource_index/packages
[0.759s] copying package.xml -> /workspaces/ros2/swerve_robot/install/swerve_controller/share/swerve_controller
[0.759s] creating /workspaces/ros2/swerve_robot/install/swerve_controller/share/swerve_controller/launch
[0.759s] copying launch/swerve_arduino.launch.py -> /workspaces/ros2/swerve_robot/install/swerve_controller/share/swerve_controller/launch
[0.759s] copying launch/swerve_control_odom.launch.py -> /workspaces/ros2/swerve_robot/install/swerve_controller/share/swerve_controller/launch
[0.759s] creating /workspaces/ros2/swerve_robot/install/swerve_controller/share/swerve_controller/config
[0.759s] copying config/robot_geometry.yaml -> /workspaces/ros2/swerve_robot/install/swerve_controller/share/swerve_controller/config
[0.759s] copying config/controller.yaml -> /workspaces/ros2/swerve_robot/install/swerve_controller/share/swerve_controller/config
[0.759s] creating /workspaces/ros2/swerve_robot/install/swerve_controller/share/swerve_controller/swerve_controller
[0.759s] copying swerve_controller/__init__.py -> /workspaces/ros2/swerve_robot/install/swerve_controller/share/swerve_controller/swerve_controller
[0.759s] copying swerve_controller/swerve_joints.py -> /workspaces/ros2/swerve_robot/install/swerve_controller/share/swerve_controller/swerve_controller
[0.759s] copying swerve_controller/swerve_commander.py -> /workspaces/ros2/swerve_robot/install/swerve_controller/share/swerve_controller/swerve_controller
[0.759s] copying swerve_controller/swerve_odometer.py -> /workspaces/ros2/swerve_robot/install/swerve_controller/share/swerve_controller/swerve_controller
[0.759s] copying swerve_controller/swerve_serial_publisher.py -> /workspaces/ros2/swerve_robot/install/swerve_controller/share/swerve_controller/swerve_controller
[0.760s] running install_egg_info
[0.761s] Copying ../../build/swerve_controller/swerve_controller.egg-info to /workspaces/ros2/swerve_robot/install/swerve_controller/lib/python3.10/site-packages/swerve_controller-0.1.0-py3.10.egg-info
[0.761s] running install_scripts
[0.777s] Installing swerve_serial_publisher script to /workspaces/ros2/swerve_robot/install/swerve_controller/lib/swerve_controller
[0.777s] Installing wheel_cmd_publisher script to /workspaces/ros2/swerve_robot/install/swerve_controller/lib/swerve_controller
[0.777s] Installing wheel_odometry script to /workspaces/ros2/swerve_robot/install/swerve_controller/lib/swerve_controller
[0.778s] writing list of installed files to '/workspaces/ros2/swerve_robot/build/swerve_controller/install.log'
[0.798s] Invoked command in '/workspaces/ros2/swerve_robot/src/swerve_controller' returned '0': PYTHONPATH=/workspaces/ros2/swerve_robot/build/swerve_controller/prefix_override:/usr/lib/python3/dist-packages/colcon_core/task/python/colcon_distutils_commands:/workspaces/ros2/swerve_robot/install/swerve_controller/lib/python3.10/site-packages:${PYTHONPATH} /usr/bin/python3 -W ignore:setup.py install is deprecated -W ignore:easy_install command is deprecated setup.py egg_info --egg-base ../../build/swerve_controller build --build-base /workspaces/ros2/swerve_robot/build/swerve_controller/build install --record /workspaces/ros2/swerve_robot/build/swerve_controller/install.log --single-version-externally-managed install_data
